[0.069s] Invoking command in '/home/gilang/MagangBanyu/build/flare': CMAKE_PREFIX_PATH=${CMAKE_PREFIX_PATH}:/home/gilang/ros2_ws/install/joystick_ros2:/opt/ros/humble /usr/bin/cmake /home/gilang/MagangBanyu/src/flare -DAMENT_CMAKE_SYMLINK_INSTALL=1 -DCMAKE_INSTALL_PREFIX=/home/gilang/MagangBanyu/install/flare
[0.214s] -- The C compiler identification is GNU 11.4.0
[0.332s] -- The CXX compiler identification is GNU 11.4.0
[0.347s] -- Detecting C compiler ABI info
[0.445s] -- Detecting C compiler ABI info - done
[0.454s] -- Check for working C compiler: /usr/bin/cc - skipped
[0.456s] -- Detecting C compile features
[0.456s] -- Detecting C compile features - done
[0.461s] -- Detecting CXX compiler ABI info
[0.560s] -- Detecting CXX compiler ABI info - done
[0.569s] -- Check for working CXX compiler: /usr/bin/c++ - skipped
[0.569s] -- Detecting CXX compile features
[0.570s] -- Detecting CXX compile features - done
[0.576s] -- Found ament_cmake: 1.3.8 (/opt/ros/humble/share/ament_cmake/cmake)
[0.992s] -- Found Python3: /usr/bin/python3 (found version "3.10.12") found components: Interpreter 
[1.080s] -- Override CMake install command with custom implementation using symlinks instead of copying resources
[1.126s] -- Found rclcpp: 16.0.8 (/opt/ros/humble/share/rclcpp/cmake)
[1.197s] -- Found rosidl_generator_c: 3.1.5 (/opt/ros/humble/share/rosidl_generator_c/cmake)
[1.205s] -- Found rosidl_adapter: 3.1.5 (/opt/ros/humble/share/rosidl_adapter/cmake)
[1.219s] -- Found rosidl_generator_cpp: 3.1.5 (/opt/ros/humble/share/rosidl_generator_cpp/cmake)
[1.241s] -- Using all available rosidl_typesupport_c: rosidl_typesupport_fastrtps_c;rosidl_typesupport_introspection_c
[1.272s] -- Using all available rosidl_typesupport_cpp: rosidl_typesupport_fastrtps_cpp;rosidl_typesupport_introspection_cpp
[1.369s] -- Found rmw_implementation_cmake: 6.1.1 (/opt/ros/humble/share/rmw_implementation_cmake/cmake)
[1.374s] -- Found rmw_fastrtps_cpp: 6.2.6 (/opt/ros/humble/share/rmw_fastrtps_cpp/cmake)
[1.503s] -- Found OpenSSL: /usr/lib/x86_64-linux-gnu/libcrypto.so (found version "3.0.2")  
[1.539s] -- Found FastRTPS: /opt/ros/humble/include  
[1.598s] -- Using RMW implementation 'rmw_fastrtps_cpp' as default
[1.612s] -- Looking for pthread.h
[1.709s] -- Looking for pthread.h - found
[1.709s] -- Performing Test CMAKE_HAVE_LIBC_PTHREAD
[1.798s] -- Performing Test CMAKE_HAVE_LIBC_PTHREAD - Success
[1.800s] -- Found Threads: TRUE  
[2.007s] -- Found OpenCV: /usr/local (found version "4.9.0") 
[2.009s] -- Found rosidl_default_generators: 1.2.0 (/opt/ros/humble/share/rosidl_default_generators/cmake)
[2.375s] -- Found ament_cmake_ros: 0.10.0 (/opt/ros/humble/share/ament_cmake_ros/cmake)
[2.840s] -- Using all available rosidl_typesupport_c: rosidl_typesupport_fastrtps_c;rosidl_typesupport_introspection_c
[3.014s] -- Using all available rosidl_typesupport_cpp: rosidl_typesupport_fastrtps_cpp;rosidl_typesupport_introspection_cpp
[3.045s] -- Found PythonInterp: /usr/bin/python3 (found suitable version "3.10.12", minimum required is "3.6") 
[3.047s] -- Found python_cmake_module: 0.10.0 (/opt/ros/humble/share/python_cmake_module/cmake)
[3.083s] -- Found PythonLibs: /usr/lib/x86_64-linux-gnu/libpython3.10.so (found suitable version "3.10.12", minimum required is "3.5") 
[3.083s] -- Using PYTHON_EXECUTABLE: /usr/bin/python3
[3.083s] -- Using PYTHON_INCLUDE_DIRS: /usr/include/python3.10
[3.083s] -- Using PYTHON_LIBRARIES: /usr/lib/x86_64-linux-gnu/libpython3.10.so
[3.110s] -- Found PythonExtra: .so  
[3.178s] -- Found ament_lint_auto: 0.12.10 (/opt/ros/humble/share/ament_lint_auto/cmake)
[3.215s] -- Added test 'cppcheck' to perform static code analysis on C / C++ code
[3.216s] -- Configured cppcheck include dirs: 
[3.216s] -- Configured cppcheck exclude dirs and/or files: 
[3.219s] -- Added test 'lint_cmake' to check CMake code style
[3.226s] -- Added test 'uncrustify' to check C / C++ code style
[3.226s] -- Configured uncrustify additional arguments: 
[3.227s] -- Added test 'xmllint' to check XML markup files
[3.231s] -- Configuring done
[3.272s] -- Generating done
[3.275s] -- Build files have been written to: /home/gilang/MagangBanyu/build/flare
[3.287s] Invoked command in '/home/gilang/MagangBanyu/build/flare' returned '0': CMAKE_PREFIX_PATH=${CMAKE_PREFIX_PATH}:/home/gilang/ros2_ws/install/joystick_ros2:/opt/ros/humble /usr/bin/cmake /home/gilang/MagangBanyu/src/flare -DAMENT_CMAKE_SYMLINK_INSTALL=1 -DCMAKE_INSTALL_PREFIX=/home/gilang/MagangBanyu/install/flare
[3.290s] Invoking command in '/home/gilang/MagangBanyu/build/flare': CMAKE_PREFIX_PATH=${CMAKE_PREFIX_PATH}:/home/gilang/ros2_ws/install/joystick_ros2:/opt/ros/humble /usr/bin/cmake --build /home/gilang/MagangBanyu/build/flare -- -j12 -l12
[3.337s] [  3%] [34m[1mGenerating C code for ROS interfaces[0m
[3.354s] [  6%] [34m[1mGenerating C++ code for ROS interfaces[0m
[3.367s] [  6%] Built target ament_cmake_python_symlink_flare
[3.678s] running egg_info
[3.680s] creating flare.egg-info
[3.700s] writing flare.egg-info/PKG-INFO
[3.701s] writing dependency_links to flare.egg-info/dependency_links.txt
[3.701s] writing top-level names to flare.egg-info/top_level.txt
[3.701s] writing manifest file 'flare.egg-info/SOURCES.txt'
[3.743s] [  6%] Built target flare__cpp
[3.761s] [  9%] [34m[1mGenerating C++ type support dispatch for ROS interfaces[0m
[3.761s] [ 12%] [34m[1mGenerating C++ type support for eProsima Fast-RTPS[0m
[3.762s] [ 15%] [34m[1mGenerating C++ introspection for ROS interfaces[0m
[3.769s] [ 18%] [32mBuilding C object CMakeFiles/flare__rosidl_generator_c.dir/rosidl_generator_c/flare/msg/detail/color__functions.c.o[0m
[3.778s] reading manifest file 'flare.egg-info/SOURCES.txt'
[3.779s] writing manifest file 'flare.egg-info/SOURCES.txt'
[3.827s] [ 18%] Built target ament_cmake_python_build_flare_egg
[3.876s] [ 21%] [32m[1mLinking C shared library libflare__rosidl_generator_c.so[0m
[3.940s] [ 21%] Built target flare__rosidl_generator_c
[3.958s] [ 24%] [34m[1mGenerating C type support for eProsima Fast-RTPS[0m
[3.963s] [ 30%] [34m[1mGenerating C type support dispatch for ROS interfaces[0m
[3.964s] [ 30%] [34m[1mGenerating C introspection for ROS interfaces[0m
[4.170s] [ 33%] [32mBuilding CXX object CMakeFiles/flare__rosidl_typesupport_cpp.dir/rosidl_typesupport_cpp/flare/msg/color__type_support.cpp.o[0m
[4.200s] [ 36%] [32mBuilding CXX object CMakeFiles/flare__rosidl_typesupport_introspection_cpp.dir/rosidl_typesupport_introspection_cpp/flare/msg/detail/color__type_support.cpp.o[0m
[4.215s] [ 39%] [32mBuilding CXX object CMakeFiles/flare__rosidl_typesupport_fastrtps_cpp.dir/rosidl_typesupport_fastrtps_cpp/flare/msg/detail/dds_fastrtps/color__type_support.cpp.o[0m
[4.418s] [ 42%] [32mBuilding CXX object CMakeFiles/flare__rosidl_typesupport_fastrtps_c.dir/rosidl_typesupport_fastrtps_c/flare/msg/detail/color__type_support_c.cpp.o[0m
[4.430s] [ 45%] [32mBuilding CXX object CMakeFiles/flare__rosidl_typesupport_c.dir/rosidl_typesupport_c/flare/msg/color__type_support.cpp.o[0m
[4.497s] [ 48%] [32m[1mLinking CXX shared library libflare__rosidl_typesupport_c.so[0m
[4.560s] [ 51%] [32mBuilding C object CMakeFiles/flare__rosidl_typesupport_introspection_c.dir/rosidl_typesupport_introspection_c/flare/msg/detail/color__type_support.c.o[0m
[4.592s] [ 51%] Built target flare__rosidl_typesupport_c
[4.634s] [ 54%] [32m[1mLinking C shared library libflare__rosidl_typesupport_introspection_c.so[0m
[4.660s] [ 57%] [32m[1mLinking CXX shared library libflare__rosidl_typesupport_cpp.so[0m
[4.696s] [ 57%] Built target flare__rosidl_typesupport_introspection_c
[4.736s] [ 57%] Built target flare__rosidl_typesupport_cpp
[4.772s] [ 60%] [32mBuilding CXX object CMakeFiles/detect.dir/src/main.cpp.o[0m
[4.895s] [ 63%] [32m[1mLinking CXX shared library libflare__rosidl_typesupport_introspection_cpp.so[0m
[4.929s] [ 66%] [32m[1mLinking CXX shared library libflare__rosidl_typesupport_fastrtps_cpp.so[0m
[4.967s] [ 66%] Built target flare__rosidl_typesupport_introspection_cpp
[4.981s] [ 69%] [32m[1mLinking CXX shared library libflare__rosidl_typesupport_fastrtps_c.so[0m
[5.062s] [ 69%] Built target flare__rosidl_typesupport_fastrtps_cpp
[5.107s] [ 69%] Built target flare__rosidl_typesupport_fastrtps_c
[5.135s] [ 69%] Built target flare
[5.164s] [ 72%] [34m[1mGenerating Python code for ROS interfaces[0m
[5.579s] [ 72%] Built target flare__py
[5.608s] [ 75%] [32mBuilding C object CMakeFiles/flare__rosidl_generator_py.dir/rosidl_generator_py/flare/msg/_color_s.c.o[0m
[5.760s] [ 78%] [32m[1mLinking C shared library rosidl_generator_py/flare/libflare__rosidl_generator_py.so[0m
[5.821s] [ 78%] Built target flare__rosidl_generator_py
[5.855s] [ 81%] [32mBuilding C object CMakeFiles/flare__rosidl_typesupport_fastrtps_c__pyext.dir/rosidl_generator_py/flare/_flare_s.ep.rosidl_typesupport_fastrtps_c.c.o[0m
[5.855s] [ 87%] [32mBuilding C object CMakeFiles/flare__rosidl_typesupport_introspection_c__pyext.dir/rosidl_generator_py/flare/_flare_s.ep.rosidl_typesupport_introspection_c.c.o[0m
[5.855s] [ 87%] [32mBuilding C object CMakeFiles/flare__rosidl_typesupport_c__pyext.dir/rosidl_generator_py/flare/_flare_s.ep.rosidl_typesupport_c.c.o[0m
[6.021s] [ 90%] [32m[1mLinking C shared library rosidl_generator_py/flare/flare_s__rosidl_typesupport_c.cpython-310-x86_64-linux-gnu.so[0m
[6.021s] [ 96%] [32m[1mLinking C shared library rosidl_generator_py/flare/flare_s__rosidl_typesupport_introspection_c.cpython-310-x86_64-linux-gnu.so[0m
[6.021s] [ 96%] [32m[1mLinking C shared library rosidl_generator_py/flare/flare_s__rosidl_typesupport_fastrtps_c.cpython-310-x86_64-linux-gnu.so[0m
[6.086s] [ 96%] Built target flare__rosidl_typesupport_c__pyext
[6.087s] [ 96%] Built target flare__rosidl_typesupport_fastrtps_c__pyext
[6.087s] [ 96%] Built target flare__rosidl_typesupport_introspection_c__pyext
[11.517s] [100%] [32m[1mLinking CXX executable detect[0m
[12.025s] [100%] Built target detect
[12.040s] Invoked command in '/home/gilang/MagangBanyu/build/flare' returned '0': CMAKE_PREFIX_PATH=${CMAKE_PREFIX_PATH}:/home/gilang/ros2_ws/install/joystick_ros2:/opt/ros/humble /usr/bin/cmake --build /home/gilang/MagangBanyu/build/flare -- -j12 -l12
[12.130s] Invoking command in '/home/gilang/MagangBanyu/build/flare': CMAKE_PREFIX_PATH=${CMAKE_PREFIX_PATH}:/home/gilang/ros2_ws/install/joystick_ros2:/opt/ros/humble /usr/bin/cmake --install /home/gilang/MagangBanyu/build/flare
[12.139s] -- Install configuration: ""
[12.140s] -- Execute custom install script
[12.140s] -- Symlinking: /home/gilang/MagangBanyu/install/flare/share/ament_index/resource_index/rosidl_interfaces/flare
[12.150s] -- Symlinking: /home/gilang/MagangBanyu/install/flare/include/flare/flare/msg/color.h
[12.159s] -- Symlinking: /home/gilang/MagangBanyu/install/flare/include/flare/flare/msg/detail/color__functions.h
[12.169s] -- Symlinking: /home/gilang/MagangBanyu/install/flare/include/flare/flare/msg/detail/color__struct.h
[12.179s] -- Symlinking: /home/gilang/MagangBanyu/install/flare/include/flare/flare/msg/detail/color__type_support.h
[12.190s] -- Symlinking: /home/gilang/MagangBanyu/install/flare/include/flare/flare/msg/rosidl_generator_c__visibility_control.h
[12.200s] -- Symlinking: /home/gilang/MagangBanyu/install/flare/share/flare/environment/library_path.sh
[12.210s] -- Symlinking: /home/gilang/MagangBanyu/install/flare/share/flare/environment/library_path.dsv
[12.221s] -- Symlinking: /home/gilang/MagangBanyu/install/flare/include/flare/flare/msg/detail/color__rosidl_typesupport_fastrtps_c.h
[12.231s] -- Symlinking: /home/gilang/MagangBanyu/install/flare/include/flare/flare/msg/rosidl_typesupport_fastrtps_c__visibility_control.h
[12.241s] -- Symlinking: /home/gilang/MagangBanyu/install/flare/include/flare/flare/msg/color.hpp
[12.251s] -- Symlinking: /home/gilang/MagangBanyu/install/flare/include/flare/flare/msg/detail/color__builder.hpp
[12.261s] -- Symlinking: /home/gilang/MagangBanyu/install/flare/include/flare/flare/msg/detail/color__struct.hpp
[12.270s] -- Symlinking: /home/gilang/MagangBanyu/install/flare/include/flare/flare/msg/detail/color__traits.hpp
[12.282s] -- Symlinking: /home/gilang/MagangBanyu/install/flare/include/flare/flare/msg/detail/color__rosidl_typesupport_fastrtps_cpp.hpp
[12.292s] -- Symlinking: /home/gilang/MagangBanyu/install/flare/include/flare/flare/msg/rosidl_typesupport_fastrtps_cpp__visibility_control.h
[12.301s] -- Symlinking: /home/gilang/MagangBanyu/install/flare/include/flare/flare/msg/detail/color__rosidl_typesupport_introspection_c.h
[12.311s] -- Symlinking: /home/gilang/MagangBanyu/install/flare/include/flare/flare/msg/rosidl_typesupport_introspection_c__visibility_control.h
[12.321s] -- Symlinking: /home/gilang/MagangBanyu/install/flare/include/flare/flare/msg/detail/color__rosidl_typesupport_introspection_cpp.hpp
[12.330s] -- Symlinking: /home/gilang/MagangBanyu/install/flare/share/flare/environment/pythonpath.sh
[12.340s] -- Symlinking: /home/gilang/MagangBanyu/install/flare/share/flare/environment/pythonpath.dsv
[12.350s] -- Symlinking: /home/gilang/MagangBanyu/install/flare/local/lib/python3.10/dist-packages/flare-0.0.0-py3.10.egg-info/PKG-INFO
[12.359s] -- Symlinking: /home/gilang/MagangBanyu/install/flare/local/lib/python3.10/dist-packages/flare-0.0.0-py3.10.egg-info/SOURCES.txt
[12.369s] -- Symlinking: /home/gilang/MagangBanyu/install/flare/local/lib/python3.10/dist-packages/flare-0.0.0-py3.10.egg-info/dependency_links.txt
[12.380s] -- Symlinking: /home/gilang/MagangBanyu/install/flare/local/lib/python3.10/dist-packages/flare-0.0.0-py3.10.egg-info/top_level.txt
[12.392s] -- Symlinking: /home/gilang/MagangBanyu/install/flare/local/lib/python3.10/dist-packages/flare/__init__.py
[12.401s] -- Symlinking: /home/gilang/MagangBanyu/install/flare/local/lib/python3.10/dist-packages/flare/_flare_s.ep.rosidl_typesupport_c.c
[12.411s] -- Symlinking: /home/gilang/MagangBanyu/install/flare/local/lib/python3.10/dist-packages/flare/_flare_s.ep.rosidl_typesupport_fastrtps_c.c
[12.420s] -- Symlinking: /home/gilang/MagangBanyu/install/flare/local/lib/python3.10/dist-packages/flare/_flare_s.ep.rosidl_typesupport_introspection_c.c
[12.430s] -- Symlinking: /home/gilang/MagangBanyu/install/flare/local/lib/python3.10/dist-packages/flare/flare_s__rosidl_typesupport_c.cpython-310-x86_64-linux-gnu.so
[12.439s] -- Symlinking: /home/gilang/MagangBanyu/install/flare/local/lib/python3.10/dist-packages/flare/flare_s__rosidl_typesupport_fastrtps_c.cpython-310-x86_64-linux-gnu.so
[12.448s] -- Symlinking: /home/gilang/MagangBanyu/install/flare/local/lib/python3.10/dist-packages/flare/flare_s__rosidl_typesupport_introspection_c.cpython-310-x86_64-linux-gnu.so
[12.457s] -- Symlinking: /home/gilang/MagangBanyu/install/flare/local/lib/python3.10/dist-packages/flare/libflare__rosidl_generator_py.so
[12.467s] -- Symlinking: /home/gilang/MagangBanyu/install/flare/local/lib/python3.10/dist-packages/flare/msg/__init__.py
[12.478s] -- Symlinking: /home/gilang/MagangBanyu/install/flare/local/lib/python3.10/dist-packages/flare/msg/_color.py
[12.488s] -- Symlinking: /home/gilang/MagangBanyu/install/flare/local/lib/python3.10/dist-packages/flare/msg/_color_s.c
[12.498s] -- Up-to-date symlink: /home/gilang/MagangBanyu/install/flare/local/lib/python3.10/dist-packages/flare/flare_s__rosidl_typesupport_fastrtps_c.cpython-310-x86_64-linux-gnu.so
[12.498s] -- Up-to-date symlink: /home/gilang/MagangBanyu/install/flare/local/lib/python3.10/dist-packages/flare/flare_s__rosidl_typesupport_introspection_c.cpython-310-x86_64-linux-gnu.so
[12.498s] -- Up-to-date symlink: /home/gilang/MagangBanyu/install/flare/local/lib/python3.10/dist-packages/flare/flare_s__rosidl_typesupport_c.cpython-310-x86_64-linux-gnu.so
[12.498s] -- Symlinking: /home/gilang/MagangBanyu/install/flare/share/flare/msg/Color.idl
[12.508s] -- Symlinking: /home/gilang/MagangBanyu/install/flare/share/flare/msg/Color.msg
[12.518s] -- Symlinking: /home/gilang/MagangBanyu/install/flare/lib/flare/detect
[12.528s] -- Symlinking: /home/gilang/MagangBanyu/install/flare/share/ament_index/resource_index/package_run_dependencies/flare
[12.537s] -- Symlinking: /home/gilang/MagangBanyu/install/flare/share/ament_index/resource_index/parent_prefix_path/flare
[12.546s] -- Symlinking: /home/gilang/MagangBanyu/install/flare/share/flare/environment/ament_prefix_path.sh
[12.556s] -- Symlinking: /home/gilang/MagangBanyu/install/flare/share/flare/environment/ament_prefix_path.dsv
[12.565s] -- Symlinking: /home/gilang/MagangBanyu/install/flare/share/flare/environment/path.sh
[12.575s] -- Symlinking: /home/gilang/MagangBanyu/install/flare/share/flare/environment/path.dsv
[12.587s] -- Symlinking: /home/gilang/MagangBanyu/install/flare/share/flare/local_setup.bash
[12.597s] -- Symlinking: /home/gilang/MagangBanyu/install/flare/share/flare/local_setup.sh
[12.606s] -- Symlinking: /home/gilang/MagangBanyu/install/flare/share/flare/local_setup.zsh
[12.616s] -- Symlinking: /home/gilang/MagangBanyu/install/flare/share/flare/local_setup.dsv
[12.626s] -- Symlinking: /home/gilang/MagangBanyu/install/flare/share/flare/package.dsv
[12.635s] -- Symlinking: /home/gilang/MagangBanyu/install/flare/share/ament_index/resource_index/packages/flare
[12.645s] -- Symlinking: /home/gilang/MagangBanyu/install/flare/share/flare/cmake/rosidl_cmake-extras.cmake
[12.655s] -- Symlinking: /home/gilang/MagangBanyu/install/flare/share/flare/cmake/ament_cmake_export_dependencies-extras.cmake
[12.664s] -- Symlinking: /home/gilang/MagangBanyu/install/flare/share/flare/cmake/ament_cmake_export_include_directories-extras.cmake
[12.675s] -- Symlinking: /home/gilang/MagangBanyu/install/flare/share/flare/cmake/ament_cmake_export_libraries-extras.cmake
[12.686s] -- Symlinking: /home/gilang/MagangBanyu/install/flare/share/flare/cmake/ament_cmake_export_targets-extras.cmake
[12.696s] -- Symlinking: /home/gilang/MagangBanyu/install/flare/share/flare/cmake/rosidl_cmake_export_typesupport_targets-extras.cmake
[12.705s] -- Symlinking: /home/gilang/MagangBanyu/install/flare/share/flare/cmake/rosidl_cmake_export_typesupport_libraries-extras.cmake
[12.715s] -- Symlinking: /home/gilang/MagangBanyu/install/flare/share/flare/cmake/flareConfig.cmake
[12.724s] -- Symlinking: /home/gilang/MagangBanyu/install/flare/share/flare/cmake/flareConfig-version.cmake
[12.733s] -- Symlinking: /home/gilang/MagangBanyu/install/flare/share/flare/package.xml
[12.742s] -- Installing: /home/gilang/MagangBanyu/install/flare/lib/libflare__rosidl_generator_c.so
[12.743s] -- Set runtime path of "/home/gilang/MagangBanyu/install/flare/lib/libflare__rosidl_generator_c.so" to ""
[12.743s] -- Installing: /home/gilang/MagangBanyu/install/flare/lib/libflare__rosidl_typesupport_fastrtps_c.so
[12.743s] -- Set runtime path of "/home/gilang/MagangBanyu/install/flare/lib/libflare__rosidl_typesupport_fastrtps_c.so" to ""
[12.743s] -- Installing: /home/gilang/MagangBanyu/install/flare/lib/libflare__rosidl_typesupport_fastrtps_cpp.so
[12.743s] -- Set runtime path of "/home/gilang/MagangBanyu/install/flare/lib/libflare__rosidl_typesupport_fastrtps_cpp.so" to ""
[12.743s] -- Installing: /home/gilang/MagangBanyu/install/flare/lib/libflare__rosidl_typesupport_introspection_c.so
[12.744s] -- Set runtime path of "/home/gilang/MagangBanyu/install/flare/lib/libflare__rosidl_typesupport_introspection_c.so" to ""
[12.744s] -- Installing: /home/gilang/MagangBanyu/install/flare/lib/libflare__rosidl_typesupport_c.so
[12.744s] -- Set runtime path of "/home/gilang/MagangBanyu/install/flare/lib/libflare__rosidl_typesupport_c.so" to ""
[12.744s] -- Installing: /home/gilang/MagangBanyu/install/flare/lib/libflare__rosidl_typesupport_introspection_cpp.so
[12.744s] -- Set runtime path of "/home/gilang/MagangBanyu/install/flare/lib/libflare__rosidl_typesupport_introspection_cpp.so" to ""
[12.744s] -- Installing: /home/gilang/MagangBanyu/install/flare/lib/libflare__rosidl_typesupport_cpp.so
[12.744s] -- Set runtime path of "/home/gilang/MagangBanyu/install/flare/lib/libflare__rosidl_typesupport_cpp.so" to ""
[12.792s] Listing '/home/gilang/MagangBanyu/install/flare/local/lib/python3.10/dist-packages/flare'...
[12.792s] Compiling '/home/gilang/MagangBanyu/install/flare/local/lib/python3.10/dist-packages/flare/__init__.py'...
[12.792s] Listing '/home/gilang/MagangBanyu/install/flare/local/lib/python3.10/dist-packages/flare/msg'...
[12.792s] Compiling '/home/gilang/MagangBanyu/install/flare/local/lib/python3.10/dist-packages/flare/msg/__init__.py'...
[12.792s] Compiling '/home/gilang/MagangBanyu/install/flare/local/lib/python3.10/dist-packages/flare/msg/_color.py'...
[12.797s] -- Installing: /home/gilang/MagangBanyu/install/flare/lib/libflare__rosidl_generator_py.so
[12.797s] -- Set runtime path of "/home/gilang/MagangBanyu/install/flare/lib/libflare__rosidl_generator_py.so" to ""
[12.797s] -- Installing: /home/gilang/MagangBanyu/install/flare/share/flare/cmake/export_flare__rosidl_generator_cExport.cmake
[12.798s] -- Installing: /home/gilang/MagangBanyu/install/flare/share/flare/cmake/export_flare__rosidl_generator_cExport-noconfig.cmake
[12.798s] -- Installing: /home/gilang/MagangBanyu/install/flare/share/flare/cmake/export_flare__rosidl_typesupport_fastrtps_cExport.cmake
[12.798s] -- Installing: /home/gilang/MagangBanyu/install/flare/share/flare/cmake/export_flare__rosidl_typesupport_fastrtps_cExport-noconfig.cmake
[12.798s] -- Installing: /home/gilang/MagangBanyu/install/flare/share/flare/cmake/export_flare__rosidl_generator_cppExport.cmake
[12.798s] -- Installing: /home/gilang/MagangBanyu/install/flare/share/flare/cmake/export_flare__rosidl_typesupport_fastrtps_cppExport.cmake
[12.798s] -- Installing: /home/gilang/MagangBanyu/install/flare/share/flare/cmake/export_flare__rosidl_typesupport_fastrtps_cppExport-noconfig.cmake
[12.798s] -- Installing: /home/gilang/MagangBanyu/install/flare/share/flare/cmake/flare__rosidl_typesupport_introspection_cExport.cmake
[12.798s] -- Installing: /home/gilang/MagangBanyu/install/flare/share/flare/cmake/flare__rosidl_typesupport_introspection_cExport-noconfig.cmake
[12.798s] -- Installing: /home/gilang/MagangBanyu/install/flare/share/flare/cmake/flare__rosidl_typesupport_cExport.cmake
[12.798s] -- Installing: /home/gilang/MagangBanyu/install/flare/share/flare/cmake/flare__rosidl_typesupport_cExport-noconfig.cmake
[12.798s] -- Installing: /home/gilang/MagangBanyu/install/flare/share/flare/cmake/flare__rosidl_typesupport_introspection_cppExport.cmake
[12.798s] -- Installing: /home/gilang/MagangBanyu/install/flare/share/flare/cmake/flare__rosidl_typesupport_introspection_cppExport-noconfig.cmake
[12.798s] -- Installing: /home/gilang/MagangBanyu/install/flare/share/flare/cmake/flare__rosidl_typesupport_cppExport.cmake
[12.799s] -- Installing: /home/gilang/MagangBanyu/install/flare/share/flare/cmake/flare__rosidl_typesupport_cppExport-noconfig.cmake
[12.799s] -- Installing: /home/gilang/MagangBanyu/install/flare/share/flare/cmake/export_flare__rosidl_generator_pyExport.cmake
[12.799s] -- Installing: /home/gilang/MagangBanyu/install/flare/share/flare/cmake/export_flare__rosidl_generator_pyExport-noconfig.cmake
[12.801s] Invoked command in '/home/gilang/MagangBanyu/build/flare' returned '0': CMAKE_PREFIX_PATH=${CMAKE_PREFIX_PATH}:/home/gilang/ros2_ws/install/joystick_ros2:/opt/ros/humble /usr/bin/cmake --install /home/gilang/MagangBanyu/build/flare
