[0.100s] Invoking command in '/home/gilang/MagangBanyu/build/controller': CMAKE_PREFIX_PATH=${CMAKE_PREFIX_PATH}:/home/gilang/ros2_ws/install/joystick_ros2:/opt/ros/humble /usr/bin/cmake --build /home/gilang/MagangBanyu/build/controller -- -j12 -l12
[0.147s] -- Found ament_cmake: 1.3.8 (/opt/ros/humble/share/ament_cmake/cmake)
[0.433s] -- Override CMake install command with custom implementation using symlinks instead of copying resources
[0.462s] -- Found sensor_msgs: 4.2.3 (/opt/ros/humble/share/sensor_msgs/cmake)
[0.515s] -- Found rosidl_generator_c: 3.1.5 (/opt/ros/humble/share/rosidl_generator_c/cmake)
[0.520s] -- Found rosidl_adapter: 3.1.5 (/opt/ros/humble/share/rosidl_adapter/cmake)
[0.538s] -- Found rosidl_generator_cpp: 3.1.5 (/opt/ros/humble/share/rosidl_generator_cpp/cmake)
[0.569s] -- Using all available rosidl_typesupport_c: rosidl_typesupport_fastrtps_c;rosidl_typesupport_introspection_c
[0.602s] -- Using all available rosidl_typesupport_cpp: rosidl_typesupport_fastrtps_cpp;rosidl_typesupport_introspection_cpp
[0.971s] -- Found rclcpp: 16.0.8 (/opt/ros/humble/share/rclcpp/cmake)
[1.055s] -- Found rmw_implementation_cmake: 6.1.1 (/opt/ros/humble/share/rmw_implementation_cmake/cmake)
[1.057s] -- Found rmw_fastrtps_cpp: 6.2.6 (/opt/ros/humble/share/rmw_fastrtps_cpp/cmake)
[1.275s] -- Using RMW implementation 'rmw_fastrtps_cpp' as default
[1.498s] -- Found rosidl_default_generators: 1.2.0 (/opt/ros/humble/share/rosidl_default_generators/cmake)
[1.883s] -- Found ament_cmake_ros: 0.10.0 (/opt/ros/humble/share/ament_cmake_ros/cmake)
[2.330s] -- Using all available rosidl_typesupport_c: rosidl_typesupport_fastrtps_c;rosidl_typesupport_introspection_c
[2.505s] -- Using all available rosidl_typesupport_cpp: rosidl_typesupport_fastrtps_cpp;rosidl_typesupport_introspection_cpp
[2.539s] -- Found python_cmake_module: 0.10.0 (/opt/ros/humble/share/python_cmake_module/cmake)
[2.582s] -- Using PYTHON_EXECUTABLE: /usr/bin/python3
[2.582s] -- Using PYTHON_INCLUDE_DIRS: /usr/include/python3.10
[2.582s] -- Using PYTHON_LIBRARIES: /usr/lib/x86_64-linux-gnu/libpython3.10.so
[2.609s] -- Found ament_lint_auto: 0.12.10 (/opt/ros/humble/share/ament_lint_auto/cmake)
[2.624s] -- Added test 'cppcheck' to perform static code analysis on C / C++ code
[2.625s] -- Configured cppcheck include dirs: 
[2.625s] -- Configured cppcheck exclude dirs and/or files: 
[2.625s] -- Added test 'lint_cmake' to check CMake code style
[2.627s] -- Added test 'uncrustify' to check C / C++ code style
[2.627s] -- Configured uncrustify additional arguments: 
[2.627s] -- Added test 'xmllint' to check XML markup files
[2.632s] -- Configuring done
[2.682s] -- Generating done
[2.688s] -- Build files have been written to: /home/gilang/MagangBanyu/build/controller
[2.731s] [35m[1mConsolidate compiler generated dependencies of target controller__rosidl_generator_c[0m
[2.748s] [  3%] Built target controller__cpp
[2.750s] [ 12%] Built target controller__rosidl_generator_c
[2.767s] [ 12%] Built target ament_cmake_python_symlink_controller
[2.768s] [35m[1mConsolidate compiler generated dependencies of target controller__rosidl_typesupport_introspection_cpp[0m
[2.770s] [35m[1mConsolidate compiler generated dependencies of target controller__rosidl_typesupport_fastrtps_cpp[0m
[2.772s] [35m[1mConsolidate compiler generated dependencies of target controller__rosidl_typesupport_cpp[0m
[2.773s] [35m[1mConsolidate compiler generated dependencies of target controller__rosidl_typesupport_fastrtps_c[0m
[2.774s] [35m[1mConsolidate compiler generated dependencies of target controller__rosidl_typesupport_introspection_c[0m
[2.775s] [35m[1mConsolidate compiler generated dependencies of target controller__rosidl_typesupport_c[0m
[2.800s] [ 21%] Built target controller__rosidl_typesupport_introspection_cpp
[2.801s] [ 39%] Built target controller__rosidl_typesupport_fastrtps_cpp
[2.802s] [ 39%] Built target controller__rosidl_typesupport_introspection_c
[2.803s] [ 48%] Built target controller__rosidl_typesupport_cpp
[2.804s] [ 57%] Built target controller__rosidl_typesupport_c
[2.807s] [ 66%] Built target controller__rosidl_typesupport_fastrtps_c
[2.825s] [35m[1mConsolidate compiler generated dependencies of target control[0m
[2.850s] [ 66%] Built target controller
[2.860s] [ 72%] Built target control
[2.885s] [ 75%] Built target controller__py
[2.903s] [35m[1mConsolidate compiler generated dependencies of target controller__rosidl_generator_py[0m
[2.928s] [ 81%] Built target controller__rosidl_generator_py
[2.949s] [35m[1mConsolidate compiler generated dependencies of target controller__rosidl_typesupport_fastrtps_c__pyext[0m
[2.951s] [35m[1mConsolidate compiler generated dependencies of target controller__rosidl_typesupport_c__pyext[0m
[2.952s] [35m[1mConsolidate compiler generated dependencies of target controller__rosidl_typesupport_introspection_c__pyext[0m
[2.978s] [ 93%] Built target controller__rosidl_typesupport_fastrtps_c__pyext
[2.979s] [ 93%] Built target controller__rosidl_typesupport_c__pyext
[2.979s] [100%] Built target controller__rosidl_typesupport_introspection_c__pyext
[3.126s] running egg_info
[3.154s] writing controller.egg-info/PKG-INFO
[3.155s] writing dependency_links to controller.egg-info/dependency_links.txt
[3.155s] writing top-level names to controller.egg-info/top_level.txt
[3.216s] reading manifest file 'controller.egg-info/SOURCES.txt'
[3.217s] writing manifest file 'controller.egg-info/SOURCES.txt'
[3.261s] [100%] Built target ament_cmake_python_build_controller_egg
[3.279s] Invoked command in '/home/gilang/MagangBanyu/build/controller' returned '0': CMAKE_PREFIX_PATH=${CMAKE_PREFIX_PATH}:/home/gilang/ros2_ws/install/joystick_ros2:/opt/ros/humble /usr/bin/cmake --build /home/gilang/MagangBanyu/build/controller -- -j12 -l12
[3.398s] Invoking command in '/home/gilang/MagangBanyu/build/controller': CMAKE_PREFIX_PATH=${CMAKE_PREFIX_PATH}:/home/gilang/ros2_ws/install/joystick_ros2:/opt/ros/humble /usr/bin/cmake --install /home/gilang/MagangBanyu/build/controller
[3.408s] -- Install configuration: ""
[3.409s] -- Execute custom install script
[3.409s] -- Up-to-date symlink: /home/gilang/MagangBanyu/install/controller/share/ament_index/resource_index/rosidl_interfaces/controller
[3.410s] -- Up-to-date symlink: /home/gilang/MagangBanyu/install/controller/include/controller/controller/msg/detail/motion__functions.h
[3.410s] -- Up-to-date symlink: /home/gilang/MagangBanyu/install/controller/include/controller/controller/msg/detail/motion__struct.h
[3.410s] -- Up-to-date symlink: /home/gilang/MagangBanyu/install/controller/include/controller/controller/msg/detail/motion__type_support.h
[3.410s] -- Up-to-date symlink: /home/gilang/MagangBanyu/install/controller/include/controller/controller/msg/motion.h
[3.410s] -- Up-to-date symlink: /home/gilang/MagangBanyu/install/controller/include/controller/controller/msg/rosidl_generator_c__visibility_control.h
[3.411s] -- Up-to-date symlink: /home/gilang/MagangBanyu/install/controller/share/controller/environment/library_path.sh
[3.411s] -- Up-to-date symlink: /home/gilang/MagangBanyu/install/controller/share/controller/environment/library_path.dsv
[3.412s] -- Up-to-date symlink: /home/gilang/MagangBanyu/install/controller/include/controller/controller/msg/detail/motion__rosidl_typesupport_fastrtps_c.h
[3.412s] -- Up-to-date symlink: /home/gilang/MagangBanyu/install/controller/include/controller/controller/msg/rosidl_typesupport_fastrtps_c__visibility_control.h
[3.412s] -- Up-to-date symlink: /home/gilang/MagangBanyu/install/controller/include/controller/controller/msg/detail/motion__builder.hpp
[3.412s] -- Up-to-date symlink: /home/gilang/MagangBanyu/install/controller/include/controller/controller/msg/detail/motion__struct.hpp
[3.412s] -- Up-to-date symlink: /home/gilang/MagangBanyu/install/controller/include/controller/controller/msg/detail/motion__traits.hpp
[3.413s] -- Up-to-date symlink: /home/gilang/MagangBanyu/install/controller/include/controller/controller/msg/motion.hpp
[3.413s] -- Up-to-date symlink: /home/gilang/MagangBanyu/install/controller/include/controller/controller/msg/detail/motion__rosidl_typesupport_fastrtps_cpp.hpp
[3.413s] -- Up-to-date symlink: /home/gilang/MagangBanyu/install/controller/include/controller/controller/msg/rosidl_typesupport_fastrtps_cpp__visibility_control.h
[3.414s] -- Up-to-date symlink: /home/gilang/MagangBanyu/install/controller/include/controller/controller/msg/detail/motion__rosidl_typesupport_introspection_c.h
[3.414s] -- Up-to-date symlink: /home/gilang/MagangBanyu/install/controller/include/controller/controller/msg/rosidl_typesupport_introspection_c__visibility_control.h
[3.414s] -- Up-to-date symlink: /home/gilang/MagangBanyu/install/controller/include/controller/controller/msg/detail/motion__rosidl_typesupport_introspection_cpp.hpp
[3.415s] -- Up-to-date symlink: /home/gilang/MagangBanyu/install/controller/share/controller/environment/pythonpath.sh
[3.415s] -- Up-to-date symlink: /home/gilang/MagangBanyu/install/controller/share/controller/environment/pythonpath.dsv
[3.416s] -- Up-to-date symlink: /home/gilang/MagangBanyu/install/controller/local/lib/python3.10/dist-packages/controller-0.0.0-py3.10.egg-info/PKG-INFO
[3.416s] -- Up-to-date symlink: /home/gilang/MagangBanyu/install/controller/local/lib/python3.10/dist-packages/controller-0.0.0-py3.10.egg-info/SOURCES.txt
[3.416s] -- Up-to-date symlink: /home/gilang/MagangBanyu/install/controller/local/lib/python3.10/dist-packages/controller-0.0.0-py3.10.egg-info/dependency_links.txt
[3.416s] -- Up-to-date symlink: /home/gilang/MagangBanyu/install/controller/local/lib/python3.10/dist-packages/controller-0.0.0-py3.10.egg-info/top_level.txt
[3.416s] -- Up-to-date symlink: /home/gilang/MagangBanyu/install/controller/local/lib/python3.10/dist-packages/controller/__init__.py
[3.417s] -- Up-to-date symlink: /home/gilang/MagangBanyu/install/controller/local/lib/python3.10/dist-packages/controller/_controller_s.ep.rosidl_typesupport_c.c
[3.417s] -- Up-to-date symlink: /home/gilang/MagangBanyu/install/controller/local/lib/python3.10/dist-packages/controller/_controller_s.ep.rosidl_typesupport_fastrtps_c.c
[3.417s] -- Up-to-date symlink: /home/gilang/MagangBanyu/install/controller/local/lib/python3.10/dist-packages/controller/_controller_s.ep.rosidl_typesupport_introspection_c.c
[3.417s] -- Up-to-date symlink: /home/gilang/MagangBanyu/install/controller/local/lib/python3.10/dist-packages/controller/controller_s__rosidl_typesupport_c.cpython-310-x86_64-linux-gnu.so
[3.417s] -- Up-to-date symlink: /home/gilang/MagangBanyu/install/controller/local/lib/python3.10/dist-packages/controller/controller_s__rosidl_typesupport_fastrtps_c.cpython-310-x86_64-linux-gnu.so
[3.417s] -- Up-to-date symlink: /home/gilang/MagangBanyu/install/controller/local/lib/python3.10/dist-packages/controller/controller_s__rosidl_typesupport_introspection_c.cpython-310-x86_64-linux-gnu.so
[3.418s] -- Up-to-date symlink: /home/gilang/MagangBanyu/install/controller/local/lib/python3.10/dist-packages/controller/libcontroller__rosidl_generator_py.so
[3.418s] -- Up-to-date symlink: /home/gilang/MagangBanyu/install/controller/local/lib/python3.10/dist-packages/controller/msg/__init__.py
[3.418s] -- Up-to-date symlink: /home/gilang/MagangBanyu/install/controller/local/lib/python3.10/dist-packages/controller/msg/_motion.py
[3.418s] -- Up-to-date symlink: /home/gilang/MagangBanyu/install/controller/local/lib/python3.10/dist-packages/controller/msg/_motion_s.c
[3.418s] -- Up-to-date symlink: /home/gilang/MagangBanyu/install/controller/local/lib/python3.10/dist-packages/controller/controller_s__rosidl_typesupport_fastrtps_c.cpython-310-x86_64-linux-gnu.so
[3.418s] -- Up-to-date symlink: /home/gilang/MagangBanyu/install/controller/local/lib/python3.10/dist-packages/controller/controller_s__rosidl_typesupport_introspection_c.cpython-310-x86_64-linux-gnu.so
[3.418s] -- Up-to-date symlink: /home/gilang/MagangBanyu/install/controller/local/lib/python3.10/dist-packages/controller/controller_s__rosidl_typesupport_c.cpython-310-x86_64-linux-gnu.so
[3.419s] -- Up-to-date symlink: /home/gilang/MagangBanyu/install/controller/share/controller/msg/Motion.idl
[3.419s] -- Up-to-date symlink: /home/gilang/MagangBanyu/install/controller/share/controller/msg/Motion.msg
[3.419s] -- Up-to-date symlink: /home/gilang/MagangBanyu/install/controller/lib/controller/control
[3.419s] -- Up-to-date symlink: /home/gilang/MagangBanyu/install/controller/share/ament_index/resource_index/package_run_dependencies/controller
[3.419s] -- Up-to-date symlink: /home/gilang/MagangBanyu/install/controller/share/ament_index/resource_index/parent_prefix_path/controller
[3.420s] -- Up-to-date symlink: /home/gilang/MagangBanyu/install/controller/share/controller/environment/ament_prefix_path.sh
[3.420s] -- Up-to-date symlink: /home/gilang/MagangBanyu/install/controller/share/controller/environment/ament_prefix_path.dsv
[3.420s] -- Up-to-date symlink: /home/gilang/MagangBanyu/install/controller/share/controller/environment/path.sh
[3.420s] -- Up-to-date symlink: /home/gilang/MagangBanyu/install/controller/share/controller/environment/path.dsv
[3.420s] -- Up-to-date symlink: /home/gilang/MagangBanyu/install/controller/share/controller/local_setup.bash
[3.420s] -- Up-to-date symlink: /home/gilang/MagangBanyu/install/controller/share/controller/local_setup.sh
[3.421s] -- Up-to-date symlink: /home/gilang/MagangBanyu/install/controller/share/controller/local_setup.zsh
[3.421s] -- Up-to-date symlink: /home/gilang/MagangBanyu/install/controller/share/controller/local_setup.dsv
[3.421s] -- Symlinking: /home/gilang/MagangBanyu/install/controller/share/controller/package.dsv
[3.436s] -- Up-to-date symlink: /home/gilang/MagangBanyu/install/controller/share/ament_index/resource_index/packages/controller
[3.437s] -- Up-to-date symlink: /home/gilang/MagangBanyu/install/controller/share/controller/cmake/rosidl_cmake-extras.cmake
[3.437s] -- Up-to-date symlink: /home/gilang/MagangBanyu/install/controller/share/controller/cmake/ament_cmake_export_include_directories-extras.cmake
[3.437s] -- Up-to-date symlink: /home/gilang/MagangBanyu/install/controller/share/controller/cmake/ament_cmake_export_libraries-extras.cmake
[3.437s] -- Up-to-date symlink: /home/gilang/MagangBanyu/install/controller/share/controller/cmake/ament_cmake_export_targets-extras.cmake
[3.438s] -- Up-to-date symlink: /home/gilang/MagangBanyu/install/controller/share/controller/cmake/rosidl_cmake_export_typesupport_targets-extras.cmake
[3.438s] -- Up-to-date symlink: /home/gilang/MagangBanyu/install/controller/share/controller/cmake/ament_cmake_export_dependencies-extras.cmake
[3.438s] -- Up-to-date symlink: /home/gilang/MagangBanyu/install/controller/share/controller/cmake/rosidl_cmake_export_typesupport_libraries-extras.cmake
[3.438s] -- Up-to-date symlink: /home/gilang/MagangBanyu/install/controller/share/controller/cmake/controllerConfig.cmake
[3.438s] -- Up-to-date symlink: /home/gilang/MagangBanyu/install/controller/share/controller/cmake/controllerConfig-version.cmake
[3.438s] -- Up-to-date symlink: /home/gilang/MagangBanyu/install/controller/share/controller/package.xml
[3.439s] -- Up-to-date: /home/gilang/MagangBanyu/install/controller/lib/libcontroller__rosidl_generator_c.so
[3.439s] -- Up-to-date: /home/gilang/MagangBanyu/install/controller/lib/libcontroller__rosidl_typesupport_fastrtps_c.so
[3.440s] -- Up-to-date: /home/gilang/MagangBanyu/install/controller/lib/libcontroller__rosidl_typesupport_fastrtps_cpp.so
[3.440s] -- Up-to-date: /home/gilang/MagangBanyu/install/controller/lib/libcontroller__rosidl_typesupport_introspection_c.so
[3.440s] -- Up-to-date: /home/gilang/MagangBanyu/install/controller/lib/libcontroller__rosidl_typesupport_c.so
[3.441s] -- Up-to-date: /home/gilang/MagangBanyu/install/controller/lib/libcontroller__rosidl_typesupport_introspection_cpp.so
[3.441s] -- Up-to-date: /home/gilang/MagangBanyu/install/controller/lib/libcontroller__rosidl_typesupport_cpp.so
[3.499s] Listing '/home/gilang/MagangBanyu/install/controller/local/lib/python3.10/dist-packages/controller'...
[3.499s] Compiling '/home/gilang/MagangBanyu/install/controller/local/lib/python3.10/dist-packages/controller/__init__.py'...
[3.499s] Listing '/home/gilang/MagangBanyu/install/controller/local/lib/python3.10/dist-packages/controller/msg'...
[3.509s] -- Up-to-date: /home/gilang/MagangBanyu/install/controller/lib/libcontroller__rosidl_generator_py.so
[3.509s] -- Up-to-date: /home/gilang/MagangBanyu/install/controller/share/controller/cmake/export_controller__rosidl_generator_cExport.cmake
[3.509s] -- Up-to-date: /home/gilang/MagangBanyu/install/controller/share/controller/cmake/export_controller__rosidl_generator_cExport-noconfig.cmake
[3.509s] -- Up-to-date: /home/gilang/MagangBanyu/install/controller/share/controller/cmake/export_controller__rosidl_typesupport_fastrtps_cExport.cmake
[3.510s] -- Up-to-date: /home/gilang/MagangBanyu/install/controller/share/controller/cmake/export_controller__rosidl_typesupport_fastrtps_cExport-noconfig.cmake
[3.510s] -- Up-to-date: /home/gilang/MagangBanyu/install/controller/share/controller/cmake/export_controller__rosidl_generator_cppExport.cmake
[3.510s] -- Up-to-date: /home/gilang/MagangBanyu/install/controller/share/controller/cmake/export_controller__rosidl_typesupport_fastrtps_cppExport.cmake
[3.510s] -- Up-to-date: /home/gilang/MagangBanyu/install/controller/share/controller/cmake/export_controller__rosidl_typesupport_fastrtps_cppExport-noconfig.cmake
[3.510s] -- Up-to-date: /home/gilang/MagangBanyu/install/controller/share/controller/cmake/controller__rosidl_typesupport_introspection_cExport.cmake
[3.510s] -- Up-to-date: /home/gilang/MagangBanyu/install/controller/share/controller/cmake/controller__rosidl_typesupport_introspection_cExport-noconfig.cmake
[3.510s] -- Up-to-date: /home/gilang/MagangBanyu/install/controller/share/controller/cmake/controller__rosidl_typesupport_cExport.cmake
[3.510s] -- Up-to-date: /home/gilang/MagangBanyu/install/controller/share/controller/cmake/controller__rosidl_typesupport_cExport-noconfig.cmake
[3.510s] -- Up-to-date: /home/gilang/MagangBanyu/install/controller/share/controller/cmake/controller__rosidl_typesupport_introspection_cppExport.cmake
[3.511s] -- Up-to-date: /home/gilang/MagangBanyu/install/controller/share/controller/cmake/controller__rosidl_typesupport_introspection_cppExport-noconfig.cmake
[3.511s] -- Up-to-date: /home/gilang/MagangBanyu/install/controller/share/controller/cmake/controller__rosidl_typesupport_cppExport.cmake
[3.511s] -- Up-to-date: /home/gilang/MagangBanyu/install/controller/share/controller/cmake/controller__rosidl_typesupport_cppExport-noconfig.cmake
[3.512s] -- Up-to-date: /home/gilang/MagangBanyu/install/controller/share/controller/cmake/export_controller__rosidl_generator_pyExport.cmake
[3.512s] -- Up-to-date: /home/gilang/MagangBanyu/install/controller/share/controller/cmake/export_controller__rosidl_generator_pyExport-noconfig.cmake
[3.514s] Invoked command in '/home/gilang/MagangBanyu/build/controller' returned '0': CMAKE_PREFIX_PATH=${CMAKE_PREFIX_PATH}:/home/gilang/ros2_ws/install/joystick_ros2:/opt/ros/humble /usr/bin/cmake --install /home/gilang/MagangBanyu/build/controller
