[0.074s] Invoking command in '/home/gilang/MagangBanyu/build/controller': CMAKE_PREFIX_PATH=${CMAKE_PREFIX_PATH}:/home/gilang/ros2_ws/install/joystick_ros2:/opt/ros/humble /usr/bin/cmake --build /home/gilang/MagangBanyu/build/controller -- -j12 -l12
[0.115s] -- Found ament_cmake: 1.3.8 (/opt/ros/humble/share/ament_cmake/cmake)
[0.413s] -- Override CMake install command with custom implementation using symlinks instead of copying resources
[0.428s] -- Found sensor_msgs: 4.2.3 (/opt/ros/humble/share/sensor_msgs/cmake)
[0.475s] -- Found rosidl_generator_c: 3.1.5 (/opt/ros/humble/share/rosidl_generator_c/cmake)
[0.479s] -- Found rosidl_adapter: 3.1.5 (/opt/ros/humble/share/rosidl_adapter/cmake)
[0.491s] -- Found rosidl_generator_cpp: 3.1.5 (/opt/ros/humble/share/rosidl_generator_cpp/cmake)
[0.508s] -- Using all available rosidl_typesupport_c: rosidl_typesupport_fastrtps_c;rosidl_typesupport_introspection_c
[0.534s] -- Using all available rosidl_typesupport_cpp: rosidl_typesupport_fastrtps_cpp;rosidl_typesupport_introspection_cpp
[0.874s] -- Found rclcpp: 16.0.8 (/opt/ros/humble/share/rclcpp/cmake)
[0.954s] -- Found rmw_implementation_cmake: 6.1.1 (/opt/ros/humble/share/rmw_implementation_cmake/cmake)
[0.957s] -- Found rmw_fastrtps_cpp: 6.2.6 (/opt/ros/humble/share/rmw_fastrtps_cpp/cmake)
[1.157s] -- Using RMW implementation 'rmw_fastrtps_cpp' as default
[1.381s] -- Found rosidl_default_generators: 1.2.0 (/opt/ros/humble/share/rosidl_default_generators/cmake)
[1.859s] -- Found ament_cmake_ros: 0.10.0 (/opt/ros/humble/share/ament_cmake_ros/cmake)
[2.451s] -- Using all available rosidl_typesupport_c: rosidl_typesupport_fastrtps_c;rosidl_typesupport_introspection_c
[2.669s] -- Using all available rosidl_typesupport_cpp: rosidl_typesupport_fastrtps_cpp;rosidl_typesupport_introspection_cpp
[2.708s] -- Found python_cmake_module: 0.10.0 (/opt/ros/humble/share/python_cmake_module/cmake)
[2.751s] -- Using PYTHON_EXECUTABLE: /usr/bin/python3
[2.751s] -- Using PYTHON_INCLUDE_DIRS: /usr/include/python3.10
[2.751s] -- Using PYTHON_LIBRARIES: /usr/lib/x86_64-linux-gnu/libpython3.10.so
[2.779s] -- Found ament_lint_auto: 0.12.10 (/opt/ros/humble/share/ament_lint_auto/cmake)
[2.795s] -- Added test 'cppcheck' to perform static code analysis on C / C++ code
[2.796s] -- Configured cppcheck include dirs: 
[2.796s] -- Configured cppcheck exclude dirs and/or files: 
[2.797s] -- Added test 'lint_cmake' to check CMake code style
[2.798s] -- Added test 'uncrustify' to check C / C++ code style
[2.799s] -- Configured uncrustify additional arguments: 
[2.799s] -- Added test 'xmllint' to check XML markup files
[2.803s] -- Configuring done
[2.858s] -- Generating done
[2.864s] -- Build files have been written to: /home/gilang/MagangBanyu/build/controller
[2.910s] [35m[1mConsolidate compiler generated dependencies of target controller__rosidl_generator_c[0m
[2.927s] [  3%] Built target controller__cpp
[2.930s] [ 12%] Built target controller__rosidl_generator_c
[2.945s] [ 12%] Built target ament_cmake_python_symlink_controller
[2.950s] [35m[1mConsolidate compiler generated dependencies of target controller__rosidl_typesupport_cpp[0m
[2.952s] [35m[1mConsolidate compiler generated dependencies of target controller__rosidl_typesupport_introspection_cpp[0m
[2.952s] [35m[1mConsolidate compiler generated dependencies of target controller__rosidl_typesupport_fastrtps_cpp[0m
[2.953s] [35m[1mConsolidate compiler generated dependencies of target controller__rosidl_typesupport_fastrtps_c[0m
[2.954s] [35m[1mConsolidate compiler generated dependencies of target controller__rosidl_typesupport_c[0m
[2.956s] [35m[1mConsolidate compiler generated dependencies of target controller__rosidl_typesupport_introspection_c[0m
[2.981s] [ 21%] Built target controller__rosidl_typesupport_fastrtps_c
[2.981s] [ 30%] Built target controller__rosidl_typesupport_c
[2.982s] [ 39%] Built target controller__rosidl_typesupport_introspection_cpp
[2.983s] [ 48%] Built target controller__rosidl_typesupport_fastrtps_cpp
[2.983s] [ 57%] Built target controller__rosidl_typesupport_cpp
[2.985s] [ 66%] Built target controller__rosidl_typesupport_introspection_c
[3.021s] [ 69%] [32mBuilding CXX object CMakeFiles/control.dir/src/robot_controller.cpp.o[0m
[3.021s] [ 69%] Built target controller
[3.058s] [ 72%] Built target controller__py
[3.078s] [35m[1mConsolidate compiler generated dependencies of target controller__rosidl_generator_py[0m
[3.105s] [ 78%] Built target controller__rosidl_generator_py
[3.125s] [35m[1mConsolidate compiler generated dependencies of target controller__rosidl_typesupport_fastrtps_c__pyext[0m
[3.129s] [35m[1mConsolidate compiler generated dependencies of target controller__rosidl_typesupport_c__pyext[0m
[3.129s] [35m[1mConsolidate compiler generated dependencies of target controller__rosidl_typesupport_introspection_c__pyext[0m
[3.153s] [ 84%] Built target controller__rosidl_typesupport_fastrtps_c__pyext
[3.159s] [ 90%] Built target controller__rosidl_typesupport_introspection_c__pyext
[3.159s] [ 96%] Built target controller__rosidl_typesupport_c__pyext
[3.380s] running egg_info
[3.407s] writing controller.egg-info/PKG-INFO
[3.408s] writing dependency_links to controller.egg-info/dependency_links.txt
[3.408s] writing top-level names to controller.egg-info/top_level.txt
[3.478s] reading manifest file 'controller.egg-info/SOURCES.txt'
[3.479s] writing manifest file 'controller.egg-info/SOURCES.txt'
[3.529s] [ 96%] Built target ament_cmake_python_build_controller_egg
[14.396s] [100%] [32m[1mLinking CXX executable control[0m
[14.929s] [100%] Built target control
[14.945s] Invoked command in '/home/gilang/MagangBanyu/build/controller' returned '0': CMAKE_PREFIX_PATH=${CMAKE_PREFIX_PATH}:/home/gilang/ros2_ws/install/joystick_ros2:/opt/ros/humble /usr/bin/cmake --build /home/gilang/MagangBanyu/build/controller -- -j12 -l12
[15.035s] Invoking command in '/home/gilang/MagangBanyu/build/controller': CMAKE_PREFIX_PATH=${CMAKE_PREFIX_PATH}:/home/gilang/ros2_ws/install/joystick_ros2:/opt/ros/humble /usr/bin/cmake --install /home/gilang/MagangBanyu/build/controller
[15.046s] -- Install configuration: ""
[15.046s] -- Execute custom install script
[15.046s] -- Up-to-date symlink: /home/gilang/MagangBanyu/install/controller/share/ament_index/resource_index/rosidl_interfaces/controller
[15.047s] -- Up-to-date symlink: /home/gilang/MagangBanyu/install/controller/include/controller/controller/msg/detail/motion__functions.h
[15.047s] -- Up-to-date symlink: /home/gilang/MagangBanyu/install/controller/include/controller/controller/msg/detail/motion__struct.h
[15.048s] -- Up-to-date symlink: /home/gilang/MagangBanyu/install/controller/include/controller/controller/msg/detail/motion__type_support.h
[15.048s] -- Up-to-date symlink: /home/gilang/MagangBanyu/install/controller/include/controller/controller/msg/motion.h
[15.048s] -- Up-to-date symlink: /home/gilang/MagangBanyu/install/controller/include/controller/controller/msg/rosidl_generator_c__visibility_control.h
[15.048s] -- Up-to-date symlink: /home/gilang/MagangBanyu/install/controller/share/controller/environment/library_path.sh
[15.048s] -- Up-to-date symlink: /home/gilang/MagangBanyu/install/controller/share/controller/environment/library_path.dsv
[15.048s] -- Up-to-date symlink: /home/gilang/MagangBanyu/install/controller/include/controller/controller/msg/detail/motion__rosidl_typesupport_fastrtps_c.h
[15.048s] -- Up-to-date symlink: /home/gilang/MagangBanyu/install/controller/include/controller/controller/msg/rosidl_typesupport_fastrtps_c__visibility_control.h
[15.048s] -- Up-to-date symlink: /home/gilang/MagangBanyu/install/controller/include/controller/controller/msg/detail/motion__builder.hpp
[15.049s] -- Up-to-date symlink: /home/gilang/MagangBanyu/install/controller/include/controller/controller/msg/detail/motion__struct.hpp
[15.049s] -- Up-to-date symlink: /home/gilang/MagangBanyu/install/controller/include/controller/controller/msg/detail/motion__traits.hpp
[15.049s] -- Up-to-date symlink: /home/gilang/MagangBanyu/install/controller/include/controller/controller/msg/motion.hpp
[15.049s] -- Up-to-date symlink: /home/gilang/MagangBanyu/install/controller/include/controller/controller/msg/detail/motion__rosidl_typesupport_fastrtps_cpp.hpp
[15.049s] -- Up-to-date symlink: /home/gilang/MagangBanyu/install/controller/include/controller/controller/msg/rosidl_typesupport_fastrtps_cpp__visibility_control.h
[15.050s] -- Up-to-date symlink: /home/gilang/MagangBanyu/install/controller/include/controller/controller/msg/detail/motion__rosidl_typesupport_introspection_c.h
[15.050s] -- Up-to-date symlink: /home/gilang/MagangBanyu/install/controller/include/controller/controller/msg/rosidl_typesupport_introspection_c__visibility_control.h
[15.050s] -- Up-to-date symlink: /home/gilang/MagangBanyu/install/controller/include/controller/controller/msg/detail/motion__rosidl_typesupport_introspection_cpp.hpp
[15.050s] -- Up-to-date symlink: /home/gilang/MagangBanyu/install/controller/share/controller/environment/pythonpath.sh
[15.050s] -- Up-to-date symlink: /home/gilang/MagangBanyu/install/controller/share/controller/environment/pythonpath.dsv
[15.051s] -- Up-to-date symlink: /home/gilang/MagangBanyu/install/controller/local/lib/python3.10/dist-packages/controller-0.0.0-py3.10.egg-info/PKG-INFO
[15.051s] -- Up-to-date symlink: /home/gilang/MagangBanyu/install/controller/local/lib/python3.10/dist-packages/controller-0.0.0-py3.10.egg-info/SOURCES.txt
[15.051s] -- Up-to-date symlink: /home/gilang/MagangBanyu/install/controller/local/lib/python3.10/dist-packages/controller-0.0.0-py3.10.egg-info/dependency_links.txt
[15.051s] -- Up-to-date symlink: /home/gilang/MagangBanyu/install/controller/local/lib/python3.10/dist-packages/controller-0.0.0-py3.10.egg-info/top_level.txt
[15.052s] -- Up-to-date symlink: /home/gilang/MagangBanyu/install/controller/local/lib/python3.10/dist-packages/controller/__init__.py
[15.052s] -- Up-to-date symlink: /home/gilang/MagangBanyu/install/controller/local/lib/python3.10/dist-packages/controller/_controller_s.ep.rosidl_typesupport_c.c
[15.052s] -- Up-to-date symlink: /home/gilang/MagangBanyu/install/controller/local/lib/python3.10/dist-packages/controller/_controller_s.ep.rosidl_typesupport_fastrtps_c.c
[15.052s] -- Up-to-date symlink: /home/gilang/MagangBanyu/install/controller/local/lib/python3.10/dist-packages/controller/_controller_s.ep.rosidl_typesupport_introspection_c.c
[15.052s] -- Up-to-date symlink: /home/gilang/MagangBanyu/install/controller/local/lib/python3.10/dist-packages/controller/controller_s__rosidl_typesupport_c.cpython-310-x86_64-linux-gnu.so
[15.052s] -- Up-to-date symlink: /home/gilang/MagangBanyu/install/controller/local/lib/python3.10/dist-packages/controller/controller_s__rosidl_typesupport_fastrtps_c.cpython-310-x86_64-linux-gnu.so
[15.052s] -- Up-to-date symlink: /home/gilang/MagangBanyu/install/controller/local/lib/python3.10/dist-packages/controller/controller_s__rosidl_typesupport_introspection_c.cpython-310-x86_64-linux-gnu.so
[15.052s] -- Up-to-date symlink: /home/gilang/MagangBanyu/install/controller/local/lib/python3.10/dist-packages/controller/libcontroller__rosidl_generator_py.so
[15.053s] -- Up-to-date symlink: /home/gilang/MagangBanyu/install/controller/local/lib/python3.10/dist-packages/controller/msg/__init__.py
[15.053s] -- Up-to-date symlink: /home/gilang/MagangBanyu/install/controller/local/lib/python3.10/dist-packages/controller/msg/_motion.py
[15.053s] -- Up-to-date symlink: /home/gilang/MagangBanyu/install/controller/local/lib/python3.10/dist-packages/controller/msg/_motion_s.c
[15.053s] -- Up-to-date symlink: /home/gilang/MagangBanyu/install/controller/local/lib/python3.10/dist-packages/controller/controller_s__rosidl_typesupport_fastrtps_c.cpython-310-x86_64-linux-gnu.so
[15.054s] -- Up-to-date symlink: /home/gilang/MagangBanyu/install/controller/local/lib/python3.10/dist-packages/controller/controller_s__rosidl_typesupport_introspection_c.cpython-310-x86_64-linux-gnu.so
[15.054s] -- Up-to-date symlink: /home/gilang/MagangBanyu/install/controller/local/lib/python3.10/dist-packages/controller/controller_s__rosidl_typesupport_c.cpython-310-x86_64-linux-gnu.so
[15.054s] -- Up-to-date symlink: /home/gilang/MagangBanyu/install/controller/share/controller/msg/Motion.idl
[15.054s] -- Up-to-date symlink: /home/gilang/MagangBanyu/install/controller/share/controller/msg/Motion.msg
[15.055s] -- Symlinking: /home/gilang/MagangBanyu/install/controller/lib/controller/control
[15.067s] -- Up-to-date symlink: /home/gilang/MagangBanyu/install/controller/share/ament_index/resource_index/package_run_dependencies/controller
[15.067s] -- Up-to-date symlink: /home/gilang/MagangBanyu/install/controller/share/ament_index/resource_index/parent_prefix_path/controller
[15.068s] -- Up-to-date symlink: /home/gilang/MagangBanyu/install/controller/share/controller/environment/ament_prefix_path.sh
[15.068s] -- Up-to-date symlink: /home/gilang/MagangBanyu/install/controller/share/controller/environment/ament_prefix_path.dsv
[15.068s] -- Up-to-date symlink: /home/gilang/MagangBanyu/install/controller/share/controller/environment/path.sh
[15.068s] -- Up-to-date symlink: /home/gilang/MagangBanyu/install/controller/share/controller/environment/path.dsv
[15.068s] -- Up-to-date symlink: /home/gilang/MagangBanyu/install/controller/share/controller/local_setup.bash
[15.068s] -- Up-to-date symlink: /home/gilang/MagangBanyu/install/controller/share/controller/local_setup.sh
[15.068s] -- Up-to-date symlink: /home/gilang/MagangBanyu/install/controller/share/controller/local_setup.zsh
[15.068s] -- Up-to-date symlink: /home/gilang/MagangBanyu/install/controller/share/controller/local_setup.dsv
[15.068s] -- Symlinking: /home/gilang/MagangBanyu/install/controller/share/controller/package.dsv
[15.081s] -- Up-to-date symlink: /home/gilang/MagangBanyu/install/controller/share/ament_index/resource_index/packages/controller
[15.081s] -- Up-to-date symlink: /home/gilang/MagangBanyu/install/controller/share/controller/cmake/rosidl_cmake-extras.cmake
[15.081s] -- Up-to-date symlink: /home/gilang/MagangBanyu/install/controller/share/controller/cmake/ament_cmake_export_include_directories-extras.cmake
[15.081s] -- Up-to-date symlink: /home/gilang/MagangBanyu/install/controller/share/controller/cmake/ament_cmake_export_libraries-extras.cmake
[15.081s] -- Up-to-date symlink: /home/gilang/MagangBanyu/install/controller/share/controller/cmake/ament_cmake_export_targets-extras.cmake
[15.081s] -- Up-to-date symlink: /home/gilang/MagangBanyu/install/controller/share/controller/cmake/rosidl_cmake_export_typesupport_targets-extras.cmake
[15.081s] -- Up-to-date symlink: /home/gilang/MagangBanyu/install/controller/share/controller/cmake/ament_cmake_export_dependencies-extras.cmake
[15.081s] -- Up-to-date symlink: /home/gilang/MagangBanyu/install/controller/share/controller/cmake/rosidl_cmake_export_typesupport_libraries-extras.cmake
[15.081s] -- Up-to-date symlink: /home/gilang/MagangBanyu/install/controller/share/controller/cmake/controllerConfig.cmake
[15.082s] -- Up-to-date symlink: /home/gilang/MagangBanyu/install/controller/share/controller/cmake/controllerConfig-version.cmake
[15.082s] -- Up-to-date symlink: /home/gilang/MagangBanyu/install/controller/share/controller/package.xml
[15.082s] -- Up-to-date: /home/gilang/MagangBanyu/install/controller/lib/libcontroller__rosidl_generator_c.so
[15.082s] -- Up-to-date: /home/gilang/MagangBanyu/install/controller/lib/libcontroller__rosidl_typesupport_fastrtps_c.so
[15.082s] -- Up-to-date: /home/gilang/MagangBanyu/install/controller/lib/libcontroller__rosidl_typesupport_fastrtps_cpp.so
[15.083s] -- Up-to-date: /home/gilang/MagangBanyu/install/controller/lib/libcontroller__rosidl_typesupport_introspection_c.so
[15.083s] -- Up-to-date: /home/gilang/MagangBanyu/install/controller/lib/libcontroller__rosidl_typesupport_c.so
[15.083s] -- Up-to-date: /home/gilang/MagangBanyu/install/controller/lib/libcontroller__rosidl_typesupport_introspection_cpp.so
[15.083s] -- Up-to-date: /home/gilang/MagangBanyu/install/controller/lib/libcontroller__rosidl_typesupport_cpp.so
[15.136s] Listing '/home/gilang/MagangBanyu/install/controller/local/lib/python3.10/dist-packages/controller'...
[15.136s] Compiling '/home/gilang/MagangBanyu/install/controller/local/lib/python3.10/dist-packages/controller/__init__.py'...
[15.136s] Listing '/home/gilang/MagangBanyu/install/controller/local/lib/python3.10/dist-packages/controller/msg'...
[15.142s] -- Up-to-date: /home/gilang/MagangBanyu/install/controller/lib/libcontroller__rosidl_generator_py.so
[15.142s] -- Up-to-date: /home/gilang/MagangBanyu/install/controller/share/controller/cmake/export_controller__rosidl_generator_cExport.cmake
[15.142s] -- Up-to-date: /home/gilang/MagangBanyu/install/controller/share/controller/cmake/export_controller__rosidl_generator_cExport-noconfig.cmake
[15.143s] -- Up-to-date: /home/gilang/MagangBanyu/install/controller/share/controller/cmake/export_controller__rosidl_typesupport_fastrtps_cExport.cmake
[15.143s] -- Up-to-date: /home/gilang/MagangBanyu/install/controller/share/controller/cmake/export_controller__rosidl_typesupport_fastrtps_cExport-noconfig.cmake
[15.143s] -- Up-to-date: /home/gilang/MagangBanyu/install/controller/share/controller/cmake/export_controller__rosidl_generator_cppExport.cmake
[15.143s] -- Up-to-date: /home/gilang/MagangBanyu/install/controller/share/controller/cmake/export_controller__rosidl_typesupport_fastrtps_cppExport.cmake
[15.143s] -- Up-to-date: /home/gilang/MagangBanyu/install/controller/share/controller/cmake/export_controller__rosidl_typesupport_fastrtps_cppExport-noconfig.cmake
[15.143s] -- Up-to-date: /home/gilang/MagangBanyu/install/controller/share/controller/cmake/controller__rosidl_typesupport_introspection_cExport.cmake
[15.143s] -- Up-to-date: /home/gilang/MagangBanyu/install/controller/share/controller/cmake/controller__rosidl_typesupport_introspection_cExport-noconfig.cmake
[15.143s] -- Up-to-date: /home/gilang/MagangBanyu/install/controller/share/controller/cmake/controller__rosidl_typesupport_cExport.cmake
[15.143s] -- Up-to-date: /home/gilang/MagangBanyu/install/controller/share/controller/cmake/controller__rosidl_typesupport_cExport-noconfig.cmake
[15.143s] -- Up-to-date: /home/gilang/MagangBanyu/install/controller/share/controller/cmake/controller__rosidl_typesupport_introspection_cppExport.cmake
[15.144s] -- Up-to-date: /home/gilang/MagangBanyu/install/controller/share/controller/cmake/controller__rosidl_typesupport_introspection_cppExport-noconfig.cmake
[15.144s] -- Up-to-date: /home/gilang/MagangBanyu/install/controller/share/controller/cmake/controller__rosidl_typesupport_cppExport.cmake
[15.144s] -- Up-to-date: /home/gilang/MagangBanyu/install/controller/share/controller/cmake/controller__rosidl_typesupport_cppExport-noconfig.cmake
[15.144s] -- Up-to-date: /home/gilang/MagangBanyu/install/controller/share/controller/cmake/export_controller__rosidl_generator_pyExport.cmake
[15.144s] -- Up-to-date: /home/gilang/MagangBanyu/install/controller/share/controller/cmake/export_controller__rosidl_generator_pyExport-noconfig.cmake
[15.146s] Invoked command in '/home/gilang/MagangBanyu/build/controller' returned '0': CMAKE_PREFIX_PATH=${CMAKE_PREFIX_PATH}:/home/gilang/ros2_ws/install/joystick_ros2:/opt/ros/humble /usr/bin/cmake --install /home/gilang/MagangBanyu/build/controller
