[1.147s] DEBUG:colcon:Command line arguments: ['/usr/bin/colcon', 'build', '--symlink-install', '--packages-select', 'flare']
[1.147s] DEBUG:colcon:Parsed command line arguments: Namespace(log_base=None, log_level=None, verb_name='build', build_base='build', install_base='install', merge_install=False, symlink_install=True, test_result_base=None, continue_on_error=False, executor='parallel', parallel_workers=12, event_handlers=None, ignore_user_meta=False, metas=['./colcon.meta'], base_paths=['.'], packages_ignore=None, packages_ignore_regex=None, paths=None, packages_up_to=None, packages_up_to_regex=None, packages_above=None, packages_above_and_dependencies=None, packages_above_depth=None, packages_select_by_dep=None, packages_skip_by_dep=None, packages_skip_up_to=None, packages_select_build_failed=False, packages_skip_build_finished=False, packages_select_test_failures=False, packages_skip_test_passed=False, packages_select=['flare'], packages_skip=None, packages_select_regex=None, packages_skip_regex=None, packages_start=None, packages_end=None, allow_overriding=[], cmake_args=None, cmake_target=None, cmake_target_skip_unavailable=False, cmake_clean_cache=False, cmake_clean_first=False, cmake_force_configure=False, ament_cmake_args=None, catkin_cmake_args=None, catkin_skip_building_tests=False, verb_parser=<colcon_defaults.argument_parser.defaults.DefaultArgumentsDecorator object at 0x7f9934ca0430>, verb_extension=<colcon_core.verb.build.BuildVerb object at 0x7f99350095d0>, main=<bound method BuildVerb.main of <colcon_core.verb.build.BuildVerb object at 0x7f99350095d0>>)
[1.238s] Level 1:colcon.colcon_core.package_discovery:discover_packages(colcon_meta) check parameters
[1.238s] Level 1:colcon.colcon_core.package_discovery:discover_packages(recursive) check parameters
[1.238s] Level 1:colcon.colcon_core.package_discovery:discover_packages(ignore) check parameters
[1.238s] Level 1:colcon.colcon_core.package_discovery:discover_packages(path) check parameters
[1.238s] Level 1:colcon.colcon_core.package_discovery:discover_packages(colcon_meta) discover
[1.238s] Level 1:colcon.colcon_core.package_discovery:discover_packages(recursive) discover
[1.238s] INFO:colcon.colcon_core.package_discovery:Crawling recursively for packages in '/home/gilang/MagangBanyu'
[1.238s] Level 1:colcon.colcon_core.package_identification:_identify(.) by extensions ['ignore', 'ignore_ament_install']
[1.238s] Level 1:colcon.colcon_core.package_identification:_identify(.) by extension 'ignore'
[1.238s] Level 1:colcon.colcon_core.package_identification:_identify(.) by extension 'ignore_ament_install'
[1.238s] Level 1:colcon.colcon_core.package_identification:_identify(.) by extensions ['colcon_pkg']
[1.238s] Level 1:colcon.colcon_core.package_identification:_identify(.) by extension 'colcon_pkg'
[1.239s] Level 1:colcon.colcon_core.package_identification:_identify(.) by extensions ['colcon_meta']
[1.239s] Level 1:colcon.colcon_core.package_identification:_identify(.) by extension 'colcon_meta'
[1.239s] Level 1:colcon.colcon_core.package_identification:_identify(.) by extensions ['ros']
[1.239s] Level 1:colcon.colcon_core.package_identification:_identify(.) by extension 'ros'
[1.255s] Level 1:colcon.colcon_core.package_identification:_identify(.) by extensions ['cmake', 'python']
[1.255s] Level 1:colcon.colcon_core.package_identification:_identify(.) by extension 'cmake'
[1.255s] Level 1:colcon.colcon_core.package_identification:_identify(.) by extension 'python'
[1.255s] Level 1:colcon.colcon_core.package_identification:_identify(.) by extensions ['python_setup_py']
[1.255s] Level 1:colcon.colcon_core.package_identification:_identify(.) by extension 'python_setup_py'
[1.255s] Level 1:colcon.colcon_core.package_identification:_identify(build) by extensions ['ignore', 'ignore_ament_install']
[1.256s] Level 1:colcon.colcon_core.package_identification:_identify(build) by extension 'ignore'
[1.256s] Level 1:colcon.colcon_core.package_identification:_identify(build) ignored
[1.256s] Level 1:colcon.colcon_core.package_identification:_identify(install) by extensions ['ignore', 'ignore_ament_install']
[1.256s] Level 1:colcon.colcon_core.package_identification:_identify(install) by extension 'ignore'
[1.256s] Level 1:colcon.colcon_core.package_identification:_identify(install) ignored
[1.256s] Level 1:colcon.colcon_core.package_identification:_identify(log) by extensions ['ignore', 'ignore_ament_install']
[1.256s] Level 1:colcon.colcon_core.package_identification:_identify(log) by extension 'ignore'
[1.256s] Level 1:colcon.colcon_core.package_identification:_identify(log) ignored
[1.256s] Level 1:colcon.colcon_core.package_identification:_identify(src) by extensions ['ignore', 'ignore_ament_install']
[1.256s] Level 1:colcon.colcon_core.package_identification:_identify(src) by extension 'ignore'
[1.256s] Level 1:colcon.colcon_core.package_identification:_identify(src) by extension 'ignore_ament_install'
[1.256s] Level 1:colcon.colcon_core.package_identification:_identify(src) by extensions ['colcon_pkg']
[1.256s] Level 1:colcon.colcon_core.package_identification:_identify(src) by extension 'colcon_pkg'
[1.256s] Level 1:colcon.colcon_core.package_identification:_identify(src) by extensions ['colcon_meta']
[1.256s] Level 1:colcon.colcon_core.package_identification:_identify(src) by extension 'colcon_meta'
[1.256s] Level 1:colcon.colcon_core.package_identification:_identify(src) by extensions ['ros']
[1.257s] Level 1:colcon.colcon_core.package_identification:_identify(src) by extension 'ros'
[1.257s] Level 1:colcon.colcon_core.package_identification:_identify(src) by extensions ['cmake', 'python']
[1.257s] Level 1:colcon.colcon_core.package_identification:_identify(src) by extension 'cmake'
[1.257s] Level 1:colcon.colcon_core.package_identification:_identify(src) by extension 'python'
[1.257s] Level 1:colcon.colcon_core.package_identification:_identify(src) by extensions ['python_setup_py']
[1.257s] Level 1:colcon.colcon_core.package_identification:_identify(src) by extension 'python_setup_py'
[1.257s] Level 1:colcon.colcon_core.package_identification:_identify(src/controller) by extensions ['ignore', 'ignore_ament_install']
[1.257s] Level 1:colcon.colcon_core.package_identification:_identify(src/controller) by extension 'ignore'
[1.257s] Level 1:colcon.colcon_core.package_identification:_identify(src/controller) by extension 'ignore_ament_install'
[1.257s] Level 1:colcon.colcon_core.package_identification:_identify(src/controller) by extensions ['colcon_pkg']
[1.257s] Level 1:colcon.colcon_core.package_identification:_identify(src/controller) by extension 'colcon_pkg'
[1.257s] Level 1:colcon.colcon_core.package_identification:_identify(src/controller) by extensions ['colcon_meta']
[1.257s] Level 1:colcon.colcon_core.package_identification:_identify(src/controller) by extension 'colcon_meta'
[1.257s] Level 1:colcon.colcon_core.package_identification:_identify(src/controller) by extensions ['ros']
[1.257s] Level 1:colcon.colcon_core.package_identification:_identify(src/controller) by extension 'ros'
[1.260s] DEBUG:colcon.colcon_core.package_identification:Package 'src/controller' with type 'ros.ament_cmake' and name 'controller'
[1.260s] Level 1:colcon.colcon_core.package_identification:_identify(src/flare) by extensions ['ignore', 'ignore_ament_install']
[1.261s] Level 1:colcon.colcon_core.package_identification:_identify(src/flare) by extension 'ignore'
[1.261s] Level 1:colcon.colcon_core.package_identification:_identify(src/flare) by extension 'ignore_ament_install'
[1.261s] Level 1:colcon.colcon_core.package_identification:_identify(src/flare) by extensions ['colcon_pkg']
[1.261s] Level 1:colcon.colcon_core.package_identification:_identify(src/flare) by extension 'colcon_pkg'
[1.261s] Level 1:colcon.colcon_core.package_identification:_identify(src/flare) by extensions ['colcon_meta']
[1.261s] Level 1:colcon.colcon_core.package_identification:_identify(src/flare) by extension 'colcon_meta'
[1.261s] Level 1:colcon.colcon_core.package_identification:_identify(src/flare) by extensions ['ros']
[1.261s] Level 1:colcon.colcon_core.package_identification:_identify(src/flare) by extension 'ros'
[1.263s] DEBUG:colcon.colcon_core.package_identification:Package 'src/flare' with type 'ros.ament_cmake' and name 'flare'
[1.263s] Level 1:colcon.colcon_core.package_discovery:discover_packages(recursive) using defaults
[1.263s] Level 1:colcon.colcon_core.package_discovery:discover_packages(ignore) discover
[1.263s] Level 1:colcon.colcon_core.package_discovery:discover_packages(ignore) using defaults
[1.263s] Level 1:colcon.colcon_core.package_discovery:discover_packages(path) discover
[1.263s] Level 1:colcon.colcon_core.package_discovery:discover_packages(path) using defaults
[1.334s] INFO:colcon.colcon_core.package_selection:Skipping not selected package 'controller' in 'src/controller'
[1.359s] Level 1:colcon.colcon_core.package_discovery:discover_packages(prefix_path) check parameters
[1.359s] Level 1:colcon.colcon_core.package_discovery:discover_packages(prefix_path) discover
[1.387s] DEBUG:colcon.colcon_installed_package_information.package_discovery:Found 7 installed packages in /home/gilang/ros2_ws/install
[1.401s] DEBUG:colcon.colcon_installed_package_information.package_discovery:Found 282 installed packages in /opt/ros/humble
[1.402s] Level 1:colcon.colcon_core.package_discovery:discover_packages(prefix_path) using defaults
[1.482s] Level 5:colcon.colcon_core.verb:set package 'flare' build argument 'cmake_args' from command line to 'None'
[1.482s] Level 5:colcon.colcon_core.verb:set package 'flare' build argument 'cmake_target' from command line to 'None'
[1.482s] Level 5:colcon.colcon_core.verb:set package 'flare' build argument 'cmake_target_skip_unavailable' from command line to 'False'
[1.482s] Level 5:colcon.colcon_core.verb:set package 'flare' build argument 'cmake_clean_cache' from command line to 'False'
[1.482s] Level 5:colcon.colcon_core.verb:set package 'flare' build argument 'cmake_clean_first' from command line to 'False'
[1.482s] Level 5:colcon.colcon_core.verb:set package 'flare' build argument 'cmake_force_configure' from command line to 'False'
[1.482s] Level 5:colcon.colcon_core.verb:set package 'flare' build argument 'ament_cmake_args' from command line to 'None'
[1.482s] Level 5:colcon.colcon_core.verb:set package 'flare' build argument 'catkin_cmake_args' from command line to 'None'
[1.482s] Level 5:colcon.colcon_core.verb:set package 'flare' build argument 'catkin_skip_building_tests' from command line to 'False'
[1.482s] DEBUG:colcon.colcon_core.verb:Building package 'flare' with the following arguments: {'ament_cmake_args': None, 'build_base': '/home/gilang/MagangBanyu/build/flare', 'catkin_cmake_args': None, 'catkin_skip_building_tests': False, 'cmake_args': None, 'cmake_clean_cache': False, 'cmake_clean_first': False, 'cmake_force_configure': False, 'cmake_target': None, 'cmake_target_skip_unavailable': False, 'install_base': '/home/gilang/MagangBanyu/install/flare', 'merge_install': False, 'path': '/home/gilang/MagangBanyu/src/flare', 'symlink_install': True, 'test_result_base': None}
[1.495s] INFO:colcon.colcon_core.executor:Executing jobs using 'parallel' executor
[1.508s] DEBUG:colcon.colcon_parallel_executor.executor.parallel:run_until_complete
[1.508s] INFO:colcon.colcon_ros.task.ament_cmake.build:Building ROS package in '/home/gilang/MagangBanyu/src/flare' with build type 'ament_cmake'
[1.509s] INFO:colcon.colcon_cmake.task.cmake.build:Building CMake package in '/home/gilang/MagangBanyu/src/flare'
[1.526s] INFO:colcon.colcon_core.plugin_system:Skipping extension 'colcon_core.shell.bat': Not used on non-Windows systems
[1.526s] INFO:colcon.colcon_core.shell:Skip shell extension 'powershell' for command environment: Not usable outside of PowerShell
[1.526s] DEBUG:colcon.colcon_core.shell:Skip shell extension 'dsv' for command environment
[1.580s] DEBUG:colcon.colcon_core.event_handler.log_command:Invoking command in '/home/gilang/MagangBanyu/build/flare': CMAKE_PREFIX_PATH=${CMAKE_PREFIX_PATH}:/home/gilang/ros2_ws/install/joystick_ros2:/opt/ros/humble /usr/bin/cmake /home/gilang/MagangBanyu/src/flare -DAMENT_CMAKE_SYMLINK_INSTALL=1 -DCMAKE_INSTALL_PREFIX=/home/gilang/MagangBanyu/install/flare
[4.797s] DEBUG:colcon.colcon_core.event_handler.log_command:Invoked command in '/home/gilang/MagangBanyu/build/flare' returned '0': CMAKE_PREFIX_PATH=${CMAKE_PREFIX_PATH}:/home/gilang/ros2_ws/install/joystick_ros2:/opt/ros/humble /usr/bin/cmake /home/gilang/MagangBanyu/src/flare -DAMENT_CMAKE_SYMLINK_INSTALL=1 -DCMAKE_INSTALL_PREFIX=/home/gilang/MagangBanyu/install/flare
[4.799s] DEBUG:colcon.colcon_core.event_handler.log_command:Invoking command in '/home/gilang/MagangBanyu/build/flare': CMAKE_PREFIX_PATH=${CMAKE_PREFIX_PATH}:/home/gilang/ros2_ws/install/joystick_ros2:/opt/ros/humble /usr/bin/cmake --build /home/gilang/MagangBanyu/build/flare -- -j12 -l12
[13.549s] DEBUG:colcon.colcon_core.event_handler.log_command:Invoked command in '/home/gilang/MagangBanyu/build/flare' returned '0': CMAKE_PREFIX_PATH=${CMAKE_PREFIX_PATH}:/home/gilang/ros2_ws/install/joystick_ros2:/opt/ros/humble /usr/bin/cmake --build /home/gilang/MagangBanyu/build/flare -- -j12 -l12
[13.639s] DEBUG:colcon.colcon_core.event_handler.log_command:Invoking command in '/home/gilang/MagangBanyu/build/flare': CMAKE_PREFIX_PATH=${CMAKE_PREFIX_PATH}:/home/gilang/ros2_ws/install/joystick_ros2:/opt/ros/humble /usr/bin/cmake --install /home/gilang/MagangBanyu/build/flare
[14.310s] Level 1:colcon.colcon_core.environment:create_environment_scripts_only(flare)
[14.310s] DEBUG:colcon.colcon_core.event_handler.log_command:Invoked command in '/home/gilang/MagangBanyu/build/flare' returned '0': CMAKE_PREFIX_PATH=${CMAKE_PREFIX_PATH}:/home/gilang/ros2_ws/install/joystick_ros2:/opt/ros/humble /usr/bin/cmake --install /home/gilang/MagangBanyu/build/flare
[14.329s] Level 1:colcon.colcon_core.environment:checking '/home/gilang/MagangBanyu/install/flare' for CMake module files
[14.330s] Level 1:colcon.colcon_core.environment:checking '/home/gilang/MagangBanyu/install/flare' for CMake config files
[14.330s] Level 1:colcon.colcon_core.shell:create_environment_hook('flare', 'cmake_prefix_path')
[14.346s] INFO:colcon.colcon_core.shell:Creating environment hook '/home/gilang/MagangBanyu/install/flare/share/flare/hook/cmake_prefix_path.ps1'
[14.347s] INFO:colcon.colcon_core.shell:Creating environment descriptor '/home/gilang/MagangBanyu/install/flare/share/flare/hook/cmake_prefix_path.dsv'
[14.347s] INFO:colcon.colcon_core.shell:Creating environment hook '/home/gilang/MagangBanyu/install/flare/share/flare/hook/cmake_prefix_path.sh'
[14.348s] Level 1:colcon.colcon_core.environment:checking '/home/gilang/MagangBanyu/install/flare/lib'
[14.349s] Level 1:colcon.colcon_core.shell:create_environment_hook('flare', 'ld_library_path_lib')
[14.363s] INFO:colcon.colcon_core.shell:Creating environment hook '/home/gilang/MagangBanyu/install/flare/share/flare/hook/ld_library_path_lib.ps1'
[14.364s] INFO:colcon.colcon_core.shell:Creating environment descriptor '/home/gilang/MagangBanyu/install/flare/share/flare/hook/ld_library_path_lib.dsv'
[14.364s] INFO:colcon.colcon_core.shell:Creating environment hook '/home/gilang/MagangBanyu/install/flare/share/flare/hook/ld_library_path_lib.sh'
[14.364s] Level 1:colcon.colcon_core.environment:checking '/home/gilang/MagangBanyu/install/flare/bin'
[14.364s] Level 1:colcon.colcon_core.environment:checking '/home/gilang/MagangBanyu/install/flare/lib/pkgconfig/flare.pc'
[14.364s] Level 1:colcon.colcon_core.environment:checking '/home/gilang/MagangBanyu/install/flare/lib/python3.10/site-packages'
[14.365s] Level 1:colcon.colcon_core.environment:checking '/home/gilang/MagangBanyu/install/flare/bin'
[14.378s] INFO:colcon.colcon_core.shell:Creating package script '/home/gilang/MagangBanyu/install/flare/share/flare/package.ps1'
[14.379s] INFO:colcon.colcon_core.shell:Creating package descriptor '/home/gilang/MagangBanyu/install/flare/share/flare/package.dsv'
[14.379s] INFO:colcon.colcon_core.shell:Creating package script '/home/gilang/MagangBanyu/install/flare/share/flare/package.sh'
[14.380s] INFO:colcon.colcon_core.shell:Creating package script '/home/gilang/MagangBanyu/install/flare/share/flare/package.bash'
[14.381s] INFO:colcon.colcon_core.shell:Creating package script '/home/gilang/MagangBanyu/install/flare/share/flare/package.zsh'
[14.382s] Level 1:colcon.colcon_core.environment:create_file_with_runtime_dependencies(/home/gilang/MagangBanyu/install/flare/share/colcon-core/packages/flare)
[14.467s] Level 1:colcon.colcon_core.environment:create_environment_scripts_only(flare)
[14.480s] Level 1:colcon.colcon_core.environment:checking '/home/gilang/MagangBanyu/install/flare' for CMake module files
[14.481s] Level 1:colcon.colcon_core.environment:checking '/home/gilang/MagangBanyu/install/flare' for CMake config files
[14.481s] Level 1:colcon.colcon_core.shell:create_environment_hook('flare', 'cmake_prefix_path')
[14.496s] INFO:colcon.colcon_core.shell:Creating environment hook '/home/gilang/MagangBanyu/install/flare/share/flare/hook/cmake_prefix_path.ps1'
[14.497s] INFO:colcon.colcon_core.shell:Creating environment descriptor '/home/gilang/MagangBanyu/install/flare/share/flare/hook/cmake_prefix_path.dsv'
[14.497s] INFO:colcon.colcon_core.shell:Creating environment hook '/home/gilang/MagangBanyu/install/flare/share/flare/hook/cmake_prefix_path.sh'
[14.497s] Level 1:colcon.colcon_core.environment:checking '/home/gilang/MagangBanyu/install/flare/lib'
[14.497s] Level 1:colcon.colcon_core.shell:create_environment_hook('flare', 'ld_library_path_lib')
[14.511s] INFO:colcon.colcon_core.shell:Creating environment hook '/home/gilang/MagangBanyu/install/flare/share/flare/hook/ld_library_path_lib.ps1'
[14.511s] INFO:colcon.colcon_core.shell:Creating environment descriptor '/home/gilang/MagangBanyu/install/flare/share/flare/hook/ld_library_path_lib.dsv'
[14.512s] INFO:colcon.colcon_core.shell:Creating environment hook '/home/gilang/MagangBanyu/install/flare/share/flare/hook/ld_library_path_lib.sh'
[14.512s] Level 1:colcon.colcon_core.environment:checking '/home/gilang/MagangBanyu/install/flare/bin'
[14.512s] Level 1:colcon.colcon_core.environment:checking '/home/gilang/MagangBanyu/install/flare/lib/pkgconfig/flare.pc'
[14.512s] Level 1:colcon.colcon_core.environment:checking '/home/gilang/MagangBanyu/install/flare/lib/python3.10/site-packages'
[14.512s] Level 1:colcon.colcon_core.environment:checking '/home/gilang/MagangBanyu/install/flare/bin'
[14.526s] INFO:colcon.colcon_core.shell:Creating package script '/home/gilang/MagangBanyu/install/flare/share/flare/package.ps1'
[14.526s] INFO:colcon.colcon_core.shell:Creating package descriptor '/home/gilang/MagangBanyu/install/flare/share/flare/package.dsv'
[14.527s] INFO:colcon.colcon_core.shell:Creating package script '/home/gilang/MagangBanyu/install/flare/share/flare/package.sh'
[14.527s] INFO:colcon.colcon_core.shell:Creating package script '/home/gilang/MagangBanyu/install/flare/share/flare/package.bash'
[14.527s] INFO:colcon.colcon_core.shell:Creating package script '/home/gilang/MagangBanyu/install/flare/share/flare/package.zsh'
[14.528s] Level 1:colcon.colcon_core.environment:create_file_with_runtime_dependencies(/home/gilang/MagangBanyu/install/flare/share/colcon-core/packages/flare)
[14.528s] DEBUG:colcon.colcon_parallel_executor.executor.parallel:closing loop
[14.528s] DEBUG:colcon.colcon_parallel_executor.executor.parallel:loop closed
[14.529s] DEBUG:colcon.colcon_parallel_executor.executor.parallel:run_until_complete finished with '0'
[14.529s] DEBUG:colcon.colcon_core.event_reactor:joining thread
[14.550s] INFO:colcon.colcon_core.plugin_system:Skipping extension 'colcon_notification.desktop_notification.terminal_notifier': Not used on non-Darwin systems
[14.551s] INFO:colcon.colcon_core.plugin_system:Skipping extension 'colcon_notification.desktop_notification.win32': Not used on non-Windows systems
[14.551s] INFO:colcon.colcon_notification.desktop_notification:Sending desktop notification using 'notify2'
[14.570s] DEBUG:colcon.colcon_core.event_reactor:joined thread
[14.590s] INFO:colcon.colcon_core.shell:Creating prefix script '/home/gilang/MagangBanyu/install/local_setup.ps1'
[14.592s] INFO:colcon.colcon_core.shell:Creating prefix util module '/home/gilang/MagangBanyu/install/_local_setup_util_ps1.py'
[14.594s] INFO:colcon.colcon_core.shell:Creating prefix chain script '/home/gilang/MagangBanyu/install/setup.ps1'
[14.615s] INFO:colcon.colcon_core.shell:Creating prefix script '/home/gilang/MagangBanyu/install/local_setup.sh'
[14.616s] INFO:colcon.colcon_core.shell:Creating prefix util module '/home/gilang/MagangBanyu/install/_local_setup_util_sh.py'
[14.616s] INFO:colcon.colcon_core.shell:Creating prefix chain script '/home/gilang/MagangBanyu/install/setup.sh'
[14.636s] INFO:colcon.colcon_core.shell:Creating prefix script '/home/gilang/MagangBanyu/install/local_setup.bash'
[14.637s] INFO:colcon.colcon_core.shell:Creating prefix chain script '/home/gilang/MagangBanyu/install/setup.bash'
[14.656s] INFO:colcon.colcon_core.shell:Creating prefix script '/home/gilang/MagangBanyu/install/local_setup.zsh'
[14.657s] INFO:colcon.colcon_core.shell:Creating prefix chain script '/home/gilang/MagangBanyu/install/setup.zsh'
