[0.258s] Invoking command in '/home/gilang/MagangBanyu/build/controller': CMAKE_PREFIX_PATH=${CMAKE_PREFIX_PATH}:/home/gilang/ros2_ws/install/joystick_ros2:/opt/ros/humble /usr/bin/cmake /home/gilang/MagangBanyu/src/controller -DCMAKE_INSTALL_PREFIX=/home/gilang/MagangBanyu/install/controller
[0.293s] -- Found ament_cmake: 1.3.8 (/opt/ros/humble/share/ament_cmake/cmake)
[0.714s] -- Override CMake install command with custom implementation using symlinks instead of copying resources
[0.733s] -- Found sensor_msgs: 4.2.3 (/opt/ros/humble/share/sensor_msgs/cmake)
[0.811s] -- Found rosidl_generator_c: 3.1.5 (/opt/ros/humble/share/rosidl_generator_c/cmake)
[0.818s] -- Found rosidl_adapter: 3.1.5 (/opt/ros/humble/share/rosidl_adapter/cmake)
[0.837s] -- Found rosidl_generator_cpp: 3.1.5 (/opt/ros/humble/share/rosidl_generator_cpp/cmake)
[0.877s] -- Using all available rosidl_typesupport_c: rosidl_typesupport_fastrtps_c;rosidl_typesupport_introspection_c
[0.935s] -- Using all available rosidl_typesupport_cpp: rosidl_typesupport_fastrtps_cpp;rosidl_typesupport_introspection_cpp
[1.384s] -- Found rclcpp: 16.0.8 (/opt/ros/humble/share/rclcpp/cmake)
[1.471s] -- Found rmw_implementation_cmake: 6.1.1 (/opt/ros/humble/share/rmw_implementation_cmake/cmake)
[1.473s] -- Found rmw_fastrtps_cpp: 6.2.6 (/opt/ros/humble/share/rmw_fastrtps_cpp/cmake)
[1.690s] -- Using RMW implementation 'rmw_fastrtps_cpp' as default
[1.927s] -- Found rosidl_default_generators: 1.2.0 (/opt/ros/humble/share/rosidl_default_generators/cmake)
[2.444s] -- Found ament_cmake_ros: 0.10.0 (/opt/ros/humble/share/ament_cmake_ros/cmake)
[3.134s] -- Using all available rosidl_typesupport_c: rosidl_typesupport_fastrtps_c;rosidl_typesupport_introspection_c
[3.379s] -- Using all available rosidl_typesupport_cpp: rosidl_typesupport_fastrtps_cpp;rosidl_typesupport_introspection_cpp
[3.425s] -- Found python_cmake_module: 0.10.0 (/opt/ros/humble/share/python_cmake_module/cmake)
[3.473s] -- Using PYTHON_EXECUTABLE: /usr/bin/python3
[3.473s] -- Using PYTHON_INCLUDE_DIRS: /usr/include/python3.10
[3.473s] -- Using PYTHON_LIBRARIES: /usr/lib/x86_64-linux-gnu/libpython3.10.so
[3.501s] -- Found ament_lint_auto: 0.12.10 (/opt/ros/humble/share/ament_lint_auto/cmake)
[3.519s] -- Added test 'cppcheck' to perform static code analysis on C / C++ code
[3.520s] -- Configured cppcheck include dirs: 
[3.520s] -- Configured cppcheck exclude dirs and/or files: 
[3.521s] -- Added test 'lint_cmake' to check CMake code style
[3.522s] -- Added test 'uncrustify' to check C / C++ code style
[3.522s] -- Configured uncrustify additional arguments: 
[3.522s] -- Added test 'xmllint' to check XML markup files
[3.527s] -- Configuring done
[3.587s] -- Generating done
[3.593s] -- Build files have been written to: /home/gilang/MagangBanyu/build/controller
[3.611s] Invoked command in '/home/gilang/MagangBanyu/build/controller' returned '0': CMAKE_PREFIX_PATH=${CMAKE_PREFIX_PATH}:/home/gilang/ros2_ws/install/joystick_ros2:/opt/ros/humble /usr/bin/cmake /home/gilang/MagangBanyu/src/controller -DCMAKE_INSTALL_PREFIX=/home/gilang/MagangBanyu/install/controller
[3.615s] Invoking command in '/home/gilang/MagangBanyu/build/controller': CMAKE_PREFIX_PATH=${CMAKE_PREFIX_PATH}:/home/gilang/ros2_ws/install/joystick_ros2:/opt/ros/humble /usr/bin/cmake --build /home/gilang/MagangBanyu/build/controller -- -j12 -l12
[3.716s] [35m[1mConsolidate compiler generated dependencies of target controller__rosidl_generator_c[0m
[3.739s] [  9%] Built target controller__rosidl_generator_c
[3.739s] [ 12%] Built target controller__cpp
[3.761s] [ 12%] Built target ament_cmake_python_symlink_controller
[3.763s] [35m[1mConsolidate compiler generated dependencies of target controller__rosidl_typesupport_c[0m
[3.764s] [35m[1mConsolidate compiler generated dependencies of target controller__rosidl_typesupport_introspection_c[0m
[3.767s] [35m[1mConsolidate compiler generated dependencies of target controller__rosidl_typesupport_fastrtps_c[0m
[3.769s] [35m[1mConsolidate compiler generated dependencies of target controller__rosidl_typesupport_introspection_cpp[0m
[3.789s] [ 21%] Built target controller__rosidl_typesupport_c
[3.789s] [35m[1mConsolidate compiler generated dependencies of target controller__rosidl_typesupport_cpp[0m
[3.792s] [ 30%] Built target controller__rosidl_typesupport_introspection_c
[3.798s] [ 39%] Built target controller__rosidl_typesupport_fastrtps_c
[3.804s] [35m[1mConsolidate compiler generated dependencies of target controller__rosidl_typesupport_fastrtps_cpp[0m
[3.806s] [ 48%] Built target controller__rosidl_typesupport_introspection_cpp
[3.819s] [ 57%] Built target controller__rosidl_typesupport_cpp
[3.837s] [ 66%] Built target controller__rosidl_typesupport_fastrtps_cpp
[3.844s] [35m[1mConsolidate compiler generated dependencies of target publisher[0m
[3.889s] [ 69%] [32mBuilding CXX object CMakeFiles/publisher.dir/src/robot_controller.cpp.o[0m
[3.890s] [ 69%] Built target controller
[3.929s] [ 72%] Built target controller__py
[3.952s] [35m[1mConsolidate compiler generated dependencies of target controller__rosidl_generator_py[0m
[3.977s] [ 78%] Built target controller__rosidl_generator_py
[4.000s] [35m[1mConsolidate compiler generated dependencies of target controller__rosidl_typesupport_c__pyext[0m
[4.001s] [35m[1mConsolidate compiler generated dependencies of target controller__rosidl_typesupport_fastrtps_c__pyext[0m
[4.001s] [35m[1mConsolidate compiler generated dependencies of target controller__rosidl_typesupport_introspection_c__pyext[0m
[4.027s] [ 84%] Built target controller__rosidl_typesupport_fastrtps_c__pyext
[4.029s] [ 90%] Built target controller__rosidl_typesupport_c__pyext
[4.030s] [ 96%] Built target controller__rosidl_typesupport_introspection_c__pyext
[4.204s] running egg_info
[4.230s] writing controller.egg-info/PKG-INFO
[4.231s] writing dependency_links to controller.egg-info/dependency_links.txt
[4.231s] writing top-level names to controller.egg-info/top_level.txt
[4.305s] reading manifest file 'controller.egg-info/SOURCES.txt'
[4.306s] writing manifest file 'controller.egg-info/SOURCES.txt'
[4.357s] [ 96%] Built target ament_cmake_python_build_controller_egg
[17.226s] [100%] [32m[1mLinking CXX executable publisher[0m
[18.202s] [100%] Built target publisher
[18.243s] Invoked command in '/home/gilang/MagangBanyu/build/controller' returned '0': CMAKE_PREFIX_PATH=${CMAKE_PREFIX_PATH}:/home/gilang/ros2_ws/install/joystick_ros2:/opt/ros/humble /usr/bin/cmake --build /home/gilang/MagangBanyu/build/controller -- -j12 -l12
[18.458s] Invoking command in '/home/gilang/MagangBanyu/build/controller': CMAKE_PREFIX_PATH=${CMAKE_PREFIX_PATH}:/home/gilang/ros2_ws/install/joystick_ros2:/opt/ros/humble /usr/bin/cmake --install /home/gilang/MagangBanyu/build/controller
[18.469s] -- Install configuration: ""
[18.470s] -- Execute custom install script
[18.470s] -- Up-to-date symlink: /home/gilang/MagangBanyu/install/controller/share/ament_index/resource_index/rosidl_interfaces/controller
[18.471s] -- Up-to-date symlink: /home/gilang/MagangBanyu/install/controller/include/controller/controller/msg/detail/motion__functions.h
[18.471s] -- Up-to-date symlink: /home/gilang/MagangBanyu/install/controller/include/controller/controller/msg/detail/motion__struct.h
[18.471s] -- Up-to-date symlink: /home/gilang/MagangBanyu/install/controller/include/controller/controller/msg/detail/motion__type_support.h
[18.471s] -- Up-to-date symlink: /home/gilang/MagangBanyu/install/controller/include/controller/controller/msg/motion.h
[18.471s] -- Up-to-date symlink: /home/gilang/MagangBanyu/install/controller/include/controller/controller/msg/rosidl_generator_c__visibility_control.h
[18.471s] -- Up-to-date symlink: /home/gilang/MagangBanyu/install/controller/share/controller/environment/library_path.sh
[18.472s] -- Up-to-date symlink: /home/gilang/MagangBanyu/install/controller/share/controller/environment/library_path.dsv
[18.472s] -- Up-to-date symlink: /home/gilang/MagangBanyu/install/controller/include/controller/controller/msg/detail/motion__rosidl_typesupport_fastrtps_c.h
[18.472s] -- Up-to-date symlink: /home/gilang/MagangBanyu/install/controller/include/controller/controller/msg/rosidl_typesupport_fastrtps_c__visibility_control.h
[18.472s] -- Up-to-date symlink: /home/gilang/MagangBanyu/install/controller/include/controller/controller/msg/detail/motion__builder.hpp
[18.473s] -- Up-to-date symlink: /home/gilang/MagangBanyu/install/controller/include/controller/controller/msg/detail/motion__struct.hpp
[18.473s] -- Up-to-date symlink: /home/gilang/MagangBanyu/install/controller/include/controller/controller/msg/detail/motion__traits.hpp
[18.473s] -- Up-to-date symlink: /home/gilang/MagangBanyu/install/controller/include/controller/controller/msg/motion.hpp
[18.473s] -- Up-to-date symlink: /home/gilang/MagangBanyu/install/controller/include/controller/controller/msg/detail/motion__rosidl_typesupport_fastrtps_cpp.hpp
[18.473s] -- Up-to-date symlink: /home/gilang/MagangBanyu/install/controller/include/controller/controller/msg/rosidl_typesupport_fastrtps_cpp__visibility_control.h
[18.474s] -- Up-to-date symlink: /home/gilang/MagangBanyu/install/controller/include/controller/controller/msg/detail/motion__rosidl_typesupport_introspection_c.h
[18.474s] -- Up-to-date symlink: /home/gilang/MagangBanyu/install/controller/include/controller/controller/msg/rosidl_typesupport_introspection_c__visibility_control.h
[18.474s] -- Up-to-date symlink: /home/gilang/MagangBanyu/install/controller/include/controller/controller/msg/detail/motion__rosidl_typesupport_introspection_cpp.hpp
[18.474s] -- Up-to-date symlink: /home/gilang/MagangBanyu/install/controller/share/controller/environment/pythonpath.sh
[18.474s] -- Up-to-date symlink: /home/gilang/MagangBanyu/install/controller/share/controller/environment/pythonpath.dsv
[18.475s] -- Up-to-date symlink: /home/gilang/MagangBanyu/install/controller/local/lib/python3.10/dist-packages/controller-0.0.0-py3.10.egg-info/PKG-INFO
[18.475s] -- Up-to-date symlink: /home/gilang/MagangBanyu/install/controller/local/lib/python3.10/dist-packages/controller-0.0.0-py3.10.egg-info/SOURCES.txt
[18.475s] -- Up-to-date symlink: /home/gilang/MagangBanyu/install/controller/local/lib/python3.10/dist-packages/controller-0.0.0-py3.10.egg-info/dependency_links.txt
[18.475s] -- Up-to-date symlink: /home/gilang/MagangBanyu/install/controller/local/lib/python3.10/dist-packages/controller-0.0.0-py3.10.egg-info/top_level.txt
[18.476s] -- Up-to-date symlink: /home/gilang/MagangBanyu/install/controller/local/lib/python3.10/dist-packages/controller/__init__.py
[18.476s] -- Up-to-date symlink: /home/gilang/MagangBanyu/install/controller/local/lib/python3.10/dist-packages/controller/_controller_s.ep.rosidl_typesupport_c.c
[18.476s] -- Up-to-date symlink: /home/gilang/MagangBanyu/install/controller/local/lib/python3.10/dist-packages/controller/_controller_s.ep.rosidl_typesupport_fastrtps_c.c
[18.476s] -- Up-to-date symlink: /home/gilang/MagangBanyu/install/controller/local/lib/python3.10/dist-packages/controller/_controller_s.ep.rosidl_typesupport_introspection_c.c
[18.476s] -- Up-to-date symlink: /home/gilang/MagangBanyu/install/controller/local/lib/python3.10/dist-packages/controller/controller_s__rosidl_typesupport_c.cpython-310-x86_64-linux-gnu.so
[18.477s] -- Up-to-date symlink: /home/gilang/MagangBanyu/install/controller/local/lib/python3.10/dist-packages/controller/controller_s__rosidl_typesupport_fastrtps_c.cpython-310-x86_64-linux-gnu.so
[18.477s] -- Up-to-date symlink: /home/gilang/MagangBanyu/install/controller/local/lib/python3.10/dist-packages/controller/controller_s__rosidl_typesupport_introspection_c.cpython-310-x86_64-linux-gnu.so
[18.477s] -- Up-to-date symlink: /home/gilang/MagangBanyu/install/controller/local/lib/python3.10/dist-packages/controller/libcontroller__rosidl_generator_py.so
[18.477s] -- Up-to-date symlink: /home/gilang/MagangBanyu/install/controller/local/lib/python3.10/dist-packages/controller/msg/__init__.py
[18.477s] -- Up-to-date symlink: /home/gilang/MagangBanyu/install/controller/local/lib/python3.10/dist-packages/controller/msg/_motion.py
[18.477s] -- Up-to-date symlink: /home/gilang/MagangBanyu/install/controller/local/lib/python3.10/dist-packages/controller/msg/_motion_s.c
[18.478s] -- Up-to-date symlink: /home/gilang/MagangBanyu/install/controller/local/lib/python3.10/dist-packages/controller/controller_s__rosidl_typesupport_fastrtps_c.cpython-310-x86_64-linux-gnu.so
[18.478s] -- Up-to-date symlink: /home/gilang/MagangBanyu/install/controller/local/lib/python3.10/dist-packages/controller/controller_s__rosidl_typesupport_introspection_c.cpython-310-x86_64-linux-gnu.so
[18.478s] -- Up-to-date symlink: /home/gilang/MagangBanyu/install/controller/local/lib/python3.10/dist-packages/controller/controller_s__rosidl_typesupport_c.cpython-310-x86_64-linux-gnu.so
[18.478s] -- Up-to-date symlink: /home/gilang/MagangBanyu/install/controller/share/controller/msg/Motion.idl
[18.479s] -- Up-to-date symlink: /home/gilang/MagangBanyu/install/controller/share/controller/msg/Motion.msg
[18.479s] -- Up-to-date symlink: /home/gilang/MagangBanyu/install/controller/lib/controller/publisher
[18.479s] -- Up-to-date symlink: /home/gilang/MagangBanyu/install/controller/share/ament_index/resource_index/package_run_dependencies/controller
[18.479s] -- Up-to-date symlink: /home/gilang/MagangBanyu/install/controller/share/ament_index/resource_index/parent_prefix_path/controller
[18.479s] -- Up-to-date symlink: /home/gilang/MagangBanyu/install/controller/share/controller/environment/ament_prefix_path.sh
[18.480s] -- Up-to-date symlink: /home/gilang/MagangBanyu/install/controller/share/controller/environment/ament_prefix_path.dsv
[18.480s] -- Up-to-date symlink: /home/gilang/MagangBanyu/install/controller/share/controller/environment/path.sh
[18.480s] -- Up-to-date symlink: /home/gilang/MagangBanyu/install/controller/share/controller/environment/path.dsv
[18.480s] -- Up-to-date symlink: /home/gilang/MagangBanyu/install/controller/share/controller/local_setup.bash
[18.480s] -- Up-to-date symlink: /home/gilang/MagangBanyu/install/controller/share/controller/local_setup.sh
[18.480s] -- Up-to-date symlink: /home/gilang/MagangBanyu/install/controller/share/controller/local_setup.zsh
[18.481s] -- Up-to-date symlink: /home/gilang/MagangBanyu/install/controller/share/controller/local_setup.dsv
[18.481s] -- Symlinking: /home/gilang/MagangBanyu/install/controller/share/controller/package.dsv
[18.497s] -- Up-to-date symlink: /home/gilang/MagangBanyu/install/controller/share/ament_index/resource_index/packages/controller
[18.497s] -- Up-to-date symlink: /home/gilang/MagangBanyu/install/controller/share/controller/cmake/rosidl_cmake-extras.cmake
[18.497s] -- Up-to-date symlink: /home/gilang/MagangBanyu/install/controller/share/controller/cmake/ament_cmake_export_include_directories-extras.cmake
[18.497s] -- Up-to-date symlink: /home/gilang/MagangBanyu/install/controller/share/controller/cmake/ament_cmake_export_libraries-extras.cmake
[18.498s] -- Up-to-date symlink: /home/gilang/MagangBanyu/install/controller/share/controller/cmake/ament_cmake_export_targets-extras.cmake
[18.498s] -- Up-to-date symlink: /home/gilang/MagangBanyu/install/controller/share/controller/cmake/rosidl_cmake_export_typesupport_targets-extras.cmake
[18.498s] -- Up-to-date symlink: /home/gilang/MagangBanyu/install/controller/share/controller/cmake/ament_cmake_export_dependencies-extras.cmake
[18.498s] -- Up-to-date symlink: /home/gilang/MagangBanyu/install/controller/share/controller/cmake/rosidl_cmake_export_typesupport_libraries-extras.cmake
[18.498s] -- Up-to-date symlink: /home/gilang/MagangBanyu/install/controller/share/controller/cmake/controllerConfig.cmake
[18.498s] -- Up-to-date symlink: /home/gilang/MagangBanyu/install/controller/share/controller/cmake/controllerConfig-version.cmake
[18.498s] -- Up-to-date symlink: /home/gilang/MagangBanyu/install/controller/share/controller/package.xml
[18.499s] -- Up-to-date: /home/gilang/MagangBanyu/install/controller/lib/libcontroller__rosidl_generator_c.so
[18.499s] -- Up-to-date: /home/gilang/MagangBanyu/install/controller/lib/libcontroller__rosidl_typesupport_fastrtps_c.so
[18.499s] -- Up-to-date: /home/gilang/MagangBanyu/install/controller/lib/libcontroller__rosidl_typesupport_fastrtps_cpp.so
[18.500s] -- Up-to-date: /home/gilang/MagangBanyu/install/controller/lib/libcontroller__rosidl_typesupport_introspection_c.so
[18.500s] -- Up-to-date: /home/gilang/MagangBanyu/install/controller/lib/libcontroller__rosidl_typesupport_c.so
[18.500s] -- Up-to-date: /home/gilang/MagangBanyu/install/controller/lib/libcontroller__rosidl_typesupport_introspection_cpp.so
[18.500s] -- Up-to-date: /home/gilang/MagangBanyu/install/controller/lib/libcontroller__rosidl_typesupport_cpp.so
[18.564s] Listing '/home/gilang/MagangBanyu/install/controller/local/lib/python3.10/dist-packages/controller'...
[18.565s] Compiling '/home/gilang/MagangBanyu/install/controller/local/lib/python3.10/dist-packages/controller/__init__.py'...
[18.565s] Listing '/home/gilang/MagangBanyu/install/controller/local/lib/python3.10/dist-packages/controller/msg'...
[18.574s] -- Up-to-date: /home/gilang/MagangBanyu/install/controller/lib/libcontroller__rosidl_generator_py.so
[18.574s] -- Up-to-date: /home/gilang/MagangBanyu/install/controller/share/controller/cmake/export_controller__rosidl_generator_cExport.cmake
[18.574s] -- Up-to-date: /home/gilang/MagangBanyu/install/controller/share/controller/cmake/export_controller__rosidl_generator_cExport-noconfig.cmake
[18.575s] -- Up-to-date: /home/gilang/MagangBanyu/install/controller/share/controller/cmake/export_controller__rosidl_typesupport_fastrtps_cExport.cmake
[18.575s] -- Up-to-date: /home/gilang/MagangBanyu/install/controller/share/controller/cmake/export_controller__rosidl_typesupport_fastrtps_cExport-noconfig.cmake
[18.575s] -- Up-to-date: /home/gilang/MagangBanyu/install/controller/share/controller/cmake/export_controller__rosidl_generator_cppExport.cmake
[18.575s] -- Up-to-date: /home/gilang/MagangBanyu/install/controller/share/controller/cmake/export_controller__rosidl_typesupport_fastrtps_cppExport.cmake
[18.575s] -- Up-to-date: /home/gilang/MagangBanyu/install/controller/share/controller/cmake/export_controller__rosidl_typesupport_fastrtps_cppExport-noconfig.cmake
[18.576s] -- Up-to-date: /home/gilang/MagangBanyu/install/controller/share/controller/cmake/controller__rosidl_typesupport_introspection_cExport.cmake
[18.576s] -- Up-to-date: /home/gilang/MagangBanyu/install/controller/share/controller/cmake/controller__rosidl_typesupport_introspection_cExport-noconfig.cmake
[18.576s] -- Up-to-date: /home/gilang/MagangBanyu/install/controller/share/controller/cmake/controller__rosidl_typesupport_cExport.cmake
[18.576s] -- Up-to-date: /home/gilang/MagangBanyu/install/controller/share/controller/cmake/controller__rosidl_typesupport_cExport-noconfig.cmake
[18.576s] -- Up-to-date: /home/gilang/MagangBanyu/install/controller/share/controller/cmake/controller__rosidl_typesupport_introspection_cppExport.cmake
[18.576s] -- Up-to-date: /home/gilang/MagangBanyu/install/controller/share/controller/cmake/controller__rosidl_typesupport_introspection_cppExport-noconfig.cmake
[18.576s] -- Up-to-date: /home/gilang/MagangBanyu/install/controller/share/controller/cmake/controller__rosidl_typesupport_cppExport.cmake
[18.577s] -- Up-to-date: /home/gilang/MagangBanyu/install/controller/share/controller/cmake/controller__rosidl_typesupport_cppExport-noconfig.cmake
[18.577s] -- Up-to-date: /home/gilang/MagangBanyu/install/controller/share/controller/cmake/export_controller__rosidl_generator_pyExport.cmake
[18.577s] -- Up-to-date: /home/gilang/MagangBanyu/install/controller/share/controller/cmake/export_controller__rosidl_generator_pyExport-noconfig.cmake
[18.581s] Invoked command in '/home/gilang/MagangBanyu/build/controller' returned '0': CMAKE_PREFIX_PATH=${CMAKE_PREFIX_PATH}:/home/gilang/ros2_ws/install/joystick_ros2:/opt/ros/humble /usr/bin/cmake --install /home/gilang/MagangBanyu/build/controller
