[0.159s] Invoking command in '/home/gilang/MagangBanyu/build/controller': CMAKE_PREFIX_PATH=${CMAKE_PREFIX_PATH}:/home/gilang/ros2_ws/install/joystick_ros2:/opt/ros/humble /usr/bin/cmake --build /home/gilang/MagangBanyu/build/controller -- -j12 -l12
[0.256s] [  9%] Built target controller__rosidl_generator_c
[0.257s] [ 12%] Built target controller__cpp
[0.284s] [ 12%] Built target ament_cmake_python_symlink_controller
[0.332s] [ 21%] Built target controller__rosidl_typesupport_fastrtps_c
[0.334s] [ 30%] Built target controller__rosidl_typesupport_c
[0.335s] [ 57%] Built target controller__rosidl_typesupport_fastrtps_cpp
[0.336s] [ 57%] Built target controller__rosidl_typesupport_cpp
[0.339s] [ 66%] Built target controller__rosidl_typesupport_introspection_cpp
[0.349s] [ 57%] Built target controller__rosidl_typesupport_introspection_c
[0.380s] [35m[1mConsolidate compiler generated dependencies of target publisher[0m
[0.412s] [ 66%] Built target controller
[0.442s] [ 72%] Built target publisher
[0.477s] [ 75%] Built target controller__py
[0.518s] [ 81%] Built target controller__rosidl_generator_py
[0.570s] [ 87%] Built target controller__rosidl_typesupport_introspection_c__pyext
[0.574s] [ 93%] Built target controller__rosidl_typesupport_fastrtps_c__pyext
[0.575s] [100%] Built target controller__rosidl_typesupport_c__pyext
[0.777s] running egg_info
[0.799s] writing controller.egg-info/PKG-INFO
[0.800s] writing dependency_links to controller.egg-info/dependency_links.txt
[0.800s] writing top-level names to controller.egg-info/top_level.txt
[0.873s] reading manifest file 'controller.egg-info/SOURCES.txt'
[0.874s] writing manifest file 'controller.egg-info/SOURCES.txt'
[0.923s] [100%] Built target ament_cmake_python_build_controller_egg
[0.945s] Invoked command in '/home/gilang/MagangBanyu/build/controller' returned '0': CMAKE_PREFIX_PATH=${CMAKE_PREFIX_PATH}:/home/gilang/ros2_ws/install/joystick_ros2:/opt/ros/humble /usr/bin/cmake --build /home/gilang/MagangBanyu/build/controller -- -j12 -l12
[1.068s] Invoking command in '/home/gilang/MagangBanyu/build/controller': CMAKE_PREFIX_PATH=${CMAKE_PREFIX_PATH}:/home/gilang/ros2_ws/install/joystick_ros2:/opt/ros/humble /usr/bin/cmake --install /home/gilang/MagangBanyu/build/controller
[1.081s] -- Install configuration: ""
[1.082s] -- Execute custom install script
[1.082s] -- Up-to-date symlink: /home/gilang/MagangBanyu/install/controller/share/ament_index/resource_index/rosidl_interfaces/controller
[1.083s] -- Up-to-date symlink: /home/gilang/MagangBanyu/install/controller/include/controller/controller/msg/detail/motion__functions.h
[1.084s] -- Up-to-date symlink: /home/gilang/MagangBanyu/install/controller/include/controller/controller/msg/detail/motion__struct.h
[1.084s] -- Up-to-date symlink: /home/gilang/MagangBanyu/install/controller/include/controller/controller/msg/detail/motion__type_support.h
[1.084s] -- Up-to-date symlink: /home/gilang/MagangBanyu/install/controller/include/controller/controller/msg/motion.h
[1.084s] -- Up-to-date symlink: /home/gilang/MagangBanyu/install/controller/include/controller/controller/msg/rosidl_generator_c__visibility_control.h
[1.085s] -- Up-to-date symlink: /home/gilang/MagangBanyu/install/controller/share/controller/environment/library_path.sh
[1.085s] -- Up-to-date symlink: /home/gilang/MagangBanyu/install/controller/share/controller/environment/library_path.dsv
[1.085s] -- Up-to-date symlink: /home/gilang/MagangBanyu/install/controller/include/controller/controller/msg/detail/motion__rosidl_typesupport_fastrtps_c.h
[1.086s] -- Up-to-date symlink: /home/gilang/MagangBanyu/install/controller/include/controller/controller/msg/rosidl_typesupport_fastrtps_c__visibility_control.h
[1.086s] -- Up-to-date symlink: /home/gilang/MagangBanyu/install/controller/include/controller/controller/msg/detail/motion__builder.hpp
[1.086s] -- Up-to-date symlink: /home/gilang/MagangBanyu/install/controller/include/controller/controller/msg/detail/motion__struct.hpp
[1.086s] -- Up-to-date symlink: /home/gilang/MagangBanyu/install/controller/include/controller/controller/msg/detail/motion__traits.hpp
[1.087s] -- Up-to-date symlink: /home/gilang/MagangBanyu/install/controller/include/controller/controller/msg/motion.hpp
[1.087s] -- Up-to-date symlink: /home/gilang/MagangBanyu/install/controller/include/controller/controller/msg/detail/motion__rosidl_typesupport_fastrtps_cpp.hpp
[1.087s] -- Up-to-date symlink: /home/gilang/MagangBanyu/install/controller/include/controller/controller/msg/rosidl_typesupport_fastrtps_cpp__visibility_control.h
[1.088s] -- Up-to-date symlink: /home/gilang/MagangBanyu/install/controller/include/controller/controller/msg/detail/motion__rosidl_typesupport_introspection_c.h
[1.088s] -- Up-to-date symlink: /home/gilang/MagangBanyu/install/controller/include/controller/controller/msg/rosidl_typesupport_introspection_c__visibility_control.h
[1.088s] -- Up-to-date symlink: /home/gilang/MagangBanyu/install/controller/include/controller/controller/msg/detail/motion__rosidl_typesupport_introspection_cpp.hpp
[1.089s] -- Up-to-date symlink: /home/gilang/MagangBanyu/install/controller/share/controller/environment/pythonpath.sh
[1.089s] -- Up-to-date symlink: /home/gilang/MagangBanyu/install/controller/share/controller/environment/pythonpath.dsv
[1.090s] -- Up-to-date symlink: /home/gilang/MagangBanyu/install/controller/local/lib/python3.10/dist-packages/controller-0.0.0-py3.10.egg-info/PKG-INFO
[1.090s] -- Up-to-date symlink: /home/gilang/MagangBanyu/install/controller/local/lib/python3.10/dist-packages/controller-0.0.0-py3.10.egg-info/SOURCES.txt
[1.090s] -- Up-to-date symlink: /home/gilang/MagangBanyu/install/controller/local/lib/python3.10/dist-packages/controller-0.0.0-py3.10.egg-info/dependency_links.txt
[1.091s] -- Up-to-date symlink: /home/gilang/MagangBanyu/install/controller/local/lib/python3.10/dist-packages/controller-0.0.0-py3.10.egg-info/top_level.txt
[1.091s] -- Up-to-date symlink: /home/gilang/MagangBanyu/install/controller/local/lib/python3.10/dist-packages/controller/__init__.py
[1.091s] -- Up-to-date symlink: /home/gilang/MagangBanyu/install/controller/local/lib/python3.10/dist-packages/controller/_controller_s.ep.rosidl_typesupport_c.c
[1.091s] -- Up-to-date symlink: /home/gilang/MagangBanyu/install/controller/local/lib/python3.10/dist-packages/controller/_controller_s.ep.rosidl_typesupport_fastrtps_c.c
[1.092s] -- Up-to-date symlink: /home/gilang/MagangBanyu/install/controller/local/lib/python3.10/dist-packages/controller/_controller_s.ep.rosidl_typesupport_introspection_c.c
[1.092s] -- Up-to-date symlink: /home/gilang/MagangBanyu/install/controller/local/lib/python3.10/dist-packages/controller/controller_s__rosidl_typesupport_c.cpython-310-x86_64-linux-gnu.so
[1.092s] -- Up-to-date symlink: /home/gilang/MagangBanyu/install/controller/local/lib/python3.10/dist-packages/controller/controller_s__rosidl_typesupport_fastrtps_c.cpython-310-x86_64-linux-gnu.so
[1.093s] -- Up-to-date symlink: /home/gilang/MagangBanyu/install/controller/local/lib/python3.10/dist-packages/controller/controller_s__rosidl_typesupport_introspection_c.cpython-310-x86_64-linux-gnu.so
[1.093s] -- Up-to-date symlink: /home/gilang/MagangBanyu/install/controller/local/lib/python3.10/dist-packages/controller/libcontroller__rosidl_generator_py.so
[1.094s] -- Up-to-date symlink: /home/gilang/MagangBanyu/install/controller/local/lib/python3.10/dist-packages/controller/msg/__init__.py
[1.094s] -- Up-to-date symlink: /home/gilang/MagangBanyu/install/controller/local/lib/python3.10/dist-packages/controller/msg/_motion.py
[1.094s] -- Up-to-date symlink: /home/gilang/MagangBanyu/install/controller/local/lib/python3.10/dist-packages/controller/msg/_motion_s.c
[1.095s] -- Up-to-date symlink: /home/gilang/MagangBanyu/install/controller/local/lib/python3.10/dist-packages/controller/controller_s__rosidl_typesupport_fastrtps_c.cpython-310-x86_64-linux-gnu.so
[1.095s] -- Up-to-date symlink: /home/gilang/MagangBanyu/install/controller/local/lib/python3.10/dist-packages/controller/controller_s__rosidl_typesupport_introspection_c.cpython-310-x86_64-linux-gnu.so
[1.095s] -- Up-to-date symlink: /home/gilang/MagangBanyu/install/controller/local/lib/python3.10/dist-packages/controller/controller_s__rosidl_typesupport_c.cpython-310-x86_64-linux-gnu.so
[1.095s] -- Up-to-date symlink: /home/gilang/MagangBanyu/install/controller/share/controller/msg/Motion.idl
[1.095s] -- Up-to-date symlink: /home/gilang/MagangBanyu/install/controller/share/controller/msg/Motion.msg
[1.095s] -- Up-to-date symlink: /home/gilang/MagangBanyu/install/controller/lib/controller/publisher
[1.096s] -- Up-to-date symlink: /home/gilang/MagangBanyu/install/controller/share/ament_index/resource_index/package_run_dependencies/controller
[1.096s] -- Up-to-date symlink: /home/gilang/MagangBanyu/install/controller/share/ament_index/resource_index/parent_prefix_path/controller
[1.096s] -- Up-to-date symlink: /home/gilang/MagangBanyu/install/controller/share/controller/environment/ament_prefix_path.sh
[1.096s] -- Up-to-date symlink: /home/gilang/MagangBanyu/install/controller/share/controller/environment/ament_prefix_path.dsv
[1.096s] -- Up-to-date symlink: /home/gilang/MagangBanyu/install/controller/share/controller/environment/path.sh
[1.096s] -- Up-to-date symlink: /home/gilang/MagangBanyu/install/controller/share/controller/environment/path.dsv
[1.097s] -- Up-to-date symlink: /home/gilang/MagangBanyu/install/controller/share/controller/local_setup.bash
[1.097s] -- Up-to-date symlink: /home/gilang/MagangBanyu/install/controller/share/controller/local_setup.sh
[1.097s] -- Up-to-date symlink: /home/gilang/MagangBanyu/install/controller/share/controller/local_setup.zsh
[1.097s] -- Up-to-date symlink: /home/gilang/MagangBanyu/install/controller/share/controller/local_setup.dsv
[1.097s] -- Symlinking: /home/gilang/MagangBanyu/install/controller/share/controller/package.dsv
[1.112s] -- Up-to-date symlink: /home/gilang/MagangBanyu/install/controller/share/ament_index/resource_index/packages/controller
[1.112s] -- Up-to-date symlink: /home/gilang/MagangBanyu/install/controller/share/controller/cmake/rosidl_cmake-extras.cmake
[1.112s] -- Up-to-date symlink: /home/gilang/MagangBanyu/install/controller/share/controller/cmake/ament_cmake_export_include_directories-extras.cmake
[1.112s] -- Up-to-date symlink: /home/gilang/MagangBanyu/install/controller/share/controller/cmake/ament_cmake_export_libraries-extras.cmake
[1.112s] -- Up-to-date symlink: /home/gilang/MagangBanyu/install/controller/share/controller/cmake/ament_cmake_export_targets-extras.cmake
[1.113s] -- Up-to-date symlink: /home/gilang/MagangBanyu/install/controller/share/controller/cmake/rosidl_cmake_export_typesupport_targets-extras.cmake
[1.113s] -- Up-to-date symlink: /home/gilang/MagangBanyu/install/controller/share/controller/cmake/ament_cmake_export_dependencies-extras.cmake
[1.113s] -- Up-to-date symlink: /home/gilang/MagangBanyu/install/controller/share/controller/cmake/rosidl_cmake_export_typesupport_libraries-extras.cmake
[1.113s] -- Up-to-date symlink: /home/gilang/MagangBanyu/install/controller/share/controller/cmake/controllerConfig.cmake
[1.113s] -- Up-to-date symlink: /home/gilang/MagangBanyu/install/controller/share/controller/cmake/controllerConfig-version.cmake
[1.113s] -- Up-to-date symlink: /home/gilang/MagangBanyu/install/controller/share/controller/package.xml
[1.114s] -- Up-to-date: /home/gilang/MagangBanyu/install/controller/lib/libcontroller__rosidl_generator_c.so
[1.114s] -- Up-to-date: /home/gilang/MagangBanyu/install/controller/lib/libcontroller__rosidl_typesupport_fastrtps_c.so
[1.115s] -- Up-to-date: /home/gilang/MagangBanyu/install/controller/lib/libcontroller__rosidl_typesupport_fastrtps_cpp.so
[1.115s] -- Up-to-date: /home/gilang/MagangBanyu/install/controller/lib/libcontroller__rosidl_typesupport_introspection_c.so
[1.115s] -- Up-to-date: /home/gilang/MagangBanyu/install/controller/lib/libcontroller__rosidl_typesupport_c.so
[1.115s] -- Up-to-date: /home/gilang/MagangBanyu/install/controller/lib/libcontroller__rosidl_typesupport_introspection_cpp.so
[1.116s] -- Up-to-date: /home/gilang/MagangBanyu/install/controller/lib/libcontroller__rosidl_typesupport_cpp.so
[1.180s] Listing '/home/gilang/MagangBanyu/install/controller/local/lib/python3.10/dist-packages/controller'...
[1.180s] Listing '/home/gilang/MagangBanyu/install/controller/local/lib/python3.10/dist-packages/controller/msg'...
[1.191s] -- Up-to-date: /home/gilang/MagangBanyu/install/controller/lib/libcontroller__rosidl_generator_py.so
[1.191s] -- Up-to-date: /home/gilang/MagangBanyu/install/controller/share/controller/cmake/export_controller__rosidl_generator_cExport.cmake
[1.191s] -- Up-to-date: /home/gilang/MagangBanyu/install/controller/share/controller/cmake/export_controller__rosidl_generator_cExport-noconfig.cmake
[1.191s] -- Up-to-date: /home/gilang/MagangBanyu/install/controller/share/controller/cmake/export_controller__rosidl_typesupport_fastrtps_cExport.cmake
[1.192s] -- Up-to-date: /home/gilang/MagangBanyu/install/controller/share/controller/cmake/export_controller__rosidl_typesupport_fastrtps_cExport-noconfig.cmake
[1.196s] -- Up-to-date: /home/gilang/MagangBanyu/install/controller/share/controller/cmake/export_controller__rosidl_generator_cppExport.cmake
[1.196s] -- Up-to-date: /home/gilang/MagangBanyu/install/controller/share/controller/cmake/export_controller__rosidl_typesupport_fastrtps_cppExport.cmake
[1.196s] -- Up-to-date: /home/gilang/MagangBanyu/install/controller/share/controller/cmake/export_controller__rosidl_typesupport_fastrtps_cppExport-noconfig.cmake
[1.196s] -- Up-to-date: /home/gilang/MagangBanyu/install/controller/share/controller/cmake/controller__rosidl_typesupport_introspection_cExport.cmake
[1.196s] -- Up-to-date: /home/gilang/MagangBanyu/install/controller/share/controller/cmake/controller__rosidl_typesupport_introspection_cExport-noconfig.cmake
[1.197s] -- Up-to-date: /home/gilang/MagangBanyu/install/controller/share/controller/cmake/controller__rosidl_typesupport_cExport.cmake
[1.197s] -- Up-to-date: /home/gilang/MagangBanyu/install/controller/share/controller/cmake/controller__rosidl_typesupport_cExport-noconfig.cmake
[1.197s] -- Up-to-date: /home/gilang/MagangBanyu/install/controller/share/controller/cmake/controller__rosidl_typesupport_introspection_cppExport.cmake
[1.197s] -- Up-to-date: /home/gilang/MagangBanyu/install/controller/share/controller/cmake/controller__rosidl_typesupport_introspection_cppExport-noconfig.cmake
[1.197s] -- Up-to-date: /home/gilang/MagangBanyu/install/controller/share/controller/cmake/controller__rosidl_typesupport_cppExport.cmake
[1.197s] -- Up-to-date: /home/gilang/MagangBanyu/install/controller/share/controller/cmake/controller__rosidl_typesupport_cppExport-noconfig.cmake
[1.197s] -- Up-to-date: /home/gilang/MagangBanyu/install/controller/share/controller/cmake/export_controller__rosidl_generator_pyExport.cmake
[1.197s] -- Up-to-date: /home/gilang/MagangBanyu/install/controller/share/controller/cmake/export_controller__rosidl_generator_pyExport-noconfig.cmake
[1.295s] Invoked command in '/home/gilang/MagangBanyu/build/controller' returned '0': CMAKE_PREFIX_PATH=${CMAKE_PREFIX_PATH}:/home/gilang/ros2_ws/install/joystick_ros2:/opt/ros/humble /usr/bin/cmake --install /home/gilang/MagangBanyu/build/controller
