[  3%] Built target flare__cpp
[ 12%] Built target flare__rosidl_generator_c
[ 12%] Built target ament_cmake_python_symlink_flare
[ 21%] Built target flare__rosidl_typesupport_fastrtps_cpp
[ 39%] Built target flare__rosidl_typesupport_introspection_cpp
[ 48%] Built target flare__rosidl_typesupport_cpp
[ 39%] Built target flare__rosidl_typesupport_fastrtps_c
[ 57%] Built target flare__rosidl_typesupport_c
[ 66%] Built target flare__rosidl_typesupport_introspection_c
[ 66%] Built target flare
[ 72%] Built target detect
[ 75%] Built target flare__py
[ 81%] Built target flare__rosidl_generator_py
[ 87%] Built target flare__rosidl_typesupport_introspection_c__pyext
[ 96%] Built target flare__rosidl_typesupport_c__pyext
[100%] Built target flare__rosidl_typesupport_fastrtps_c__pyext
running egg_info
writing flare.egg-info/PKG-INFO
writing dependency_links to flare.egg-info/dependency_links.txt
writing top-level names to flare.egg-info/top_level.txt
reading manifest file 'flare.egg-info/SOURCES.txt'
writing manifest file 'flare.egg-info/SOURCES.txt'
[100%] Built target ament_cmake_python_build_flare_egg
-- Install configuration: ""
-- Execute custom install script
-- Up-to-date symlink: /home/gilang/MagangBanyu/install/flare/share/ament_index/resource_index/rosidl_interfaces/flare
-- Up-to-date symlink: /home/gilang/MagangBanyu/install/flare/include/flare/flare/msg/color.h
-- Up-to-date symlink: /home/gilang/MagangBanyu/install/flare/include/flare/flare/msg/detail/color__functions.h
-- Up-to-date symlink: /home/gilang/MagangBanyu/install/flare/include/flare/flare/msg/detail/color__struct.h
-- Up-to-date symlink: /home/gilang/MagangBanyu/install/flare/include/flare/flare/msg/detail/color__type_support.h
-- Up-to-date symlink: /home/gilang/MagangBanyu/install/flare/include/flare/flare/msg/rosidl_generator_c__visibility_control.h
-- Up-to-date symlink: /home/gilang/MagangBanyu/install/flare/share/flare/environment/library_path.sh
-- Up-to-date symlink: /home/gilang/MagangBanyu/install/flare/share/flare/environment/library_path.dsv
-- Up-to-date symlink: /home/gilang/MagangBanyu/install/flare/include/flare/flare/msg/detail/color__rosidl_typesupport_fastrtps_c.h
-- Up-to-date symlink: /home/gilang/MagangBanyu/install/flare/include/flare/flare/msg/rosidl_typesupport_fastrtps_c__visibility_control.h
-- Up-to-date symlink: /home/gilang/MagangBanyu/install/flare/include/flare/flare/msg/color.hpp
-- Up-to-date symlink: /home/gilang/MagangBanyu/install/flare/include/flare/flare/msg/detail/color__builder.hpp
-- Up-to-date symlink: /home/gilang/MagangBanyu/install/flare/include/flare/flare/msg/detail/color__struct.hpp
-- Up-to-date symlink: /home/gilang/MagangBanyu/install/flare/include/flare/flare/msg/detail/color__traits.hpp
-- Up-to-date symlink: /home/gilang/MagangBanyu/install/flare/include/flare/flare/msg/detail/color__rosidl_typesupport_fastrtps_cpp.hpp
-- Up-to-date symlink: /home/gilang/MagangBanyu/install/flare/include/flare/flare/msg/rosidl_typesupport_fastrtps_cpp__visibility_control.h
-- Up-to-date symlink: /home/gilang/MagangBanyu/install/flare/include/flare/flare/msg/detail/color__rosidl_typesupport_introspection_c.h
-- Up-to-date symlink: /home/gilang/MagangBanyu/install/flare/include/flare/flare/msg/rosidl_typesupport_introspection_c__visibility_control.h
-- Up-to-date symlink: /home/gilang/MagangBanyu/install/flare/include/flare/flare/msg/detail/color__rosidl_typesupport_introspection_cpp.hpp
-- Up-to-date symlink: /home/gilang/MagangBanyu/install/flare/share/flare/environment/pythonpath.sh
-- Up-to-date symlink: /home/gilang/MagangBanyu/install/flare/share/flare/environment/pythonpath.dsv
-- Up-to-date symlink: /home/gilang/MagangBanyu/install/flare/local/lib/python3.10/dist-packages/flare-0.0.0-py3.10.egg-info/PKG-INFO
-- Up-to-date symlink: /home/gilang/MagangBanyu/install/flare/local/lib/python3.10/dist-packages/flare-0.0.0-py3.10.egg-info/SOURCES.txt
-- Up-to-date symlink: /home/gilang/MagangBanyu/install/flare/local/lib/python3.10/dist-packages/flare-0.0.0-py3.10.egg-info/dependency_links.txt
-- Up-to-date symlink: /home/gilang/MagangBanyu/install/flare/local/lib/python3.10/dist-packages/flare-0.0.0-py3.10.egg-info/top_level.txt
-- Up-to-date symlink: /home/gilang/MagangBanyu/install/flare/local/lib/python3.10/dist-packages/flare/__init__.py
-- Up-to-date symlink: /home/gilang/MagangBanyu/install/flare/local/lib/python3.10/dist-packages/flare/_flare_s.ep.rosidl_typesupport_c.c
-- Up-to-date symlink: /home/gilang/MagangBanyu/install/flare/local/lib/python3.10/dist-packages/flare/_flare_s.ep.rosidl_typesupport_fastrtps_c.c
-- Up-to-date symlink: /home/gilang/MagangBanyu/install/flare/local/lib/python3.10/dist-packages/flare/_flare_s.ep.rosidl_typesupport_introspection_c.c
-- Up-to-date symlink: /home/gilang/MagangBanyu/install/flare/local/lib/python3.10/dist-packages/flare/flare_s__rosidl_typesupport_c.cpython-310-x86_64-linux-gnu.so
-- Up-to-date symlink: /home/gilang/MagangBanyu/install/flare/local/lib/python3.10/dist-packages/flare/flare_s__rosidl_typesupport_fastrtps_c.cpython-310-x86_64-linux-gnu.so
-- Up-to-date symlink: /home/gilang/MagangBanyu/install/flare/local/lib/python3.10/dist-packages/flare/flare_s__rosidl_typesupport_introspection_c.cpython-310-x86_64-linux-gnu.so
-- Up-to-date symlink: /home/gilang/MagangBanyu/install/flare/local/lib/python3.10/dist-packages/flare/libflare__rosidl_generator_py.so
-- Up-to-date symlink: /home/gilang/MagangBanyu/install/flare/local/lib/python3.10/dist-packages/flare/msg/__init__.py
-- Up-to-date symlink: /home/gilang/MagangBanyu/install/flare/local/lib/python3.10/dist-packages/flare/msg/_color.py
-- Up-to-date symlink: /home/gilang/MagangBanyu/install/flare/local/lib/python3.10/dist-packages/flare/msg/_color_s.c
-- Up-to-date symlink: /home/gilang/MagangBanyu/install/flare/local/lib/python3.10/dist-packages/flare/flare_s__rosidl_typesupport_fastrtps_c.cpython-310-x86_64-linux-gnu.so
-- Up-to-date symlink: /home/gilang/MagangBanyu/install/flare/local/lib/python3.10/dist-packages/flare/flare_s__rosidl_typesupport_introspection_c.cpython-310-x86_64-linux-gnu.so
-- Up-to-date symlink: /home/gilang/MagangBanyu/install/flare/local/lib/python3.10/dist-packages/flare/flare_s__rosidl_typesupport_c.cpython-310-x86_64-linux-gnu.so
-- Up-to-date symlink: /home/gilang/MagangBanyu/install/flare/share/flare/msg/Color.idl
-- Up-to-date symlink: /home/gilang/MagangBanyu/install/flare/share/flare/msg/Color.msg
-- Up-to-date symlink: /home/gilang/MagangBanyu/install/flare/lib/flare/detect
-- Up-to-date symlink: /home/gilang/MagangBanyu/install/flare/share/ament_index/resource_index/package_run_dependencies/flare
-- Up-to-date symlink: /home/gilang/MagangBanyu/install/flare/share/ament_index/resource_index/parent_prefix_path/flare
-- Up-to-date symlink: /home/gilang/MagangBanyu/install/flare/share/flare/environment/ament_prefix_path.sh
-- Up-to-date symlink: /home/gilang/MagangBanyu/install/flare/share/flare/environment/ament_prefix_path.dsv
-- Up-to-date symlink: /home/gilang/MagangBanyu/install/flare/share/flare/environment/path.sh
-- Up-to-date symlink: /home/gilang/MagangBanyu/install/flare/share/flare/environment/path.dsv
-- Up-to-date symlink: /home/gilang/MagangBanyu/install/flare/share/flare/local_setup.bash
-- Up-to-date symlink: /home/gilang/MagangBanyu/install/flare/share/flare/local_setup.sh
-- Up-to-date symlink: /home/gilang/MagangBanyu/install/flare/share/flare/local_setup.zsh
-- Up-to-date symlink: /home/gilang/MagangBanyu/install/flare/share/flare/local_setup.dsv
-- Symlinking: /home/gilang/MagangBanyu/install/flare/share/flare/package.dsv
-- Up-to-date symlink: /home/gilang/MagangBanyu/install/flare/share/ament_index/resource_index/packages/flare
-- Up-to-date symlink: /home/gilang/MagangBanyu/install/flare/share/flare/cmake/rosidl_cmake-extras.cmake
-- Up-to-date symlink: /home/gilang/MagangBanyu/install/flare/share/flare/cmake/ament_cmake_export_dependencies-extras.cmake
-- Up-to-date symlink: /home/gilang/MagangBanyu/install/flare/share/flare/cmake/ament_cmake_export_include_directories-extras.cmake
-- Up-to-date symlink: /home/gilang/MagangBanyu/install/flare/share/flare/cmake/ament_cmake_export_libraries-extras.cmake
-- Up-to-date symlink: /home/gilang/MagangBanyu/install/flare/share/flare/cmake/ament_cmake_export_targets-extras.cmake
-- Up-to-date symlink: /home/gilang/MagangBanyu/install/flare/share/flare/cmake/rosidl_cmake_export_typesupport_targets-extras.cmake
-- Up-to-date symlink: /home/gilang/MagangBanyu/install/flare/share/flare/cmake/rosidl_cmake_export_typesupport_libraries-extras.cmake
-- Up-to-date symlink: /home/gilang/MagangBanyu/install/flare/share/flare/cmake/flareConfig.cmake
-- Up-to-date symlink: /home/gilang/MagangBanyu/install/flare/share/flare/cmake/flareConfig-version.cmake
-- Up-to-date symlink: /home/gilang/MagangBanyu/install/flare/share/flare/package.xml
-- Up-to-date: /home/gilang/MagangBanyu/install/flare/lib/libflare__rosidl_generator_c.so
-- Up-to-date: /home/gilang/MagangBanyu/install/flare/lib/libflare__rosidl_typesupport_fastrtps_c.so
-- Up-to-date: /home/gilang/MagangBanyu/install/flare/lib/libflare__rosidl_typesupport_fastrtps_cpp.so
-- Up-to-date: /home/gilang/MagangBanyu/install/flare/lib/libflare__rosidl_typesupport_introspection_c.so
-- Up-to-date: /home/gilang/MagangBanyu/install/flare/lib/libflare__rosidl_typesupport_c.so
-- Up-to-date: /home/gilang/MagangBanyu/install/flare/lib/libflare__rosidl_typesupport_introspection_cpp.so
-- Up-to-date: /home/gilang/MagangBanyu/install/flare/lib/libflare__rosidl_typesupport_cpp.so
Listing '/home/gilang/MagangBanyu/install/flare/local/lib/python3.10/dist-packages/flare'...
Listing '/home/gilang/MagangBanyu/install/flare/local/lib/python3.10/dist-packages/flare/msg'...
-- Up-to-date: /home/gilang/MagangBanyu/install/flare/lib/libflare__rosidl_generator_py.so
-- Up-to-date: /home/gilang/MagangBanyu/install/flare/share/flare/cmake/export_flare__rosidl_generator_cExport.cmake
-- Up-to-date: /home/gilang/MagangBanyu/install/flare/share/flare/cmake/export_flare__rosidl_generator_cExport-noconfig.cmake
-- Up-to-date: /home/gilang/MagangBanyu/install/flare/share/flare/cmake/export_flare__rosidl_typesupport_fastrtps_cExport.cmake
-- Up-to-date: /home/gilang/MagangBanyu/install/flare/share/flare/cmake/export_flare__rosidl_typesupport_fastrtps_cExport-noconfig.cmake
-- Up-to-date: /home/gilang/MagangBanyu/install/flare/share/flare/cmake/export_flare__rosidl_generator_cppExport.cmake
-- Up-to-date: /home/gilang/MagangBanyu/install/flare/share/flare/cmake/export_flare__rosidl_typesupport_fastrtps_cppExport.cmake
-- Up-to-date: /home/gilang/MagangBanyu/install/flare/share/flare/cmake/export_flare__rosidl_typesupport_fastrtps_cppExport-noconfig.cmake
-- Up-to-date: /home/gilang/MagangBanyu/install/flare/share/flare/cmake/flare__rosidl_typesupport_introspection_cExport.cmake
-- Up-to-date: /home/gilang/MagangBanyu/install/flare/share/flare/cmake/flare__rosidl_typesupport_introspection_cExport-noconfig.cmake
-- Up-to-date: /home/gilang/MagangBanyu/install/flare/share/flare/cmake/flare__rosidl_typesupport_cExport.cmake
-- Up-to-date: /home/gilang/MagangBanyu/install/flare/share/flare/cmake/flare__rosidl_typesupport_cExport-noconfig.cmake
-- Up-to-date: /home/gilang/MagangBanyu/install/flare/share/flare/cmake/flare__rosidl_typesupport_introspection_cppExport.cmake
-- Up-to-date: /home/gilang/MagangBanyu/install/flare/share/flare/cmake/flare__rosidl_typesupport_introspection_cppExport-noconfig.cmake
-- Up-to-date: /home/gilang/MagangBanyu/install/flare/share/flare/cmake/flare__rosidl_typesupport_cppExport.cmake
-- Up-to-date: /home/gilang/MagangBanyu/install/flare/share/flare/cmake/flare__rosidl_typesupport_cppExport-noconfig.cmake
-- Up-to-date: /home/gilang/MagangBanyu/install/flare/share/flare/cmake/export_flare__rosidl_generator_pyExport.cmake
-- Up-to-date: /home/gilang/MagangBanyu/install/flare/share/flare/cmake/export_flare__rosidl_generator_pyExport-noconfig.cmake
