[0.094s] Invoking command in '/home/gilang/MagangBanyu/build/flare': CMAKE_PREFIX_PATH=${CMAKE_PREFIX_PATH}:/home/gilang/ros2_ws/install/joystick_ros2:/opt/ros/humble /usr/bin/cmake --build /home/gilang/MagangBanyu/build/flare -- -j12 -l12
[0.196s] [  3%] Built target flare__cpp
[0.204s] [ 12%] Built target flare__rosidl_generator_c
[0.251s] [ 12%] Built target ament_cmake_python_symlink_flare
[0.280s] [ 21%] Built target flare__rosidl_typesupport_fastrtps_cpp
[0.285s] [ 39%] Built target flare__rosidl_typesupport_introspection_cpp
[0.286s] [ 48%] Built target flare__rosidl_typesupport_cpp
[0.289s] [ 39%] Built target flare__rosidl_typesupport_fastrtps_c
[0.290s] [ 57%] Built target flare__rosidl_typesupport_c
[0.292s] [ 66%] Built target flare__rosidl_typesupport_introspection_c
[0.355s] [ 66%] Built target flare
[0.365s] [ 72%] Built target detect
[0.415s] [ 75%] Built target flare__py
[0.458s] [ 81%] Built target flare__rosidl_generator_py
[0.513s] [ 87%] Built target flare__rosidl_typesupport_introspection_c__pyext
[0.514s] [ 96%] Built target flare__rosidl_typesupport_c__pyext
[0.515s] [100%] Built target flare__rosidl_typesupport_fastrtps_c__pyext
[0.705s] running egg_info
[0.726s] writing flare.egg-info/PKG-INFO
[0.727s] writing dependency_links to flare.egg-info/dependency_links.txt
[0.727s] writing top-level names to flare.egg-info/top_level.txt
[0.791s] reading manifest file 'flare.egg-info/SOURCES.txt'
[0.791s] writing manifest file 'flare.egg-info/SOURCES.txt'
[0.837s] [100%] Built target ament_cmake_python_build_flare_egg
[0.858s] Invoked command in '/home/gilang/MagangBanyu/build/flare' returned '0': CMAKE_PREFIX_PATH=${CMAKE_PREFIX_PATH}:/home/gilang/ros2_ws/install/joystick_ros2:/opt/ros/humble /usr/bin/cmake --build /home/gilang/MagangBanyu/build/flare -- -j12 -l12
[0.991s] Invoking command in '/home/gilang/MagangBanyu/build/flare': CMAKE_PREFIX_PATH=${CMAKE_PREFIX_PATH}:/home/gilang/ros2_ws/install/joystick_ros2:/opt/ros/humble /usr/bin/cmake --install /home/gilang/MagangBanyu/build/flare
[1.003s] -- Install configuration: ""
[1.004s] -- Execute custom install script
[1.005s] -- Up-to-date symlink: /home/gilang/MagangBanyu/install/flare/share/ament_index/resource_index/rosidl_interfaces/flare
[1.005s] -- Up-to-date symlink: /home/gilang/MagangBanyu/install/flare/include/flare/flare/msg/color.h
[1.006s] -- Up-to-date symlink: /home/gilang/MagangBanyu/install/flare/include/flare/flare/msg/detail/color__functions.h
[1.006s] -- Up-to-date symlink: /home/gilang/MagangBanyu/install/flare/include/flare/flare/msg/detail/color__struct.h
[1.006s] -- Up-to-date symlink: /home/gilang/MagangBanyu/install/flare/include/flare/flare/msg/detail/color__type_support.h
[1.006s] -- Up-to-date symlink: /home/gilang/MagangBanyu/install/flare/include/flare/flare/msg/rosidl_generator_c__visibility_control.h
[1.007s] -- Up-to-date symlink: /home/gilang/MagangBanyu/install/flare/share/flare/environment/library_path.sh
[1.007s] -- Up-to-date symlink: /home/gilang/MagangBanyu/install/flare/share/flare/environment/library_path.dsv
[1.008s] -- Up-to-date symlink: /home/gilang/MagangBanyu/install/flare/include/flare/flare/msg/detail/color__rosidl_typesupport_fastrtps_c.h
[1.008s] -- Up-to-date symlink: /home/gilang/MagangBanyu/install/flare/include/flare/flare/msg/rosidl_typesupport_fastrtps_c__visibility_control.h
[1.009s] -- Up-to-date symlink: /home/gilang/MagangBanyu/install/flare/include/flare/flare/msg/color.hpp
[1.009s] -- Up-to-date symlink: /home/gilang/MagangBanyu/install/flare/include/flare/flare/msg/detail/color__builder.hpp
[1.009s] -- Up-to-date symlink: /home/gilang/MagangBanyu/install/flare/include/flare/flare/msg/detail/color__struct.hpp
[1.010s] -- Up-to-date symlink: /home/gilang/MagangBanyu/install/flare/include/flare/flare/msg/detail/color__traits.hpp
[1.011s] -- Up-to-date symlink: /home/gilang/MagangBanyu/install/flare/include/flare/flare/msg/detail/color__rosidl_typesupport_fastrtps_cpp.hpp
[1.011s] -- Up-to-date symlink: /home/gilang/MagangBanyu/install/flare/include/flare/flare/msg/rosidl_typesupport_fastrtps_cpp__visibility_control.h
[1.012s] -- Up-to-date symlink: /home/gilang/MagangBanyu/install/flare/include/flare/flare/msg/detail/color__rosidl_typesupport_introspection_c.h
[1.013s] -- Up-to-date symlink: /home/gilang/MagangBanyu/install/flare/include/flare/flare/msg/rosidl_typesupport_introspection_c__visibility_control.h
[1.013s] -- Up-to-date symlink: /home/gilang/MagangBanyu/install/flare/include/flare/flare/msg/detail/color__rosidl_typesupport_introspection_cpp.hpp
[1.014s] -- Up-to-date symlink: /home/gilang/MagangBanyu/install/flare/share/flare/environment/pythonpath.sh
[1.014s] -- Up-to-date symlink: /home/gilang/MagangBanyu/install/flare/share/flare/environment/pythonpath.dsv
[1.015s] -- Up-to-date symlink: /home/gilang/MagangBanyu/install/flare/local/lib/python3.10/dist-packages/flare-0.0.0-py3.10.egg-info/PKG-INFO
[1.015s] -- Up-to-date symlink: /home/gilang/MagangBanyu/install/flare/local/lib/python3.10/dist-packages/flare-0.0.0-py3.10.egg-info/SOURCES.txt
[1.016s] -- Up-to-date symlink: /home/gilang/MagangBanyu/install/flare/local/lib/python3.10/dist-packages/flare-0.0.0-py3.10.egg-info/dependency_links.txt
[1.016s] -- Up-to-date symlink: /home/gilang/MagangBanyu/install/flare/local/lib/python3.10/dist-packages/flare-0.0.0-py3.10.egg-info/top_level.txt
[1.018s] -- Up-to-date symlink: /home/gilang/MagangBanyu/install/flare/local/lib/python3.10/dist-packages/flare/__init__.py
[1.019s] -- Up-to-date symlink: /home/gilang/MagangBanyu/install/flare/local/lib/python3.10/dist-packages/flare/_flare_s.ep.rosidl_typesupport_c.c
[1.019s] -- Up-to-date symlink: /home/gilang/MagangBanyu/install/flare/local/lib/python3.10/dist-packages/flare/_flare_s.ep.rosidl_typesupport_fastrtps_c.c
[1.019s] -- Up-to-date symlink: /home/gilang/MagangBanyu/install/flare/local/lib/python3.10/dist-packages/flare/_flare_s.ep.rosidl_typesupport_introspection_c.c
[1.020s] -- Up-to-date symlink: /home/gilang/MagangBanyu/install/flare/local/lib/python3.10/dist-packages/flare/flare_s__rosidl_typesupport_c.cpython-310-x86_64-linux-gnu.so
[1.021s] -- Up-to-date symlink: /home/gilang/MagangBanyu/install/flare/local/lib/python3.10/dist-packages/flare/flare_s__rosidl_typesupport_fastrtps_c.cpython-310-x86_64-linux-gnu.so
[1.021s] -- Up-to-date symlink: /home/gilang/MagangBanyu/install/flare/local/lib/python3.10/dist-packages/flare/flare_s__rosidl_typesupport_introspection_c.cpython-310-x86_64-linux-gnu.so
[1.021s] -- Up-to-date symlink: /home/gilang/MagangBanyu/install/flare/local/lib/python3.10/dist-packages/flare/libflare__rosidl_generator_py.so
[1.021s] -- Up-to-date symlink: /home/gilang/MagangBanyu/install/flare/local/lib/python3.10/dist-packages/flare/msg/__init__.py
[1.021s] -- Up-to-date symlink: /home/gilang/MagangBanyu/install/flare/local/lib/python3.10/dist-packages/flare/msg/_color.py
[1.021s] -- Up-to-date symlink: /home/gilang/MagangBanyu/install/flare/local/lib/python3.10/dist-packages/flare/msg/_color_s.c
[1.022s] -- Up-to-date symlink: /home/gilang/MagangBanyu/install/flare/local/lib/python3.10/dist-packages/flare/flare_s__rosidl_typesupport_fastrtps_c.cpython-310-x86_64-linux-gnu.so
[1.022s] -- Up-to-date symlink: /home/gilang/MagangBanyu/install/flare/local/lib/python3.10/dist-packages/flare/flare_s__rosidl_typesupport_introspection_c.cpython-310-x86_64-linux-gnu.so
[1.022s] -- Up-to-date symlink: /home/gilang/MagangBanyu/install/flare/local/lib/python3.10/dist-packages/flare/flare_s__rosidl_typesupport_c.cpython-310-x86_64-linux-gnu.so
[1.022s] -- Up-to-date symlink: /home/gilang/MagangBanyu/install/flare/share/flare/msg/Color.idl
[1.023s] -- Up-to-date symlink: /home/gilang/MagangBanyu/install/flare/share/flare/msg/Color.msg
[1.023s] -- Up-to-date symlink: /home/gilang/MagangBanyu/install/flare/lib/flare/detect
[1.023s] -- Up-to-date symlink: /home/gilang/MagangBanyu/install/flare/share/ament_index/resource_index/package_run_dependencies/flare
[1.024s] -- Up-to-date symlink: /home/gilang/MagangBanyu/install/flare/share/ament_index/resource_index/parent_prefix_path/flare
[1.024s] -- Up-to-date symlink: /home/gilang/MagangBanyu/install/flare/share/flare/environment/ament_prefix_path.sh
[1.024s] -- Up-to-date symlink: /home/gilang/MagangBanyu/install/flare/share/flare/environment/ament_prefix_path.dsv
[1.024s] -- Up-to-date symlink: /home/gilang/MagangBanyu/install/flare/share/flare/environment/path.sh
[1.024s] -- Up-to-date symlink: /home/gilang/MagangBanyu/install/flare/share/flare/environment/path.dsv
[1.024s] -- Up-to-date symlink: /home/gilang/MagangBanyu/install/flare/share/flare/local_setup.bash
[1.024s] -- Up-to-date symlink: /home/gilang/MagangBanyu/install/flare/share/flare/local_setup.sh
[1.024s] -- Up-to-date symlink: /home/gilang/MagangBanyu/install/flare/share/flare/local_setup.zsh
[1.024s] -- Up-to-date symlink: /home/gilang/MagangBanyu/install/flare/share/flare/local_setup.dsv
[1.024s] -- Symlinking: /home/gilang/MagangBanyu/install/flare/share/flare/package.dsv
[1.040s] -- Up-to-date symlink: /home/gilang/MagangBanyu/install/flare/share/ament_index/resource_index/packages/flare
[1.040s] -- Up-to-date symlink: /home/gilang/MagangBanyu/install/flare/share/flare/cmake/rosidl_cmake-extras.cmake
[1.040s] -- Up-to-date symlink: /home/gilang/MagangBanyu/install/flare/share/flare/cmake/ament_cmake_export_dependencies-extras.cmake
[1.040s] -- Up-to-date symlink: /home/gilang/MagangBanyu/install/flare/share/flare/cmake/ament_cmake_export_include_directories-extras.cmake
[1.040s] -- Up-to-date symlink: /home/gilang/MagangBanyu/install/flare/share/flare/cmake/ament_cmake_export_libraries-extras.cmake
[1.041s] -- Up-to-date symlink: /home/gilang/MagangBanyu/install/flare/share/flare/cmake/ament_cmake_export_targets-extras.cmake
[1.041s] -- Up-to-date symlink: /home/gilang/MagangBanyu/install/flare/share/flare/cmake/rosidl_cmake_export_typesupport_targets-extras.cmake
[1.041s] -- Up-to-date symlink: /home/gilang/MagangBanyu/install/flare/share/flare/cmake/rosidl_cmake_export_typesupport_libraries-extras.cmake
[1.041s] -- Up-to-date symlink: /home/gilang/MagangBanyu/install/flare/share/flare/cmake/flareConfig.cmake
[1.041s] -- Up-to-date symlink: /home/gilang/MagangBanyu/install/flare/share/flare/cmake/flareConfig-version.cmake
[1.041s] -- Up-to-date symlink: /home/gilang/MagangBanyu/install/flare/share/flare/package.xml
[1.041s] -- Up-to-date: /home/gilang/MagangBanyu/install/flare/lib/libflare__rosidl_generator_c.so
[1.042s] -- Up-to-date: /home/gilang/MagangBanyu/install/flare/lib/libflare__rosidl_typesupport_fastrtps_c.so
[1.042s] -- Up-to-date: /home/gilang/MagangBanyu/install/flare/lib/libflare__rosidl_typesupport_fastrtps_cpp.so
[1.043s] -- Up-to-date: /home/gilang/MagangBanyu/install/flare/lib/libflare__rosidl_typesupport_introspection_c.so
[1.043s] -- Up-to-date: /home/gilang/MagangBanyu/install/flare/lib/libflare__rosidl_typesupport_c.so
[1.043s] -- Up-to-date: /home/gilang/MagangBanyu/install/flare/lib/libflare__rosidl_typesupport_introspection_cpp.so
[1.043s] -- Up-to-date: /home/gilang/MagangBanyu/install/flare/lib/libflare__rosidl_typesupport_cpp.so
[1.106s] Listing '/home/gilang/MagangBanyu/install/flare/local/lib/python3.10/dist-packages/flare'...
[1.106s] Listing '/home/gilang/MagangBanyu/install/flare/local/lib/python3.10/dist-packages/flare/msg'...
[1.114s] -- Up-to-date: /home/gilang/MagangBanyu/install/flare/lib/libflare__rosidl_generator_py.so
[1.115s] -- Up-to-date: /home/gilang/MagangBanyu/install/flare/share/flare/cmake/export_flare__rosidl_generator_cExport.cmake
[1.115s] -- Up-to-date: /home/gilang/MagangBanyu/install/flare/share/flare/cmake/export_flare__rosidl_generator_cExport-noconfig.cmake
[1.116s] -- Up-to-date: /home/gilang/MagangBanyu/install/flare/share/flare/cmake/export_flare__rosidl_typesupport_fastrtps_cExport.cmake
[1.116s] -- Up-to-date: /home/gilang/MagangBanyu/install/flare/share/flare/cmake/export_flare__rosidl_typesupport_fastrtps_cExport-noconfig.cmake
[1.116s] -- Up-to-date: /home/gilang/MagangBanyu/install/flare/share/flare/cmake/export_flare__rosidl_generator_cppExport.cmake
[1.117s] -- Up-to-date: /home/gilang/MagangBanyu/install/flare/share/flare/cmake/export_flare__rosidl_typesupport_fastrtps_cppExport.cmake
[1.117s] -- Up-to-date: /home/gilang/MagangBanyu/install/flare/share/flare/cmake/export_flare__rosidl_typesupport_fastrtps_cppExport-noconfig.cmake
[1.118s] -- Up-to-date: /home/gilang/MagangBanyu/install/flare/share/flare/cmake/flare__rosidl_typesupport_introspection_cExport.cmake
[1.118s] -- Up-to-date: /home/gilang/MagangBanyu/install/flare/share/flare/cmake/flare__rosidl_typesupport_introspection_cExport-noconfig.cmake
[1.118s] -- Up-to-date: /home/gilang/MagangBanyu/install/flare/share/flare/cmake/flare__rosidl_typesupport_cExport.cmake
[1.119s] -- Up-to-date: /home/gilang/MagangBanyu/install/flare/share/flare/cmake/flare__rosidl_typesupport_cExport-noconfig.cmake
[1.119s] -- Up-to-date: /home/gilang/MagangBanyu/install/flare/share/flare/cmake/flare__rosidl_typesupport_introspection_cppExport.cmake
[1.120s] -- Up-to-date: /home/gilang/MagangBanyu/install/flare/share/flare/cmake/flare__rosidl_typesupport_introspection_cppExport-noconfig.cmake
[1.120s] -- Up-to-date: /home/gilang/MagangBanyu/install/flare/share/flare/cmake/flare__rosidl_typesupport_cppExport.cmake
[1.121s] -- Up-to-date: /home/gilang/MagangBanyu/install/flare/share/flare/cmake/flare__rosidl_typesupport_cppExport-noconfig.cmake
[1.122s] -- Up-to-date: /home/gilang/MagangBanyu/install/flare/share/flare/cmake/export_flare__rosidl_generator_pyExport.cmake
[1.122s] -- Up-to-date: /home/gilang/MagangBanyu/install/flare/share/flare/cmake/export_flare__rosidl_generator_pyExport-noconfig.cmake
[1.124s] Invoked command in '/home/gilang/MagangBanyu/build/flare' returned '0': CMAKE_PREFIX_PATH=${CMAKE_PREFIX_PATH}:/home/gilang/ros2_ws/install/joystick_ros2:/opt/ros/humble /usr/bin/cmake --install /home/gilang/MagangBanyu/build/flare
