[1.026s] DEBUG:colcon:Command line arguments: ['/usr/bin/colcon', 'build', '--packages-select', 'controller']
[1.026s] DEBUG:colcon:Parsed command line arguments: Namespace(log_base=None, log_level=None, verb_name='build', build_base='build', install_base='install', merge_install=False, symlink_install=False, test_result_base=None, continue_on_error=False, executor='parallel', parallel_workers=12, event_handlers=None, ignore_user_meta=False, metas=['./colcon.meta'], base_paths=['.'], packages_ignore=None, packages_ignore_regex=None, paths=None, packages_up_to=None, packages_up_to_regex=None, packages_above=None, packages_above_and_dependencies=None, packages_above_depth=None, packages_select_by_dep=None, packages_skip_by_dep=None, packages_skip_up_to=None, packages_select_build_failed=False, packages_skip_build_finished=False, packages_select_test_failures=False, packages_skip_test_passed=False, packages_select=['controller'], packages_skip=None, packages_select_regex=None, packages_skip_regex=None, packages_start=None, packages_end=None, allow_overriding=[], cmake_args=None, cmake_target=None, cmake_target_skip_unavailable=False, cmake_clean_cache=False, cmake_clean_first=False, cmake_force_configure=False, ament_cmake_args=None, catkin_cmake_args=None, catkin_skip_building_tests=False, verb_parser=<colcon_defaults.argument_parser.defaults.DefaultArgumentsDecorator object at 0x7ff6caf9c670>, verb_extension=<colcon_core.verb.build.BuildVerb object at 0x7ff6cb30a140>, main=<bound method BuildVerb.main of <colcon_core.verb.build.BuildVerb object at 0x7ff6cb30a140>>)
[1.086s] Level 1:colcon.colcon_core.package_discovery:discover_packages(colcon_meta) check parameters
[1.087s] Level 1:colcon.colcon_core.package_discovery:discover_packages(recursive) check parameters
[1.087s] Level 1:colcon.colcon_core.package_discovery:discover_packages(ignore) check parameters
[1.087s] Level 1:colcon.colcon_core.package_discovery:discover_packages(path) check parameters
[1.087s] Level 1:colcon.colcon_core.package_discovery:discover_packages(colcon_meta) discover
[1.087s] Level 1:colcon.colcon_core.package_discovery:discover_packages(recursive) discover
[1.087s] INFO:colcon.colcon_core.package_discovery:Crawling recursively for packages in '/home/gilang/MagangBanyu'
[1.087s] Level 1:colcon.colcon_core.package_identification:_identify(.) by extensions ['ignore', 'ignore_ament_install']
[1.087s] Level 1:colcon.colcon_core.package_identification:_identify(.) by extension 'ignore'
[1.087s] Level 1:colcon.colcon_core.package_identification:_identify(.) by extension 'ignore_ament_install'
[1.087s] Level 1:colcon.colcon_core.package_identification:_identify(.) by extensions ['colcon_pkg']
[1.087s] Level 1:colcon.colcon_core.package_identification:_identify(.) by extension 'colcon_pkg'
[1.087s] Level 1:colcon.colcon_core.package_identification:_identify(.) by extensions ['colcon_meta']
[1.087s] Level 1:colcon.colcon_core.package_identification:_identify(.) by extension 'colcon_meta'
[1.087s] Level 1:colcon.colcon_core.package_identification:_identify(.) by extensions ['ros']
[1.087s] Level 1:colcon.colcon_core.package_identification:_identify(.) by extension 'ros'
[1.104s] Level 1:colcon.colcon_core.package_identification:_identify(.) by extensions ['cmake', 'python']
[1.104s] Level 1:colcon.colcon_core.package_identification:_identify(.) by extension 'cmake'
[1.104s] Level 1:colcon.colcon_core.package_identification:_identify(.) by extension 'python'
[1.104s] Level 1:colcon.colcon_core.package_identification:_identify(.) by extensions ['python_setup_py']
[1.104s] Level 1:colcon.colcon_core.package_identification:_identify(.) by extension 'python_setup_py'
[1.104s] Level 1:colcon.colcon_core.package_identification:_identify(build) by extensions ['ignore', 'ignore_ament_install']
[1.104s] Level 1:colcon.colcon_core.package_identification:_identify(build) by extension 'ignore'
[1.104s] Level 1:colcon.colcon_core.package_identification:_identify(build) ignored
[1.105s] Level 1:colcon.colcon_core.package_identification:_identify(install) by extensions ['ignore', 'ignore_ament_install']
[1.105s] Level 1:colcon.colcon_core.package_identification:_identify(install) by extension 'ignore'
[1.105s] Level 1:colcon.colcon_core.package_identification:_identify(install) ignored
[1.105s] Level 1:colcon.colcon_core.package_identification:_identify(log) by extensions ['ignore', 'ignore_ament_install']
[1.105s] Level 1:colcon.colcon_core.package_identification:_identify(log) by extension 'ignore'
[1.105s] Level 1:colcon.colcon_core.package_identification:_identify(log) ignored
[1.105s] Level 1:colcon.colcon_core.package_identification:_identify(src) by extensions ['ignore', 'ignore_ament_install']
[1.105s] Level 1:colcon.colcon_core.package_identification:_identify(src) by extension 'ignore'
[1.105s] Level 1:colcon.colcon_core.package_identification:_identify(src) by extension 'ignore_ament_install'
[1.105s] Level 1:colcon.colcon_core.package_identification:_identify(src) by extensions ['colcon_pkg']
[1.105s] Level 1:colcon.colcon_core.package_identification:_identify(src) by extension 'colcon_pkg'
[1.105s] Level 1:colcon.colcon_core.package_identification:_identify(src) by extensions ['colcon_meta']
[1.105s] Level 1:colcon.colcon_core.package_identification:_identify(src) by extension 'colcon_meta'
[1.105s] Level 1:colcon.colcon_core.package_identification:_identify(src) by extensions ['ros']
[1.105s] Level 1:colcon.colcon_core.package_identification:_identify(src) by extension 'ros'
[1.106s] Level 1:colcon.colcon_core.package_identification:_identify(src) by extensions ['cmake', 'python']
[1.106s] Level 1:colcon.colcon_core.package_identification:_identify(src) by extension 'cmake'
[1.106s] Level 1:colcon.colcon_core.package_identification:_identify(src) by extension 'python'
[1.106s] Level 1:colcon.colcon_core.package_identification:_identify(src) by extensions ['python_setup_py']
[1.106s] Level 1:colcon.colcon_core.package_identification:_identify(src) by extension 'python_setup_py'
[1.106s] Level 1:colcon.colcon_core.package_identification:_identify(src/Matlab) by extensions ['ignore', 'ignore_ament_install']
[1.106s] Level 1:colcon.colcon_core.package_identification:_identify(src/Matlab) by extension 'ignore'
[1.106s] Level 1:colcon.colcon_core.package_identification:_identify(src/Matlab) by extension 'ignore_ament_install'
[1.106s] Level 1:colcon.colcon_core.package_identification:_identify(src/Matlab) by extensions ['colcon_pkg']
[1.106s] Level 1:colcon.colcon_core.package_identification:_identify(src/Matlab) by extension 'colcon_pkg'
[1.106s] Level 1:colcon.colcon_core.package_identification:_identify(src/Matlab) by extensions ['colcon_meta']
[1.106s] Level 1:colcon.colcon_core.package_identification:_identify(src/Matlab) by extension 'colcon_meta'
[1.106s] Level 1:colcon.colcon_core.package_identification:_identify(src/Matlab) by extensions ['ros']
[1.106s] Level 1:colcon.colcon_core.package_identification:_identify(src/Matlab) by extension 'ros'
[1.106s] Level 1:colcon.colcon_core.package_identification:_identify(src/Matlab) by extensions ['cmake', 'python']
[1.106s] Level 1:colcon.colcon_core.package_identification:_identify(src/Matlab) by extension 'cmake'
[1.106s] Level 1:colcon.colcon_core.package_identification:_identify(src/Matlab) by extension 'python'
[1.106s] Level 1:colcon.colcon_core.package_identification:_identify(src/Matlab) by extensions ['python_setup_py']
[1.106s] Level 1:colcon.colcon_core.package_identification:_identify(src/Matlab) by extension 'python_setup_py'
[1.107s] Level 1:colcon.colcon_core.package_identification:_identify(src/controller) by extensions ['ignore', 'ignore_ament_install']
[1.107s] Level 1:colcon.colcon_core.package_identification:_identify(src/controller) by extension 'ignore'
[1.107s] Level 1:colcon.colcon_core.package_identification:_identify(src/controller) by extension 'ignore_ament_install'
[1.107s] Level 1:colcon.colcon_core.package_identification:_identify(src/controller) by extensions ['colcon_pkg']
[1.107s] Level 1:colcon.colcon_core.package_identification:_identify(src/controller) by extension 'colcon_pkg'
[1.107s] Level 1:colcon.colcon_core.package_identification:_identify(src/controller) by extensions ['colcon_meta']
[1.107s] Level 1:colcon.colcon_core.package_identification:_identify(src/controller) by extension 'colcon_meta'
[1.107s] Level 1:colcon.colcon_core.package_identification:_identify(src/controller) by extensions ['ros']
[1.107s] Level 1:colcon.colcon_core.package_identification:_identify(src/controller) by extension 'ros'
[1.111s] DEBUG:colcon.colcon_core.package_identification:Package 'src/controller' with type 'ros.ament_cmake' and name 'controller'
[1.112s] Level 1:colcon.colcon_core.package_identification:_identify(src/flare) by extensions ['ignore', 'ignore_ament_install']
[1.112s] Level 1:colcon.colcon_core.package_identification:_identify(src/flare) by extension 'ignore'
[1.112s] Level 1:colcon.colcon_core.package_identification:_identify(src/flare) by extension 'ignore_ament_install'
[1.112s] Level 1:colcon.colcon_core.package_identification:_identify(src/flare) by extensions ['colcon_pkg']
[1.112s] Level 1:colcon.colcon_core.package_identification:_identify(src/flare) by extension 'colcon_pkg'
[1.112s] Level 1:colcon.colcon_core.package_identification:_identify(src/flare) by extensions ['colcon_meta']
[1.112s] Level 1:colcon.colcon_core.package_identification:_identify(src/flare) by extension 'colcon_meta'
[1.112s] Level 1:colcon.colcon_core.package_identification:_identify(src/flare) by extensions ['ros']
[1.112s] Level 1:colcon.colcon_core.package_identification:_identify(src/flare) by extension 'ros'
[1.115s] DEBUG:colcon.colcon_core.package_identification:Package 'src/flare' with type 'ros.ament_cmake' and name 'flare'
[1.115s] Level 1:colcon.colcon_core.package_discovery:discover_packages(recursive) using defaults
[1.115s] Level 1:colcon.colcon_core.package_discovery:discover_packages(ignore) discover
[1.116s] Level 1:colcon.colcon_core.package_discovery:discover_packages(ignore) using defaults
[1.116s] Level 1:colcon.colcon_core.package_discovery:discover_packages(path) discover
[1.116s] Level 1:colcon.colcon_core.package_discovery:discover_packages(path) using defaults
[1.196s] INFO:colcon.colcon_core.package_selection:Skipping not selected package 'flare' in 'src/flare'
[1.224s] Level 1:colcon.colcon_core.package_discovery:discover_packages(prefix_path) check parameters
[1.224s] Level 1:colcon.colcon_core.package_discovery:discover_packages(prefix_path) discover
[1.256s] DEBUG:colcon.colcon_installed_package_information.package_discovery:Found 7 installed packages in /home/gilang/ros2_ws/install
[1.272s] DEBUG:colcon.colcon_installed_package_information.package_discovery:Found 282 installed packages in /opt/ros/humble
[1.274s] Level 1:colcon.colcon_core.package_discovery:discover_packages(prefix_path) using defaults
[1.366s] Level 5:colcon.colcon_core.verb:set package 'controller' build argument 'cmake_args' from command line to 'None'
[1.366s] Level 5:colcon.colcon_core.verb:set package 'controller' build argument 'cmake_target' from command line to 'None'
[1.366s] Level 5:colcon.colcon_core.verb:set package 'controller' build argument 'cmake_target_skip_unavailable' from command line to 'False'
[1.366s] Level 5:colcon.colcon_core.verb:set package 'controller' build argument 'cmake_clean_cache' from command line to 'False'
[1.366s] Level 5:colcon.colcon_core.verb:set package 'controller' build argument 'cmake_clean_first' from command line to 'False'
[1.366s] Level 5:colcon.colcon_core.verb:set package 'controller' build argument 'cmake_force_configure' from command line to 'False'
[1.366s] Level 5:colcon.colcon_core.verb:set package 'controller' build argument 'ament_cmake_args' from command line to 'None'
[1.366s] Level 5:colcon.colcon_core.verb:set package 'controller' build argument 'catkin_cmake_args' from command line to 'None'
[1.366s] Level 5:colcon.colcon_core.verb:set package 'controller' build argument 'catkin_skip_building_tests' from command line to 'False'
[1.366s] DEBUG:colcon.colcon_core.verb:Building package 'controller' with the following arguments: {'ament_cmake_args': None, 'build_base': '/home/gilang/MagangBanyu/build/controller', 'catkin_cmake_args': None, 'catkin_skip_building_tests': False, 'cmake_args': None, 'cmake_clean_cache': False, 'cmake_clean_first': False, 'cmake_force_configure': False, 'cmake_target': None, 'cmake_target_skip_unavailable': False, 'install_base': '/home/gilang/MagangBanyu/install/controller', 'merge_install': False, 'path': '/home/gilang/MagangBanyu/src/controller', 'symlink_install': False, 'test_result_base': None}
[1.384s] INFO:colcon.colcon_core.executor:Executing jobs using 'parallel' executor
[1.400s] DEBUG:colcon.colcon_parallel_executor.executor.parallel:run_until_complete
[1.400s] INFO:colcon.colcon_ros.task.ament_cmake.build:Building ROS package in '/home/gilang/MagangBanyu/src/controller' with build type 'ament_cmake'
[1.400s] INFO:colcon.colcon_cmake.task.cmake.build:Building CMake package in '/home/gilang/MagangBanyu/src/controller'
[1.425s] INFO:colcon.colcon_core.plugin_system:Skipping extension 'colcon_core.shell.bat': Not used on non-Windows systems
[1.426s] INFO:colcon.colcon_core.shell:Skip shell extension 'powershell' for command environment: Not usable outside of PowerShell
[1.426s] DEBUG:colcon.colcon_core.shell:Skip shell extension 'dsv' for command environment
[1.501s] DEBUG:colcon.colcon_core.event_handler.log_command:Invoking command in '/home/gilang/MagangBanyu/build/controller': CMAKE_PREFIX_PATH=${CMAKE_PREFIX_PATH}:/home/gilang/ros2_ws/install/joystick_ros2:/opt/ros/humble /usr/bin/cmake --build /home/gilang/MagangBanyu/build/controller -- -j12 -l12
[4.680s] DEBUG:colcon.colcon_core.event_handler.log_command:Invoked command in '/home/gilang/MagangBanyu/build/controller' returned '0': CMAKE_PREFIX_PATH=${CMAKE_PREFIX_PATH}:/home/gilang/ros2_ws/install/joystick_ros2:/opt/ros/humble /usr/bin/cmake --build /home/gilang/MagangBanyu/build/controller -- -j12 -l12
[4.799s] DEBUG:colcon.colcon_core.event_handler.log_command:Invoking command in '/home/gilang/MagangBanyu/build/controller': CMAKE_PREFIX_PATH=${CMAKE_PREFIX_PATH}:/home/gilang/ros2_ws/install/joystick_ros2:/opt/ros/humble /usr/bin/cmake --install /home/gilang/MagangBanyu/build/controller
[4.914s] Level 1:colcon.colcon_core.environment:create_environment_scripts_only(controller)
[4.915s] DEBUG:colcon.colcon_core.event_handler.log_command:Invoked command in '/home/gilang/MagangBanyu/build/controller' returned '0': CMAKE_PREFIX_PATH=${CMAKE_PREFIX_PATH}:/home/gilang/ros2_ws/install/joystick_ros2:/opt/ros/humble /usr/bin/cmake --install /home/gilang/MagangBanyu/build/controller
[4.942s] Level 1:colcon.colcon_core.environment:checking '/home/gilang/MagangBanyu/install/controller' for CMake module files
[4.943s] Level 1:colcon.colcon_core.environment:checking '/home/gilang/MagangBanyu/install/controller' for CMake config files
[4.944s] Level 1:colcon.colcon_core.shell:create_environment_hook('controller', 'cmake_prefix_path')
[4.963s] INFO:colcon.colcon_core.shell:Creating environment hook '/home/gilang/MagangBanyu/install/controller/share/controller/hook/cmake_prefix_path.ps1'
[4.964s] INFO:colcon.colcon_core.shell:Creating environment descriptor '/home/gilang/MagangBanyu/install/controller/share/controller/hook/cmake_prefix_path.dsv'
[4.965s] INFO:colcon.colcon_core.shell:Creating environment hook '/home/gilang/MagangBanyu/install/controller/share/controller/hook/cmake_prefix_path.sh'
[4.966s] Level 1:colcon.colcon_core.environment:checking '/home/gilang/MagangBanyu/install/controller/lib'
[4.966s] Level 1:colcon.colcon_core.shell:create_environment_hook('controller', 'ld_library_path_lib')
[4.984s] INFO:colcon.colcon_core.shell:Creating environment hook '/home/gilang/MagangBanyu/install/controller/share/controller/hook/ld_library_path_lib.ps1'
[4.985s] INFO:colcon.colcon_core.shell:Creating environment descriptor '/home/gilang/MagangBanyu/install/controller/share/controller/hook/ld_library_path_lib.dsv'
[4.986s] INFO:colcon.colcon_core.shell:Creating environment hook '/home/gilang/MagangBanyu/install/controller/share/controller/hook/ld_library_path_lib.sh'
[4.986s] Level 1:colcon.colcon_core.environment:checking '/home/gilang/MagangBanyu/install/controller/bin'
[4.986s] Level 1:colcon.colcon_core.environment:checking '/home/gilang/MagangBanyu/install/controller/lib/pkgconfig/controller.pc'
[4.987s] Level 1:colcon.colcon_core.environment:checking '/home/gilang/MagangBanyu/install/controller/lib/python3.10/site-packages'
[4.987s] Level 1:colcon.colcon_core.environment:checking '/home/gilang/MagangBanyu/install/controller/bin'
[5.003s] INFO:colcon.colcon_core.shell:Creating package script '/home/gilang/MagangBanyu/install/controller/share/controller/package.ps1'
[5.004s] INFO:colcon.colcon_core.shell:Creating package descriptor '/home/gilang/MagangBanyu/install/controller/share/controller/package.dsv'
[5.005s] INFO:colcon.colcon_core.shell:Creating package script '/home/gilang/MagangBanyu/install/controller/share/controller/package.sh'
[5.006s] INFO:colcon.colcon_core.shell:Creating package script '/home/gilang/MagangBanyu/install/controller/share/controller/package.bash'
[5.007s] INFO:colcon.colcon_core.shell:Creating package script '/home/gilang/MagangBanyu/install/controller/share/controller/package.zsh'
[5.007s] Level 1:colcon.colcon_core.environment:create_file_with_runtime_dependencies(/home/gilang/MagangBanyu/install/controller/share/colcon-core/packages/controller)
[5.134s] Level 1:colcon.colcon_core.environment:create_environment_scripts_only(controller)
[5.161s] Level 1:colcon.colcon_core.environment:checking '/home/gilang/MagangBanyu/install/controller' for CMake module files
[5.163s] Level 1:colcon.colcon_core.environment:checking '/home/gilang/MagangBanyu/install/controller' for CMake config files
[5.164s] Level 1:colcon.colcon_core.shell:create_environment_hook('controller', 'cmake_prefix_path')
[5.196s] INFO:colcon.colcon_core.shell:Creating environment hook '/home/gilang/MagangBanyu/install/controller/share/controller/hook/cmake_prefix_path.ps1'
[5.197s] INFO:colcon.colcon_core.shell:Creating environment descriptor '/home/gilang/MagangBanyu/install/controller/share/controller/hook/cmake_prefix_path.dsv'
[5.198s] INFO:colcon.colcon_core.shell:Creating environment hook '/home/gilang/MagangBanyu/install/controller/share/controller/hook/cmake_prefix_path.sh'
[5.199s] Level 1:colcon.colcon_core.environment:checking '/home/gilang/MagangBanyu/install/controller/lib'
[5.199s] Level 1:colcon.colcon_core.shell:create_environment_hook('controller', 'ld_library_path_lib')
[5.218s] INFO:colcon.colcon_core.shell:Creating environment hook '/home/gilang/MagangBanyu/install/controller/share/controller/hook/ld_library_path_lib.ps1'
[5.219s] INFO:colcon.colcon_core.shell:Creating environment descriptor '/home/gilang/MagangBanyu/install/controller/share/controller/hook/ld_library_path_lib.dsv'
[5.219s] INFO:colcon.colcon_core.shell:Creating environment hook '/home/gilang/MagangBanyu/install/controller/share/controller/hook/ld_library_path_lib.sh'
[5.219s] Level 1:colcon.colcon_core.environment:checking '/home/gilang/MagangBanyu/install/controller/bin'
[5.220s] Level 1:colcon.colcon_core.environment:checking '/home/gilang/MagangBanyu/install/controller/lib/pkgconfig/controller.pc'
[5.220s] Level 1:colcon.colcon_core.environment:checking '/home/gilang/MagangBanyu/install/controller/lib/python3.10/site-packages'
[5.220s] Level 1:colcon.colcon_core.environment:checking '/home/gilang/MagangBanyu/install/controller/bin'
[5.238s] INFO:colcon.colcon_core.shell:Creating package script '/home/gilang/MagangBanyu/install/controller/share/controller/package.ps1'
[5.239s] INFO:colcon.colcon_core.shell:Creating package descriptor '/home/gilang/MagangBanyu/install/controller/share/controller/package.dsv'
[5.239s] INFO:colcon.colcon_core.shell:Creating package script '/home/gilang/MagangBanyu/install/controller/share/controller/package.sh'
[5.240s] INFO:colcon.colcon_core.shell:Creating package script '/home/gilang/MagangBanyu/install/controller/share/controller/package.bash'
[5.240s] INFO:colcon.colcon_core.shell:Creating package script '/home/gilang/MagangBanyu/install/controller/share/controller/package.zsh'
[5.240s] Level 1:colcon.colcon_core.environment:create_file_with_runtime_dependencies(/home/gilang/MagangBanyu/install/controller/share/colcon-core/packages/controller)
[5.241s] DEBUG:colcon.colcon_parallel_executor.executor.parallel:closing loop
[5.241s] DEBUG:colcon.colcon_parallel_executor.executor.parallel:loop closed
[5.241s] DEBUG:colcon.colcon_parallel_executor.executor.parallel:run_until_complete finished with '0'
[5.241s] DEBUG:colcon.colcon_core.event_reactor:joining thread
[5.266s] INFO:colcon.colcon_core.plugin_system:Skipping extension 'colcon_notification.desktop_notification.terminal_notifier': Not used on non-Darwin systems
[5.267s] INFO:colcon.colcon_core.plugin_system:Skipping extension 'colcon_notification.desktop_notification.win32': Not used on non-Windows systems
[5.267s] INFO:colcon.colcon_notification.desktop_notification:Sending desktop notification using 'notify2'
[5.283s] DEBUG:colcon.colcon_core.event_reactor:joined thread
[5.309s] INFO:colcon.colcon_core.shell:Creating prefix script '/home/gilang/MagangBanyu/install/local_setup.ps1'
[5.311s] INFO:colcon.colcon_core.shell:Creating prefix util module '/home/gilang/MagangBanyu/install/_local_setup_util_ps1.py'
[5.314s] INFO:colcon.colcon_core.shell:Creating prefix chain script '/home/gilang/MagangBanyu/install/setup.ps1'
[5.343s] INFO:colcon.colcon_core.shell:Creating prefix script '/home/gilang/MagangBanyu/install/local_setup.sh'
[5.344s] INFO:colcon.colcon_core.shell:Creating prefix util module '/home/gilang/MagangBanyu/install/_local_setup_util_sh.py'
[5.346s] INFO:colcon.colcon_core.shell:Creating prefix chain script '/home/gilang/MagangBanyu/install/setup.sh'
[5.373s] INFO:colcon.colcon_core.shell:Creating prefix script '/home/gilang/MagangBanyu/install/local_setup.bash'
[5.374s] INFO:colcon.colcon_core.shell:Creating prefix chain script '/home/gilang/MagangBanyu/install/setup.bash'
[5.396s] INFO:colcon.colcon_core.shell:Creating prefix script '/home/gilang/MagangBanyu/install/local_setup.zsh'
[5.397s] INFO:colcon.colcon_core.shell:Creating prefix chain script '/home/gilang/MagangBanyu/install/setup.zsh'
