[0.169s] Invoking command in '/home/gilang/MagangBanyu/build/flare': CMAKE_PREFIX_PATH=${CMAKE_PREFIX_PATH}:/home/gilang/ros2_ws/install/joystick_ros2:/opt/ros/humble /usr/bin/cmake /home/gilang/MagangBanyu/src/flare -DCMAKE_INSTALL_PREFIX=/home/gilang/MagangBanyu/install/flare
[0.202s] -- Found ament_cmake: 1.3.8 (/opt/ros/humble/share/ament_cmake/cmake)
[0.615s] -- Override CMake install command with custom implementation using symlinks instead of copying resources
[0.637s] -- Found rclcpp: 16.0.8 (/opt/ros/humble/share/rclcpp/cmake)
[0.740s] -- Found rosidl_generator_c: 3.1.5 (/opt/ros/humble/share/rosidl_generator_c/cmake)
[0.749s] -- Found rosidl_adapter: 3.1.5 (/opt/ros/humble/share/rosidl_adapter/cmake)
[0.778s] -- Found rosidl_generator_cpp: 3.1.5 (/opt/ros/humble/share/rosidl_generator_cpp/cmake)
[0.825s] -- Using all available rosidl_typesupport_c: rosidl_typesupport_fastrtps_c;rosidl_typesupport_introspection_c
[0.881s] -- Using all available rosidl_typesupport_cpp: rosidl_typesupport_fastrtps_cpp;rosidl_typesupport_introspection_cpp
[1.018s] -- Found rmw_implementation_cmake: 6.1.1 (/opt/ros/humble/share/rmw_implementation_cmake/cmake)
[1.020s] -- Found rmw_fastrtps_cpp: 6.2.6 (/opt/ros/humble/share/rmw_fastrtps_cpp/cmake)
[1.246s] -- Using RMW implementation 'rmw_fastrtps_cpp' as default
[1.538s] -- Found rosidl_default_generators: 1.2.0 (/opt/ros/humble/share/rosidl_default_generators/cmake)
[2.061s] -- Found ament_cmake_ros: 0.10.0 (/opt/ros/humble/share/ament_cmake_ros/cmake)
[2.856s] -- Using all available rosidl_typesupport_c: rosidl_typesupport_fastrtps_c;rosidl_typesupport_introspection_c
[3.155s] -- Using all available rosidl_typesupport_cpp: rosidl_typesupport_fastrtps_cpp;rosidl_typesupport_introspection_cpp
[3.201s] -- Found python_cmake_module: 0.10.0 (/opt/ros/humble/share/python_cmake_module/cmake)
[3.245s] -- Using PYTHON_EXECUTABLE: /usr/bin/python3
[3.246s] -- Using PYTHON_INCLUDE_DIRS: /usr/include/python3.10
[3.246s] -- Using PYTHON_LIBRARIES: /usr/lib/x86_64-linux-gnu/libpython3.10.so
[3.302s] -- Found ament_lint_auto: 0.12.10 (/opt/ros/humble/share/ament_lint_auto/cmake)
[3.319s] -- Added test 'cppcheck' to perform static code analysis on C / C++ code
[3.320s] -- Configured cppcheck include dirs: 
[3.320s] -- Configured cppcheck exclude dirs and/or files: 
[3.321s] -- Added test 'lint_cmake' to check CMake code style
[3.323s] -- Added test 'uncrustify' to check C / C++ code style
[3.323s] -- Configured uncrustify additional arguments: 
[3.324s] -- Added test 'xmllint' to check XML markup files
[3.327s] -- Configuring done
[3.387s] -- Generating done
[3.393s] -- Build files have been written to: /home/gilang/MagangBanyu/build/flare
[3.411s] Invoked command in '/home/gilang/MagangBanyu/build/flare' returned '0': CMAKE_PREFIX_PATH=${CMAKE_PREFIX_PATH}:/home/gilang/ros2_ws/install/joystick_ros2:/opt/ros/humble /usr/bin/cmake /home/gilang/MagangBanyu/src/flare -DCMAKE_INSTALL_PREFIX=/home/gilang/MagangBanyu/install/flare
[3.413s] Invoking command in '/home/gilang/MagangBanyu/build/flare': CMAKE_PREFIX_PATH=${CMAKE_PREFIX_PATH}:/home/gilang/ros2_ws/install/joystick_ros2:/opt/ros/humble /usr/bin/cmake --build /home/gilang/MagangBanyu/build/flare -- -j12 -l12
[3.489s] [35m[1mConsolidate compiler generated dependencies of target flare__rosidl_generator_c[0m
[3.504s] [  3%] Built target flare__cpp
[3.516s] [ 12%] Built target flare__rosidl_generator_c
[3.525s] [ 12%] Built target ament_cmake_python_symlink_flare
[3.527s] [35m[1mConsolidate compiler generated dependencies of target flare__rosidl_typesupport_fastrtps_cpp[0m
[3.529s] [35m[1mConsolidate compiler generated dependencies of target flare__rosidl_typesupport_cpp[0m
[3.531s] [35m[1mConsolidate compiler generated dependencies of target flare__rosidl_typesupport_introspection_cpp[0m
[3.541s] [35m[1mConsolidate compiler generated dependencies of target flare__rosidl_typesupport_introspection_c[0m
[3.542s] [35m[1mConsolidate compiler generated dependencies of target flare__rosidl_typesupport_c[0m
[3.542s] [35m[1mConsolidate compiler generated dependencies of target flare__rosidl_typesupport_fastrtps_c[0m
[3.563s] [ 21%] Built target flare__rosidl_typesupport_fastrtps_cpp
[3.564s] [ 30%] Built target flare__rosidl_typesupport_cpp
[3.570s] [ 48%] Built target flare__rosidl_typesupport_introspection_c
[3.570s] [ 48%] Built target flare__rosidl_typesupport_introspection_cpp
[3.572s] [ 57%] Built target flare__rosidl_typesupport_c
[3.580s] [ 66%] Built target flare__rosidl_typesupport_fastrtps_c
[3.589s] [35m[1mConsolidate compiler generated dependencies of target detect[0m
[3.626s] [ 66%] Built target flare
[3.629s] [ 72%] Built target detect
[3.681s] [ 75%] Built target flare__py
[3.706s] [35m[1mConsolidate compiler generated dependencies of target flare__rosidl_generator_py[0m
[3.733s] [ 81%] Built target flare__rosidl_generator_py
[3.758s] [35m[1mConsolidate compiler generated dependencies of target flare__rosidl_typesupport_c__pyext[0m
[3.761s] [35m[1mConsolidate compiler generated dependencies of target flare__rosidl_typesupport_fastrtps_c__pyext[0m
[3.761s] [35m[1mConsolidate compiler generated dependencies of target flare__rosidl_typesupport_introspection_c__pyext[0m
[3.787s] [ 87%] Built target flare__rosidl_typesupport_fastrtps_c__pyext
[3.789s] [ 93%] Built target flare__rosidl_typesupport_introspection_c__pyext
[3.789s] [100%] Built target flare__rosidl_typesupport_c__pyext
[3.984s] running egg_info
[4.009s] writing flare.egg-info/PKG-INFO
[4.010s] writing dependency_links to flare.egg-info/dependency_links.txt
[4.010s] writing top-level names to flare.egg-info/top_level.txt
[4.082s] reading manifest file 'flare.egg-info/SOURCES.txt'
[4.083s] writing manifest file 'flare.egg-info/SOURCES.txt'
[4.132s] [100%] Built target ament_cmake_python_build_flare_egg
[4.153s] Invoked command in '/home/gilang/MagangBanyu/build/flare' returned '0': CMAKE_PREFIX_PATH=${CMAKE_PREFIX_PATH}:/home/gilang/ros2_ws/install/joystick_ros2:/opt/ros/humble /usr/bin/cmake --build /home/gilang/MagangBanyu/build/flare -- -j12 -l12
[4.297s] Invoking command in '/home/gilang/MagangBanyu/build/flare': CMAKE_PREFIX_PATH=${CMAKE_PREFIX_PATH}:/home/gilang/ros2_ws/install/joystick_ros2:/opt/ros/humble /usr/bin/cmake --install /home/gilang/MagangBanyu/build/flare
[4.310s] -- Install configuration: ""
[4.311s] -- Execute custom install script
[4.311s] -- Up-to-date symlink: /home/gilang/MagangBanyu/install/flare/share/ament_index/resource_index/rosidl_interfaces/flare
[4.312s] -- Up-to-date symlink: /home/gilang/MagangBanyu/install/flare/include/flare/flare/msg/color.h
[4.312s] -- Up-to-date symlink: /home/gilang/MagangBanyu/install/flare/include/flare/flare/msg/detail/color__functions.h
[4.313s] -- Up-to-date symlink: /home/gilang/MagangBanyu/install/flare/include/flare/flare/msg/detail/color__struct.h
[4.313s] -- Up-to-date symlink: /home/gilang/MagangBanyu/install/flare/include/flare/flare/msg/detail/color__type_support.h
[4.313s] -- Up-to-date symlink: /home/gilang/MagangBanyu/install/flare/include/flare/flare/msg/rosidl_generator_c__visibility_control.h
[4.314s] -- Up-to-date symlink: /home/gilang/MagangBanyu/install/flare/share/flare/environment/library_path.sh
[4.314s] -- Up-to-date symlink: /home/gilang/MagangBanyu/install/flare/share/flare/environment/library_path.dsv
[4.314s] -- Up-to-date symlink: /home/gilang/MagangBanyu/install/flare/include/flare/flare/msg/detail/color__rosidl_typesupport_fastrtps_c.h
[4.314s] -- Up-to-date symlink: /home/gilang/MagangBanyu/install/flare/include/flare/flare/msg/rosidl_typesupport_fastrtps_c__visibility_control.h
[4.315s] -- Up-to-date symlink: /home/gilang/MagangBanyu/install/flare/include/flare/flare/msg/color.hpp
[4.315s] -- Up-to-date symlink: /home/gilang/MagangBanyu/install/flare/include/flare/flare/msg/detail/color__builder.hpp
[4.315s] -- Up-to-date symlink: /home/gilang/MagangBanyu/install/flare/include/flare/flare/msg/detail/color__struct.hpp
[4.316s] -- Up-to-date symlink: /home/gilang/MagangBanyu/install/flare/include/flare/flare/msg/detail/color__traits.hpp
[4.316s] -- Up-to-date symlink: /home/gilang/MagangBanyu/install/flare/include/flare/flare/msg/detail/color__rosidl_typesupport_fastrtps_cpp.hpp
[4.316s] -- Up-to-date symlink: /home/gilang/MagangBanyu/install/flare/include/flare/flare/msg/rosidl_typesupport_fastrtps_cpp__visibility_control.h
[4.316s] -- Up-to-date symlink: /home/gilang/MagangBanyu/install/flare/include/flare/flare/msg/detail/color__rosidl_typesupport_introspection_c.h
[4.317s] -- Up-to-date symlink: /home/gilang/MagangBanyu/install/flare/include/flare/flare/msg/rosidl_typesupport_introspection_c__visibility_control.h
[4.317s] -- Up-to-date symlink: /home/gilang/MagangBanyu/install/flare/include/flare/flare/msg/detail/color__rosidl_typesupport_introspection_cpp.hpp
[4.317s] -- Up-to-date symlink: /home/gilang/MagangBanyu/install/flare/share/flare/environment/pythonpath.sh
[4.318s] -- Up-to-date symlink: /home/gilang/MagangBanyu/install/flare/share/flare/environment/pythonpath.dsv
[4.318s] -- Up-to-date symlink: /home/gilang/MagangBanyu/install/flare/local/lib/python3.10/dist-packages/flare-0.0.0-py3.10.egg-info/PKG-INFO
[4.318s] -- Up-to-date symlink: /home/gilang/MagangBanyu/install/flare/local/lib/python3.10/dist-packages/flare-0.0.0-py3.10.egg-info/SOURCES.txt
[4.318s] -- Up-to-date symlink: /home/gilang/MagangBanyu/install/flare/local/lib/python3.10/dist-packages/flare-0.0.0-py3.10.egg-info/dependency_links.txt
[4.318s] -- Up-to-date symlink: /home/gilang/MagangBanyu/install/flare/local/lib/python3.10/dist-packages/flare-0.0.0-py3.10.egg-info/top_level.txt
[4.319s] -- Up-to-date symlink: /home/gilang/MagangBanyu/install/flare/local/lib/python3.10/dist-packages/flare/__init__.py
[4.319s] -- Up-to-date symlink: /home/gilang/MagangBanyu/install/flare/local/lib/python3.10/dist-packages/flare/_flare_s.ep.rosidl_typesupport_c.c
[4.319s] -- Up-to-date symlink: /home/gilang/MagangBanyu/install/flare/local/lib/python3.10/dist-packages/flare/_flare_s.ep.rosidl_typesupport_fastrtps_c.c
[4.320s] -- Up-to-date symlink: /home/gilang/MagangBanyu/install/flare/local/lib/python3.10/dist-packages/flare/_flare_s.ep.rosidl_typesupport_introspection_c.c
[4.320s] -- Up-to-date symlink: /home/gilang/MagangBanyu/install/flare/local/lib/python3.10/dist-packages/flare/flare_s__rosidl_typesupport_c.cpython-310-x86_64-linux-gnu.so
[4.320s] -- Up-to-date symlink: /home/gilang/MagangBanyu/install/flare/local/lib/python3.10/dist-packages/flare/flare_s__rosidl_typesupport_fastrtps_c.cpython-310-x86_64-linux-gnu.so
[4.320s] -- Up-to-date symlink: /home/gilang/MagangBanyu/install/flare/local/lib/python3.10/dist-packages/flare/flare_s__rosidl_typesupport_introspection_c.cpython-310-x86_64-linux-gnu.so
[4.320s] -- Up-to-date symlink: /home/gilang/MagangBanyu/install/flare/local/lib/python3.10/dist-packages/flare/libflare__rosidl_generator_py.so
[4.320s] -- Up-to-date symlink: /home/gilang/MagangBanyu/install/flare/local/lib/python3.10/dist-packages/flare/msg/__init__.py
[4.321s] -- Up-to-date symlink: /home/gilang/MagangBanyu/install/flare/local/lib/python3.10/dist-packages/flare/msg/_color.py
[4.321s] -- Up-to-date symlink: /home/gilang/MagangBanyu/install/flare/local/lib/python3.10/dist-packages/flare/msg/_color_s.c
[4.321s] -- Up-to-date symlink: /home/gilang/MagangBanyu/install/flare/local/lib/python3.10/dist-packages/flare/flare_s__rosidl_typesupport_fastrtps_c.cpython-310-x86_64-linux-gnu.so
[4.321s] -- Up-to-date symlink: /home/gilang/MagangBanyu/install/flare/local/lib/python3.10/dist-packages/flare/flare_s__rosidl_typesupport_introspection_c.cpython-310-x86_64-linux-gnu.so
[4.321s] -- Up-to-date symlink: /home/gilang/MagangBanyu/install/flare/local/lib/python3.10/dist-packages/flare/flare_s__rosidl_typesupport_c.cpython-310-x86_64-linux-gnu.so
[4.322s] -- Up-to-date symlink: /home/gilang/MagangBanyu/install/flare/share/flare/msg/Color.idl
[4.322s] -- Up-to-date symlink: /home/gilang/MagangBanyu/install/flare/share/flare/msg/Color.msg
[4.322s] -- Up-to-date symlink: /home/gilang/MagangBanyu/install/flare/lib/flare/detect
[4.323s] -- Up-to-date symlink: /home/gilang/MagangBanyu/install/flare/share/ament_index/resource_index/package_run_dependencies/flare
[4.323s] -- Up-to-date symlink: /home/gilang/MagangBanyu/install/flare/share/ament_index/resource_index/parent_prefix_path/flare
[4.323s] -- Up-to-date symlink: /home/gilang/MagangBanyu/install/flare/share/flare/environment/ament_prefix_path.sh
[4.323s] -- Up-to-date symlink: /home/gilang/MagangBanyu/install/flare/share/flare/environment/ament_prefix_path.dsv
[4.323s] -- Up-to-date symlink: /home/gilang/MagangBanyu/install/flare/share/flare/environment/path.sh
[4.324s] -- Up-to-date symlink: /home/gilang/MagangBanyu/install/flare/share/flare/environment/path.dsv
[4.324s] -- Up-to-date symlink: /home/gilang/MagangBanyu/install/flare/share/flare/local_setup.bash
[4.324s] -- Up-to-date symlink: /home/gilang/MagangBanyu/install/flare/share/flare/local_setup.sh
[4.324s] -- Up-to-date symlink: /home/gilang/MagangBanyu/install/flare/share/flare/local_setup.zsh
[4.324s] -- Up-to-date symlink: /home/gilang/MagangBanyu/install/flare/share/flare/local_setup.dsv
[4.325s] -- Symlinking: /home/gilang/MagangBanyu/install/flare/share/flare/package.dsv
[4.340s] -- Up-to-date symlink: /home/gilang/MagangBanyu/install/flare/share/ament_index/resource_index/packages/flare
[4.340s] -- Up-to-date symlink: /home/gilang/MagangBanyu/install/flare/share/flare/cmake/rosidl_cmake-extras.cmake
[4.340s] -- Up-to-date symlink: /home/gilang/MagangBanyu/install/flare/share/flare/cmake/ament_cmake_export_dependencies-extras.cmake
[4.341s] -- Up-to-date symlink: /home/gilang/MagangBanyu/install/flare/share/flare/cmake/ament_cmake_export_include_directories-extras.cmake
[4.341s] -- Up-to-date symlink: /home/gilang/MagangBanyu/install/flare/share/flare/cmake/ament_cmake_export_libraries-extras.cmake
[4.341s] -- Up-to-date symlink: /home/gilang/MagangBanyu/install/flare/share/flare/cmake/ament_cmake_export_targets-extras.cmake
[4.342s] -- Up-to-date symlink: /home/gilang/MagangBanyu/install/flare/share/flare/cmake/rosidl_cmake_export_typesupport_targets-extras.cmake
[4.342s] -- Up-to-date symlink: /home/gilang/MagangBanyu/install/flare/share/flare/cmake/rosidl_cmake_export_typesupport_libraries-extras.cmake
[4.342s] -- Up-to-date symlink: /home/gilang/MagangBanyu/install/flare/share/flare/cmake/flareConfig.cmake
[4.342s] -- Up-to-date symlink: /home/gilang/MagangBanyu/install/flare/share/flare/cmake/flareConfig-version.cmake
[4.343s] -- Up-to-date symlink: /home/gilang/MagangBanyu/install/flare/share/flare/package.xml
[4.343s] -- Up-to-date: /home/gilang/MagangBanyu/install/flare/lib/libflare__rosidl_generator_c.so
[4.343s] -- Up-to-date: /home/gilang/MagangBanyu/install/flare/lib/libflare__rosidl_typesupport_fastrtps_c.so
[4.343s] -- Up-to-date: /home/gilang/MagangBanyu/install/flare/lib/libflare__rosidl_typesupport_fastrtps_cpp.so
[4.343s] -- Up-to-date: /home/gilang/MagangBanyu/install/flare/lib/libflare__rosidl_typesupport_introspection_c.so
[4.344s] -- Up-to-date: /home/gilang/MagangBanyu/install/flare/lib/libflare__rosidl_typesupport_c.so
[4.344s] -- Up-to-date: /home/gilang/MagangBanyu/install/flare/lib/libflare__rosidl_typesupport_introspection_cpp.so
[4.344s] -- Up-to-date: /home/gilang/MagangBanyu/install/flare/lib/libflare__rosidl_typesupport_cpp.so
[4.410s] Listing '/home/gilang/MagangBanyu/install/flare/local/lib/python3.10/dist-packages/flare'...
[4.410s] Compiling '/home/gilang/MagangBanyu/install/flare/local/lib/python3.10/dist-packages/flare/__init__.py'...
[4.411s] Listing '/home/gilang/MagangBanyu/install/flare/local/lib/python3.10/dist-packages/flare/msg'...
[4.419s] -- Up-to-date: /home/gilang/MagangBanyu/install/flare/lib/libflare__rosidl_generator_py.so
[4.420s] -- Up-to-date: /home/gilang/MagangBanyu/install/flare/share/flare/cmake/export_flare__rosidl_generator_cExport.cmake
[4.420s] -- Up-to-date: /home/gilang/MagangBanyu/install/flare/share/flare/cmake/export_flare__rosidl_generator_cExport-noconfig.cmake
[4.420s] -- Up-to-date: /home/gilang/MagangBanyu/install/flare/share/flare/cmake/export_flare__rosidl_typesupport_fastrtps_cExport.cmake
[4.420s] -- Up-to-date: /home/gilang/MagangBanyu/install/flare/share/flare/cmake/export_flare__rosidl_typesupport_fastrtps_cExport-noconfig.cmake
[4.421s] -- Up-to-date: /home/gilang/MagangBanyu/install/flare/share/flare/cmake/export_flare__rosidl_generator_cppExport.cmake
[4.421s] -- Up-to-date: /home/gilang/MagangBanyu/install/flare/share/flare/cmake/export_flare__rosidl_typesupport_fastrtps_cppExport.cmake
[4.421s] -- Up-to-date: /home/gilang/MagangBanyu/install/flare/share/flare/cmake/export_flare__rosidl_typesupport_fastrtps_cppExport-noconfig.cmake
[4.421s] -- Up-to-date: /home/gilang/MagangBanyu/install/flare/share/flare/cmake/flare__rosidl_typesupport_introspection_cExport.cmake
[4.421s] -- Up-to-date: /home/gilang/MagangBanyu/install/flare/share/flare/cmake/flare__rosidl_typesupport_introspection_cExport-noconfig.cmake
[4.421s] -- Up-to-date: /home/gilang/MagangBanyu/install/flare/share/flare/cmake/flare__rosidl_typesupport_cExport.cmake
[4.422s] -- Up-to-date: /home/gilang/MagangBanyu/install/flare/share/flare/cmake/flare__rosidl_typesupport_cExport-noconfig.cmake
[4.422s] -- Up-to-date: /home/gilang/MagangBanyu/install/flare/share/flare/cmake/flare__rosidl_typesupport_introspection_cppExport.cmake
[4.422s] -- Up-to-date: /home/gilang/MagangBanyu/install/flare/share/flare/cmake/flare__rosidl_typesupport_introspection_cppExport-noconfig.cmake
[4.422s] -- Up-to-date: /home/gilang/MagangBanyu/install/flare/share/flare/cmake/flare__rosidl_typesupport_cppExport.cmake
[4.422s] -- Up-to-date: /home/gilang/MagangBanyu/install/flare/share/flare/cmake/flare__rosidl_typesupport_cppExport-noconfig.cmake
[4.422s] -- Up-to-date: /home/gilang/MagangBanyu/install/flare/share/flare/cmake/export_flare__rosidl_generator_pyExport.cmake
[4.422s] -- Up-to-date: /home/gilang/MagangBanyu/install/flare/share/flare/cmake/export_flare__rosidl_generator_pyExport-noconfig.cmake
[4.425s] Invoked command in '/home/gilang/MagangBanyu/build/flare' returned '0': CMAKE_PREFIX_PATH=${CMAKE_PREFIX_PATH}:/home/gilang/ros2_ws/install/joystick_ros2:/opt/ros/humble /usr/bin/cmake --install /home/gilang/MagangBanyu/build/flare
